-1 -1 44
-1 44 13
-1 4 0
-1 0 44
44 -1 3
3 -1 44
-1 -1 -1
-1 -1 -1
3 -1 44
-1 -1 -1
-1 3 0
-1 -1 15
0 -1 44
-1 -1 -1
0 -1 0
0 -1 44
44 -1 -1
-1 4 0
4 -1 4
-1 4 3
4 -1 4
-1 4 5
4 -1 4
-1 4 12
4 -1 4
-1 4 13
4 -1 4
-1 4 14
4 -1 4
-1 4 15
4 -1 4
-1 4 44
4 -1 4
44 -1 -1
15 0 15
-1 -1 -1
12 -1 12
5 -1 5
12 -1 44
-1 -1 -1
-1 4 45
45 15 44
44 4 -1
-1 -1 -1
-1 4 0
4 -1 4
-1 4 3
4 -1 4
-1 4 5
4 -1 4
-1 4 12
4 -1 4
-1 4 13
4 -1 4
-1 4 14
4 -1 4
-1 4 15
4 -1 4
-1 4 44
4 -1 4
44 -1 -1
15 0 15
-1 -1 -1
12 -1 12
5 -1 5
12 -1 44
-1 -1 -1
-1 4 45
45 15 44
44 4 -1
-1 -1 -1
-1 4 0
4 -1 4
-1 4 3
4 -1 4
-1 4 5
4 -1 4
-1 4 12
4 -1 4
-1 4 13
4 -1 4
-1 4 14
4 -1 4
-1 4 15
4 -1 4
-1 4 44
4 -1 4
44 -1 -1
0 0 0
0 5 -1
-1 5 7
-1 -1 44
4 -1 4
44 4 -1
-1 -1 -1
12 4 -1
4 -1 4
5 4 -1
4 -1 4
-1 -1 5
3 4 -1
4 -1 4
-1 -1 3
4 -1 4
-1 4 12
7 4 -1
12 -1 7
-1 -1 44
4 -1 4
44 4 -1
-1 -1 -1
7 -1 0
-1 7 -1
-1 7 -1
-1 4 44
4 -1 4
44 -1 -1
-1 4 7
12 -1 2
-1 -1 6
-1 -1 44
4 -1 4
44 4 -1
-1 -1 -1
15 4 -1
4 -1 4
6 -1 15
2 -1 6
14 4 -1
4 -1 4
2 -1 14
13 4 -1
4 -1 4
12 4 -1
4 -1 4
5 4 -1
4 -1 4
3 4 -1
4 -1 4
4 -1 4
7 4 -1
-1 -1 44
4 -1 4
44 4 -1
15 -1 -1
4 -1 4
-1 7 0
6 -1 2
0 0 44
-1 -1 -1
-1 0 45
45 -1 44
-1 -1 -1
-1 -1 0
4 -1 4
-1 4 44
4 -1 4
44 -1 -1
0 4 -1
0 -1 0
-1 -1 -1
-1 4 11
11 11 44
-1 -1 -1
-1 4 2
-1 2 0
0 0 44
-1 -1 -1
-1 0 44
44 -1 0
0 -1 1
-1 0 44
44 -1 0
1 4 -1
0 0 44
-1 -1 -1
0 -1 0
-1 4 -1
0 -1 0
0 4 -1
-1 4 3
-1 4 1
-1 4 2
1 3 44
44 -1 0
0 -1 44
-1 -1 -1
0 -1 44
-1 -1 -1
2 -1 0
14 -1 6
0 -1 3
-1 4 0
-1 0 44
3 44 3
-1 3 2
2 4 -1
2 -1 7
-1 -1 44
4 -1 4
44 4 -1
15 -1 -1
4 -1 4
-1 7 0
6 -1 2
0 0 44
-1 -1 -1
-1 0 45
45 -1 44
-1 -1 -1
-1 -1 0
4 -1 4
-1 4 44
4 -1 4
44 -1 -1
0 -1 44
-1 -1 -1
0 0 44
-1 -1 -1
-1 3 0
0 0 44
-1 -1 -1
-1 -1 -1
-1 0 44
44 -1 0
0 -1 1
-1 0 44
44 -1 0
1 4 -1
0 0 44
-1 -1 -1
0 -1 0
-1 4 -1
0 -1 0
0 4 -1
-1 4 3
-1 4 1
-1 4 2
1 3 44
44 -1 0
0 -1 44
-1 -1 -1
0 -1 44
-1 -1 -1
2 -1 0
14 -1 6
0 -1 3
-1 4 0
-1 0 44
3 44 3
-1 3 12
12 -1 7
-1 -1 44
4 -1 4
44 4 -1
15 -1 -1
4 -1 4
-1 7 0
6 -1 2
0 0 44
-1 -1 -1
-1 0 45
45 -1 44
-1 -1 -1
-1 0 6
2 -1 7
-1 -1 44
4 -1 4
44 4 -1
-1 -1 -1
12 4 -1
4 -1 4
6 -1 12
12 -1 12
5 4 -1
4 -1 4
7 -1 5
3 4 -1
4 -1 4
-1 7 7
6 -1 3
7 7 44
-1 -1 -1
-1 -1 44
-1 44 6
6 6 44
-1 -1 -1
-1 6 0
-1 -1 44
0 44 -1
3 -1 2
3 -1 3
-1 -1 0
2 -1 2
3 -1 1
-1 6 -1
-1 6 -1
2 -1 2
0 1 0
-1 5 45
45 -1 44
12 6 -1
2 6 44
0 44 -1
-1 -1 -1
-1 6 -1
-1 6 -1
6 5 -1
-1 -1 -1
6 5 -1
12 5 -1
-1 4 3
4 -1 4
-1 4 5
4 -1 4
-1 4 12
4 -1 4
-1 4 44
4 -1 4
44 -1 -1
-1 -1 0
4 -1 4
-1 4 44
4 -1 4
44 -1 -1
0 -1 44
-1 -1 -1
0 0 44
-1 -1 -1
-1 3 0
0 0 44
-1 -1 -1
-1 0 44
44 -1 0
0 -1 2
-1 0 44
44 -1 0
2 4 -1
0 0 44
-1 -1 -1
0 -1 0
-1 -1 13
0 -1 0
0 4 -1
-1 4 1
13 -1 2
1 13 44
44 -1 0
0 -1 44
-1 -1 -1
0 -1 44
-1 -1 -1
0 -1 44
-1 -1 -1
13 -1 13
-1 4 45
45 13 44
-1 -1 -1
-1 -1 -1
-1 4 1
13 -1 2
1 13 44
44 -1 0
0 -1 44
-1 -1 -1
0 -1 44
-1 -1 -1
0 -1 44
-1 -1 -1
13 -1 13
-1 4 45
45 13 44
-1 -1 -1
-1 -1 -1
-1 -1 -1
-1 4 45
45 -1 44
44 4 -1
-1 4 0
-1 4 45
45 0 44
-1 -1 -1
-1 4 3
-1 4 1
-1 4 2
1 3 44
44 -1 0
0 -1 44
-1 -1 -1
0 -1 44
-1 -1 -1
2 -1 0
14 -1 6
0 -1 3
-1 4 0
-1 0 44
3 44 3
-1 3 12
12 -1 7
-1 -1 44
4 -1 4
44 4 -1
15 -1 -1
4 -1 4
-1 7 0
6 -1 2
0 0 44
-1 -1 -1
-1 0 45
45 -1 44
-1 -1 -1
-1 -1 0
4 -1 4
-1 4 44
4 -1 4
44 -1 -1
0 -1 44
-1 -1 -1
0 0 44
-1 -1 -1
-1 3 0
0 0 44
-1 -1 -1
-1 0 44
44 -1 0
0 -1 2
-1 0 44
44 -1 0
2 4 -1
0 0 44
-1 -1 -1
0 -1 0
-1 -1 13
0 -1 0
0 4 -1
-1 4 1
13 -1 2
1 13 44
44 -1 0
0 -1 44
-1 -1 -1
0 -1 44
-1 -1 -1
0 -1 44
-1 -1 -1
13 -1 13
-1 4 45
45 13 44
-1 -1 -1
-1 -1 -1
-1 -1 -1
-1 4 45
45 -1 44
44 4 -1
-1 4 0
-1 4 45
45 0 44
-1 -1 -1
-1 -1 -1
-1 4 45
45 -1 44
44 4 -1
-1 4 0
-1 4 45
45 0 44
-1 -1 -1
-1 4 3
-1 4 1
-1 4 2
1 3 44
44 -1 0
0 -1 44
-1 -1 -1
0 -1 44
-1 -1 -1
0 -1 44
-1 -1 -1
-1 4 45
45 -1 44
44 4 -1
-1 4 0
-1 4 45
45 0 44
-1 -1 -1
-1 -1 -1
-1 4 0
4 -1 4
-1 4 3
4 -1 4
-1 4 5
4 -1 4
-1 4 12
4 -1 4
-1 4 13
4 -1 4
-1 4 14
4 -1 4
-1 4 15
4 -1 4
-1 4 44
4 -1 4
44 -1 -1
-1 4 8
8 8 44
-1 -1 -1
-1 -1 9
9 8 6
9 -1 10
6 6 44
-1 -1 -1
-1 -1 7
-1 -1 11
-1 -1 -1
7 -1 1
11 -1 0
0 1 0
0 6 44
-1 -1 -1
7 -1 7
7 -1 44
-1 -1 -1
7 -1 1
11 -1 0
0 1 0
0 6 44
-1 -1 -1
7 -1 7
7 -1 44
-1 -1 -1
7 -1 1
11 -1 0
0 1 0
0 6 44
-1 -1 -1
7 -1 7
7 -1 44
-1 -1 -1
7 -1 1
11 -1 0
0 1 0
0 6 44
-1 -1 -1
7 -1 7
7 -1 44
-1 -1 -1
7 -1 1
11 -1 0
0 1 0
0 6 44
-1 -1 -1
7 -1 7
7 -1 44
-1 -1 -1
7 -1 1
11 -1 0
0 1 0
0 6 44
-1 -1 -1
7 -1 7
7 -1 44
-1 -1 -1
7 -1 1
11 -1 0
0 1 0
0 6 44
-1 -1 -1
7 -1 7
7 -1 44
-1 -1 -1
7 -1 1
11 -1 0
0 1 0
0 6 44
-1 -1 -1
7 -1 7
7 -1 44
-1 -1 -1
7 -1 1
11 -1 0
0 1 0
0 6 44
-1 -1 -1
7 -1 7
7 -1 44
-1 -1 -1
7 -1 1
11 -1 0
0 1 0
0 6 44
-1 -1 -1
7 -1 7
7 -1 44
-1 -1 -1
7 -1 1
11 -1 0
0 1 0
0 6 44
-1 -1 -1
7 -1 7
7 -1 44
-1 -1 -1
7 -1 1
11 -1 0
0 1 0
0 6 44
-1 -1 -1
7 -1 7
7 -1 44
-1 -1 -1
7 -1 1
11 -1 0
0 1 0
0 6 44
-1 -1 -1
7 -1 7
7 -1 44
-1 -1 -1
7 -1 1
11 -1 0
0 1 0
0 6 44
-1 -1 -1
7 -1 7
7 -1 44
-1 -1 -1
7 -1 1
11 -1 0
0 1 0
0 6 44
-1 -1 -1
7 -1 7
7 -1 44
-1 -1 -1
7 -1 1
11 -1 0
0 1 0
0 6 44
-1 -1 -1
7 -1 7
7 -1 44
-1 -1 -1
7 -1 1
11 -1 0
0 1 0
0 6 44
-1 -1 -1
7 -1 7
7 -1 44
-1 -1 -1
7 -1 1
11 -1 0
0 1 0
0 6 44
-1 -1 -1
7 -1 7
7 -1 44
-1 -1 -1
7 -1 1
11 -1 0
0 1 0
0 6 44
-1 -1 -1
7 -1 7
7 -1 44
-1 -1 -1
7 -1 1
11 -1 0
0 1 0
0 6 44
-1 -1 -1
7 -1 7
7 -1 44
-1 -1 -1
7 -1 1
11 -1 0
0 1 0
0 6 44
-1 -1 -1
7 -1 7
7 -1 44
-1 -1 -1
7 -1 1
11 -1 0
0 1 0
0 6 44
-1 -1 -1
7 -1 7
7 -1 44
-1 -1 -1
7 -1 1
11 -1 0
0 1 0
0 6 44
-1 -1 -1
7 -1 7
7 -1 44
-1 -1 -1
7 -1 1
11 -1 0
0 1 0
0 6 44
-1 -1 -1
7 -1 7
7 -1 44
-1 -1 -1
7 -1 1
11 -1 0
0 1 0
0 6 44
-1 -1 -1
7 -1 7
7 -1 44
-1 -1 -1
7 -1 1
11 -1 0
0 1 0
0 6 44
-1 -1 -1
7 -1 7
7 -1 44
-1 -1 -1
7 -1 1
11 -1 0
0 1 0
0 6 44
-1 -1 -1
7 -1 7
7 -1 44
-1 -1 -1
7 -1 1
11 -1 0
0 1 0
0 6 44
-1 -1 -1
7 -1 7
7 -1 44
-1 -1 -1
7 -1 1
11 -1 0
0 1 0
0 6 44
-1 -1 -1
7 -1 7
7 -1 44
-1 -1 -1
7 -1 1
11 -1 0
0 1 0
0 6 44
-1 -1 -1
7 -1 7
7 -1 44
-1 -1 -1
7 -1 1
11 -1 0
0 1 0
0 6 44
-1 -1 -1
7 -1 7
7 -1 44
-1 -1 -1
7 -1 1
11 -1 0
0 1 0
0 6 44
-1 -1 -1
7 -1 7
7 -1 44
-1 -1 -1
7 -1 1
11 -1 0
0 1 0
0 6 44
-1 -1 -1
7 -1 7
7 -1 44
-1 -1 -1
7 -1 1
11 -1 0
0 1 0
0 6 44
-1 -1 -1
7 -1 7
7 -1 44
-1 -1 -1
7 -1 1
11 -1 0
0 1 0
0 6 44
-1 -1 -1
7 -1 7
7 -1 44
-1 -1 -1
7 -1 1
11 -1 0
0 1 0
0 6 44
-1 -1 -1
7 -1 7
7 -1 44
-1 -1 -1
7 -1 1
11 -1 0
0 1 0
0 6 44
-1 -1 -1
7 -1 7
7 -1 44
-1 -1 -1
7 -1 1
11 -1 0
0 1 0
0 6 44
-1 -1 -1
7 -1 7
7 -1 44
-1 -1 -1
7 -1 1
11 -1 0
0 1 0
0 6 44
-1 -1 -1
7 -1 7
7 -1 44
-1 -1 -1
7 -1 1
11 -1 0
0 1 0
0 6 44
-1 -1 -1
7 -1 7
7 -1 44
-1 -1 -1
7 -1 1
11 -1 0
0 1 0
0 6 44
-1 -1 -1
7 -1 7
7 -1 44
-1 -1 -1
7 -1 1
11 -1 0
0 1 0
0 6 44
-1 -1 -1
7 -1 7
7 -1 44
-1 -1 -1
7 -1 1
11 -1 0
0 1 0
0 6 44
-1 -1 -1
7 -1 7
7 -1 44
-1 -1 -1
7 -1 1
11 -1 0
0 1 0
0 6 44
-1 -1 -1
7 -1 7
7 -1 44
-1 -1 -1
7 -1 1
11 -1 0
0 1 0
0 6 44
-1 -1 -1
7 -1 7
7 -1 44
-1 -1 -1
7 -1 1
11 -1 0
0 1 0
0 6 44
-1 -1 -1
7 -1 7
7 -1 44
-1 -1 -1
7 -1 1
11 -1 0
0 1 0
0 6 44
-1 -1 -1
7 -1 7
7 -1 44
-1 -1 -1
7 -1 1
11 -1 0
0 1 0
0 6 44
-1 -1 -1
7 -1 7
7 -1 44
-1 -1 -1
7 -1 1
11 -1 0
0 1 0
0 6 44
-1 -1 -1
7 -1 7
7 -1 44
-1 -1 -1
7 -1 1
11 -1 0
0 1 0
0 6 44
-1 -1 -1
0 -1 0
6 0 6
-1 8 0
0 10 0
0 -1 0
1 0 2
2 -1 44
-1 -1 -1
2 -1 44
-1 -1 -1
2 -1 44
-1 -1 -1
2 -1 44
-1 -1 -1
-1 2 0
0 -1 44
-1 -1 -1
2 -1 44
-1 -1 0
-1 -1 -1
3 0 3
6 6 44
-1 -1 -1
9 -1 9
9 -1 44
-1 -1 -1
9 8 6
9 -1 10
6 6 44
-1 -1 -1
9 -1 9
9 -1 44
-1 -1 -1
-1 8 8
8 8 44
-1 -1 -1
12 -1 7
-1 -1 44
4 -1 4
44 4 -1
-1 -1 -1
-1 7 0
0 0 44
-1 -1 -1
-1 -1 44
-1 44 1
-1 -1 -1
-1 0 2
1 0 -1
2 2 44
-1 -1 -1
-1 -1 44
0 44 -1
-1 7 -1
-1 7 -1
-1 4 44
4 -1 4
44 -1 -1
5 5 44
-1 -1 -1
4 -1 4
3 -1 0
-1 4 3
4 -1 4
-1 4 5
4 -1 4
-1 4 12
4 -1 4
-1 4 44
4 -1 4
44 -1 -1
0 5 -1
-1 5 45
45 -1 44
-1 -1 44
44 5 -1
-1 -1 44
44 5 -1
-1 -1 -1
-1 5 45
45 -1 44
-1 -1 44
44 5 -1
-1 -1 44
44 5 -1
-1 -1 -1
-1 5 45
45 -1 44
-1 -1 44
44 5 -1
-1 -1 13
-1 -1 -1
-1 5 1
-1 -1 45
-1 45 45
1 45 44
-1 -1 -1
-1 -1 44
44 5 -1
-1 -1 12
-1 5 -1
14 14 44
-1 -1 -1
-1 5 45
45 -1 44
-1 -1 -1
-1 5 45
45 -1 44
-1 -1 -1
-1 5 2
-1 5 45
45 2 44
-1 -1 -1
-1 5 45
45 -1 44
-1 -1 -1
2 -1 44
-1 -1 -1
-1 5 2
-1 5 45
45 2 44
-1 -1 -1
-1 5 45
45 -1 44
-1 -1 -1
2 -1 44
-1 -1 -1
-1 5 3
-1 5 45
45 3 44
-1 -1 -1
-1 5 45
45 -1 44
-1 -1 -1
3 -1 44
-1 -1 -1
-1 5 3
-1 -1 44
44 5 -1
-1 -1 -1
-1 5 45
45 -1 44
-1 -1 -1
-1 5 0
-1 -1 45
-1 45 45
0 45 44
-1 -1 -1
-1 15 6
-1 5 7
-1 -1 1
3 -1 2
6 -1 6
-1 -1 44
4 -1 4
44 4 -1
-1 -1 -1
3 4 -1
12 4 -1
2 -1 3
13 4 -1
14 4 -1
7 -1 13
5 4 -1
4 -1 4
-1 6 5
6 -1 12
1 -1 14
5 2 44
-1 -1 -1
-1 4 3
-1 4 5
-1 -1 0
-1 4 12
-1 4 13
-1 4 14
4 -1 4
-1 4 44
4 -1 4
44 -1 -1
0 0 44
-1 -1 -1
-1 5 45
45 -1 44
-1 -1 -1
-1 15 0
-1 5 6
-1 0 7
-1 -1 44
4 -1 4
44 4 -1
-1 -1 -1
15 4 -1
4 -1 4
14 4 -1
4 -1 4
13 4 -1
4 -1 4
12 4 -1
4 -1 4
5 4 -1
4 -1 4
3 4 -1
4 -1 4
4 -1 4
7 7 44
7 4 -1
6 4 -1
-1 -1 -1
-1 7 44
44 -1 0
-1 0 1
1 -1 44
-1 -1 -1
-1 -1 2
2 1 2
2 -1 44
-1 -1 -1
2 -1 44
-1 -1 -1
0 -1 0
0 -1 2
-1 0 44
44 -1 0
0 -1 14
14 -1 14
-1 -1 -1
14 -1 0
0 2 15
-1 -1 -1
-1 15 44
44 -1 0
0 -1 44
-1 -1 -1
0 -1 44
-1 -1 -1
14 -1 14
15 -1 15
14 -1 44
-1 -1 -1
-1 15 44
44 -1 0
0 -1 44
-1 -1 -1
-1 4 2
14 -1 13
-1 4 6
13 2 7
-1 -1 44
4 -1 4
44 4 -1
-1 -1 -1
15 4 -1
4 -1 4
14 4 -1
4 -1 4
13 4 -1
4 -1 4
12 4 -1
4 -1 4
5 4 -1
4 -1 4
3 4 -1
4 -1 4
4 -1 4
7 7 44
7 4 -1
6 4 -1
-1 -1 -1
-1 7 44
44 -1 0
-1 0 1
1 -1 44
-1 -1 -1
0 -1 0
0 -1 2
-1 0 44
44 -1 0
0 -1 14
14 -1 14
-1 -1 -1
14 -1 0
0 2 15
-1 -1 -1
-1 15 44
44 -1 0
0 -1 44
-1 -1 -1
-1 4 2
14 -1 13
-1 4 6
13 2 7
-1 -1 44
4 -1 4
44 4 -1
-1 -1 -1
15 4 -1
4 -1 4
14 4 -1
4 -1 4
13 4 -1
4 -1 4
12 4 -1
4 -1 4
5 4 -1
4 -1 4
3 4 -1
4 -1 4
4 -1 4
7 7 44
7 4 -1
6 4 -1
-1 -1 -1
-1 7 44
44 -1 0
-1 0 1
1 -1 44
-1 -1 -1
-1 -1 2
2 1 2
2 -1 44
-1 -1 -1
-1 4 0
4 -1 4
-1 4 3
4 -1 4
-1 4 5
4 -1 4
-1 4 12
4 -1 4
-1 4 13
4 -1 4
-1 4 14
4 -1 4
-1 4 15
4 -1 4
-1 4 44
4 -1 4
44 -1 -1
-1 4 45
45 -1 44
0 -1 3
-1 -1 -1
0 0 44
-1 -1 -1
-1 0 45
45 -1 44
-1 -1 -1
-1 -1 -1
-1 4 2
13 2 44
3 44 -1
-1 -1 -1
14 -1 14
15 -1 15
14 -1 44
-1 -1 -1
-1 15 44
44 -1 0
0 -1 44
-1 -1 -1
-1 4 2
14 -1 13
-1 4 6
13 2 7
-1 -1 44
4 -1 4
44 4 -1
-1 -1 -1
15 4 -1
4 -1 4
14 4 -1
4 -1 4
13 4 -1
4 -1 4
12 4 -1
4 -1 4
5 4 -1
4 -1 4
3 4 -1
4 -1 4
4 -1 4
7 7 44
7 4 -1
6 4 -1
-1 -1 -1
-1 7 44
44 -1 0
-1 0 1
1 -1 44
-1 -1 -1
-1 -1 2
2 1 2
2 -1 44
-1 -1 -1
2 -1 44
-1 -1 -1
-1 7 3
3 -1 44
-1 -1 -1
-1 -1 45
-1 45 45
3 45 44
-1 -1 -1
-1 -1 44
-1 44 2
2 2 44
-1 -1 -1
-1 2 45
45 3 44
-1 -1 -1
-1 4 0
4 -1 4
-1 4 3
4 -1 4
-1 4 5
4 -1 4
-1 4 12
4 -1 4
-1 4 13
4 -1 4
-1 4 14
4 -1 4
-1 4 15
4 -1 4
-1 4 44
4 -1 4
44 -1 -1
-1 4 45
45 -1 44
0 -1 3
-1 -1 -1
0 0 44
-1 -1 -1
-1 0 45
45 -1 44
-1 -1 -1
-1 -1 -1
-1 4 2
13 2 0
-1 0 45
45 -1 44
-1 -1 -1
-1 3 45
45 -1 44
-1 -1 2
-1 -1 2
-1 0 45
45 -1 44
-1 -1 0
-1 -1 0
2 0 44
-1 -1 -1
-1 4 2
-1 2 0
0 0 44
-1 -1 -1
0 -1 0
0 0 0
0 -1 45
45 -1 44
-1 -1 -1
-1 4 2
13 2 44
3 44 -1
-1 -1 -1
14 -1 14
15 -1 15
14 -1 44
-1 -1 -1
-1 4 0
4 -1 4
-1 4 3
4 -1 4
-1 4 5
4 -1 4
-1 4 12
4 -1 4
-1 4 13
4 -1 4
-1 4 14
4 -1 4
-1 4 15
4 -1 4
-1 4 44
4 -1 4
44 -1 -1
-1 4 45
45 -1 44
0 -1 3
-1 -1 -1
0 0 44
-1 -1 -1
-1 0 45
45 -1 44
-1 -1 -1
-1 -1 -1
-1 4 2
13 2 44
3 44 -1
-1 -1 -1
14 -1 14
15 -1 15
14 -1 44
-1 -1 -1
-1 4 0
4 -1 4
-1 4 3
4 -1 4
-1 4 5
4 -1 4
-1 4 12
4 -1 4
-1 4 13
4 -1 4
-1 4 14
4 -1 4
-1 4 15
4 -1 4
-1 4 44
4 -1 4
44 -1 -1
-1 15 6
-1 5 7
-1 -1 1
0 -1 2
6 -1 6
-1 -1 44
4 -1 4
44 4 -1
-1 -1 -1
3 4 -1
12 4 -1
2 -1 3
13 4 -1
14 4 -1
7 -1 13
5 4 -1
4 -1 4
-1 6 5
6 -1 12
1 -1 14
5 2 44
-1 -1 -1
-1 4 3
-1 4 5
-1 -1 0
-1 4 12
-1 4 13
-1 4 14
4 -1 4
-1 4 44
4 -1 4
44 -1 -1
-1 -1 44
4 -1 4
44 4 -1
-1 -1 -1
14 4 -1
4 -1 4
-1 -1 44
-1 44 1
13 4 -1
4 -1 4
-1 -1 13
1 1 44
12 4 -1
4 -1 4
5 4 -1
4 -1 4
3 4 -1
4 -1 4
-1 -1 -1
-1 -1 44
-1 44 7
7 13 44
-1 -1 -1
-1 4 3
4 -1 4
-1 4 5
4 -1 4
-1 4 12
4 -1 4
-1 4 13
4 -1 4
-1 4 14
4 -1 4
-1 -1 0
-1 -1 44
-1 44 -1
-1 4 44
4 -1 4
44 -1 -1
-1 5 2
-1 15 0
-1 2 45
45 -1 44
-1 0 12
-1 -1 -1
-1 2 3
-1 -1 45
-1 45 45
3 45 44
-1 -1 -1
3 -1 0
0 -1 0
0 3 0
0 -1 0
0 -1 0
-1 0 2
-1 0 13
2 2 44
-1 -1 -1
-1 -1 -1
-1 -1 44
-1 44 2
2 2 44
-1 -1 -1
-1 2 0
-1 -1 44
0 44 -1
-1 13 0
-1 -1 44
44 2 -1
-1 -1 44
44 2 -1
3 2 -1
3 2 -1
0 2 -1
2 13 -1
-1 -1 44
-1 44 0
-1 -1 45
-1 45 45
45 -1 44
0 2 -1
-1 -1 44
-1 44 0
-1 -1 44
2 44 -1
2 -1 0
-1 -1 44
0 44 -1
-1 5 1
-1 -1 44
3 44 -1
-1 -1 44
2 44 -1
-1 1 3
-1 2 45
45 3 44
-1 -1 -1
-1 15 45
12 45 44
-1 -1 -1
-1 5 45
45 -1 44
-1 -1 -1
-1 5 45
45 -1 44
-1 -1 -1
-1 5 0
-1 -1 44
-1 44 -1
-1 -1 -1
-1 0 44
44 -1 2
-1 2 0
0 -1 44
-1 -1 -1
2 -1 44
-1 -1 -1
2 -1 44
-1 -1 -1
-1 5 2
2 15 -1
-1 2 45
45 -1 44
-1 -1 -1
-1 5 3
-1 3 45
45 -1 44
-1 -1 -1
-1 3 3
3 -1 44
-1 -1 -1
-1 -1 45
-1 45 45
3 45 44
-1 -1 -1
-1 -1 44
-1 44 2
2 2 44
-1 -1 -1
-1 2 0
0 -1 0
-1 -1 -1
-1 15 6
0 15 -1
-1 6 2
-1 2 44
44 -1 0
0 -1 0
0 -1 44
-1 -1 -1
-1 5 45
45 -1 44
-1 -1 -1
-1 5 1
-1 -1 45
-1 45 45
1 45 44
-1 -1 -1
-1 -1 44
-1 44 0
0 0 44
-1 -1 -1
6 6 44
-1 -1 -1
-1 6 7
-1 5 45
45 7 44
-1 -1 -1
-1 5 45
45 -1 44
44 5 -1
15 -1 15
-1 5 1
-1 5 45
45 1 44
-1 -1 -1
-1 5 45
45 -1 44
-1 -1 0
-1 -1 0
-1 -1 -1
-1 5 45
45 -1 44
-1 -1 -1
-1 5 12
12 12 44
-1 -1 -1
-1 -1 -1
-1 5 12
-1 -1 15
-1 -1 -1
-1 12 0
0 0 44
-1 -1 -1
-1 12 45
45 -1 44
-1 -1 -1
-1 0 6
-1 0 7
-1 -1 44
4 -1 4
44 4 -1
-1 -1 -1
3 4 -1
5 4 -1
6 -1 3
12 4 -1
13 4 -1
7 -1 5
14 4 -1
15 4 -1
4 -1 4
7 6 44
-1 -1 -1
7 7 44
-1 -1 -1
6 6 44
-1 -1 -1
-1 7 44
44 -1 2
-1 6 45
45 2 44
2 -1 1
-1 -1 -1
-1 -1 0
-1 4 3
-1 4 5
-1 4 12
-1 4 13
-1 4 14
-1 4 15
4 -1 4
-1 4 44
4 -1 4
44 -1 -1
0 0 44
-1 -1 -1
-1 12 0
-1 0 2
-1 2 45
45 -1 44
-1 -1 -1
-1 12 13
-1 13 44
44 -1 0
0 0 44
-1 -1 -1
0 -1 0
0 5 -1
-1 -1 -1
-1 12 45
45 -1 44
-1 5 3
-1 -1 -1
-1 5 7
-1 -1 2
-1 -1 6
-1 -1 44
4 -1 4
44 4 -1
-1 -1 -1
-1 7 44
44 -1 0
-1 -1 1
-1 0 45
45 -1 44
-1 -1 -1
-1 7 1
1 1 44
-1 -1 -1
1 -1 0
-1 4 44
4 -1 4
44 -1 -1
0 0 44
-1 -1 -1
-1 -1 2
3 -1 6
13 -1 7
-1 -1 44
4 -1 4
44 4 -1
-1 -1 -1
14 4 -1
4 -1 4
2 -1 14
13 4 -1
4 -1 4
6 -1 13
12 4 -1
4 -1 4
5 4 -1
4 -1 4
7 -1 5
3 4 -1
4 -1 4
-1 7 44
44 -1 0
0 -1 44
-1 -1 -1
0 -1 44
-1 -1 -1
-1 4 3
4 -1 4
5 -1 7
-1 4 5
4 -1 4
-1 4 12
4 -1 4
-1 4 13
4 -1 4
-1 4 14
4 -1 4
-1 -1 -1
15 4 -1
4 -1 4
14 4 -1
4 -1 4
7 -1 14
13 4 -1
4 -1 4
12 4 -1
4 -1 4
5 4 -1
4 -1 4
3 4 -1
4 -1 4
4 -1 4
7 7 44
-1 -1 -1
-1 7 44
44 -1 0
0 -1 44
-1 -1 -1
0 -1 44
0 -1 2
-1 -1 -1
0 -1 44
-1 -1 -1
2 -1 12
-1 -1 15
-1 12 45
45 -1 44
-1 -1 -1
-1 12 44
44 -1 0
12 -1 2
0 -1 5
5 -1 5
-1 -1 -1
5 -1 0
0 2 12
-1 -1 -1
-1 12 44
44 -1 0
0 -1 44
-1 -1 -1
0 -1 44
-1 -1 -1
5 -1 5
12 -1 12
5 -1 44
-1 -1 -1
-1 12 44
44 -1 0
0 -1 44
-1 -1 -1
5 -1 0
0 14 7
-1 -1 44
4 -1 4
44 4 -1
-1 -1 -1
15 4 -1
4 -1 4
14 4 -1
4 -1 4
7 -1 14
13 4 -1
4 -1 4
12 4 -1
4 -1 4
5 4 -1
4 -1 4
3 4 -1
4 -1 4
4 -1 4
7 7 44
-1 -1 -1
-1 7 44
44 -1 0
0 -1 44
-1 -1 -1
0 -1 44
0 -1 2
-1 -1 -1
0 -1 44
-1 -1 -1
2 -1 12
-1 -1 15
-1 12 45
45 -1 44
-1 -1 -1
-1 12 44
44 -1 0
12 -1 2
0 -1 5
5 -1 5
-1 -1 -1
5 -1 0
0 2 12
-1 -1 -1
-1 12 44
44 -1 0
0 -1 44
-1 -1 -1
5 -1 0
0 14 7
-1 -1 44
4 -1 4
44 4 -1
-1 -1 -1
15 4 -1
4 -1 4
14 4 -1
4 -1 4
7 -1 14
13 4 -1
4 -1 4
12 4 -1
4 -1 4
5 4 -1
4 -1 4
3 4 -1
4 -1 4
4 -1 4
7 7 44
-1 -1 -1
-1 7 44
44 -1 0
0 -1 44
-1 -1 -1
0 -1 44
0 -1 2
-1 -1 -1
0 -1 44
-1 -1 -1
2 -1 12
-1 -1 15
-1 12 45
45 -1 44
-1 -1 -1
-1 12 44
44 -1 0
12 -1 2
0 -1 5
5 -1 5
-1 -1 -1
5 -1 0
0 2 12
-1 -1 -1
-1 12 44
44 -1 0
0 -1 44
-1 -1 -1
0 -1 44
-1 -1 -1
5 -1 5
12 -1 12
5 -1 44
-1 -1 -1
4 -1 4
15 -1 0
-1 4 3
4 -1 4
-1 4 5
4 -1 4
-1 4 12
4 -1 4
-1 4 13
4 -1 4
-1 4 14
4 -1 4
-1 4 15
4 -1 4
-1 4 44
4 -1 4
44 -1 -1
15 0 15
-1 -1 -1
5 -1 5
12 -1 12
5 -1 44
-1 -1 -1
-1 12 44
44 -1 0
0 -1 44
-1 -1 -1
5 -1 0
0 14 7
-1 -1 44
4 -1 4
44 4 -1
-1 -1 -1
15 4 -1
4 -1 4
14 4 -1
4 -1 4
7 -1 14
13 4 -1
4 -1 4
12 4 -1
4 -1 4
5 4 -1
4 -1 4
3 4 -1
4 -1 4
4 -1 4
7 7 44
-1 -1 -1
-1 7 44
44 -1 0
0 -1 44
-1 -1 -1
-1 7 0
0 -1 44
0 4 -1
-1 -1 -1
-1 -1 0
-1 4 2
2 0 15
2 15 44
-1 -1 -1
2 -1 12
-1 -1 45
-1 45 45
45 12 44
-1 -1 -1
12 -1 0
0 -1 0
0 12 0
0 -1 0
0 -1 0
-1 0 2
-1 0 3
2 2 44
-1 -1 -1
-1 2 45
12 45 44
-1 -1 -1
-1 -1 44
12 44 -1
-1 -1 44
2 44 -1
-1 2 0
0 0 44
-1 -1 -1
-1 -1 45
-1 45 45
45 12 44
-1 -1 -1
-1 -1 44
-1 44 2
2 2 44
-1 -1 -1
-1 2 0
-1 2 45
45 0 44
-1 -1 -1
-1 -1 45
-1 45 45
45 12 44
-1 -1 -1
-1 -1 44
-1 44 2
2 2 44
-1 -1 -1
-1 2 0
12 -1 12
15 12 44
0 2 -1
-1 -1 -1
-1 -1 15
-1 -1 -1
4 -1 4
15 -1 0
-1 4 3
4 -1 4
-1 4 5
4 -1 4
-1 4 12
4 -1 4
-1 4 13
4 -1 4
-1 4 14
4 -1 4
-1 4 15
4 -1 4
-1 4 44
4 -1 4
44 -1 -1
15 0 15
-1 -1 -1
5 -1 5
12 -1 12
5 -1 44
-1 -1 -1
4 -1 4
15 -1 0
-1 4 3
4 -1 4
-1 4 5
4 -1 4
-1 4 12
4 -1 4
-1 4 13
4 -1 4
-1 4 14
4 -1 4
-1 4 15
4 -1 4
-1 4 44
4 -1 4
44 -1 -1
15 0 15
-1 -1 -1
5 -1 5
12 -1 12
5 -1 44
-1 -1 -1
4 -1 4
15 -1 0
-1 4 3
4 -1 4
-1 4 5
4 -1 4
-1 4 12
4 -1 4
-1 4 13
4 -1 4
-1 4 14
4 -1 4
-1 4 15
4 -1 4
-1 4 44
4 -1 4
44 -1 -1
0 0 44
-1 -1 -1
-1 5 6
-1 12 2
13 -1 7
-1 5 1
-1 -1 44
4 -1 4
44 4 -1
-1 -1 -1
15 4 -1
4 -1 4
2 -1 15
14 4 -1
4 -1 4
6 -1 14
13 4 -1
4 -1 4
12 4 -1
4 -1 4
5 4 -1
4 -1 4
7 -1 5
3 4 -1
4 -1 4
4 -1 4
-1 7 45
45 -1 44
1 4 -1
-1 -1 -1
-1 -1 44
-1 44 13
13 13 44
-1 -1 -1
-1 13 0
-1 -1 44
0 44 -1
5 13 -1
-1 13 -1
-1 5 44
44 -1 0
0 -1 44
-1 -1 -1
0 -1 44
-1 -1 -1
-1 -1 6
5 -1 7
-1 -1 44
4 -1 4
44 4 -1
-1 -1 -1
15 4 -1
4 -1 4
14 4 -1
4 -1 4
13 4 -1
4 -1 4
12 4 -1
4 -1 4
5 4 -1
4 -1 4
6 -1 5
3 4 -1
4 -1 4
4 -1 4
7 7 44
7 4 -1
-1 4 -1
-1 -1 -1
-1 -1 44
-1 44 13
-1 4 0
-1 0 44
44 -1 3
3 -1 44
-1 -1 -1
-1 -1 -1
3 -1 44
-1 -1 -1
-1 3 0
-1 -1 15
0 -1 44
-1 -1 -1
0 -1 0
0 -1 44
44 -1 -1
3 -1 14
14 -1 0
0 -1 2
-1 0 44
44 -1 0
0 -1 12
12 -1 12
-1 -1 -1
12 -1 0
0 2 5
-1 -1 -1
-1 5 44
44 -1 0
0 -1 44
-1 -1 -1
0 -1 44
-1 -1 -1
12 -1 12
5 -1 5
12 -1 44
-1 -1 -1
-1 5 44
44 -1 0
0 -1 44
-1 -1 -1
-1 4 1
12 -1 0
14 -1 6
0 1 7
-1 -1 44
4 -1 4
44 4 -1
-1 -1 -1
15 4 -1
4 -1 4
14 4 -1
4 -1 4
13 4 -1
4 -1 4
12 4 -1
4 -1 4
5 4 -1
4 -1 4
6 -1 5
3 4 -1
4 -1 4
4 -1 4
7 7 44
7 4 -1
-1 4 -1
-1 -1 -1
-1 -1 44
-1 44 13
-1 4 0
-1 0 44
44 -1 3
3 -1 44
-1 -1 -1
-1 -1 -1
3 -1 44
-1 -1 -1
-1 3 0
-1 -1 15
0 -1 44
-1 -1 -1
0 -1 0
0 -1 44
44 -1 -1
-1 -1 44
-1 44 1
13 -1 0
0 1 0
0 -1 44
-1 -1 -1
-1 4 1
-1 1 44
44 -1 2
2 -1 0
0 -1 44
-1 -1 -1
-1 -1 44
-1 44 0
2 2 44
44 -1 2
0 -1 0
0 -1 44
-1 0 44
0 -1 44
0 44 0
0 -1 0
0 -1 0
0 0 45
2 45 44
-1 -1 -1
-1 4 6
-1 6 1
-1 1 44
44 -1 0
0 -1 44
-1 -1 -1
0 -1 44
-1 -1 -1
-1 -1 45
-1 45 45
45 -1 44
-1 -1 -1
-1 -1 44
-1 44 0
-1 0 0
0 -1 15
-1 -1 -1
3 -1 14
14 -1 0
0 -1 2
-1 0 44
44 -1 0
0 -1 12
12 -1 12
-1 -1 -1
12 -1 0
0 2 5
-1 -1 -1
-1 5 44
44 -1 0
0 -1 44
-1 -1 -1
-1 4 1
12 -1 0
14 -1 6
0 1 7
-1 -1 44
4 -1 4
44 4 -1
-1 -1 -1
15 4 -1
4 -1 4
14 4 -1
4 -1 4
13 4 -1
4 -1 4
12 4 -1
4 -1 4
5 4 -1
4 -1 4
6 -1 5
3 4 -1
4 -1 4
4 -1 4
7 7 44
7 4 -1
-1 4 -1
-1 -1 -1
-1 -1 44
-1 44 13
-1 4 0
-1 0 44
44 -1 3
3 -1 44
-1 -1 -1
-1 -1 -1
3 -1 44
-1 -1 -1
-1 3 0
-1 -1 15
0 -1 44
-1 -1 -1
0 -1 0
0 -1 44
44 -1 -1
-1 -1 45
-1 45 45
45 -1 44
-1 -1 -1
-1 4 7
-1 -1 44
4 -1 4
44 4 -1
-1 -1 -1
3 4 -1
5 4 -1
4 -1 4
-1 7 44
44 -1 0
0 -1 44
-1 -1 -1
-1 -1 -1
0 -1 44
-1 -1 -1
-1 7 7
-1 -1 6
-1 -1 44
4 -1 4
44 4 -1
-1 -1 -1
6 -1 0
6 -1 6
0 0 44
44 -1 0
-1 -1 -1
0 -1 0
-1 0 1
1 -1 44
-1 -1 -1
7 -1 0
-1 4 44
4 -1 4
44 -1 -1
-1 -1 6
0 -1 3
0 -1 7
-1 -1 44
4 -1 4
44 4 -1
-1 -1 -1
6 -1 0
6 -1 6
0 0 44
44 -1 0
-1 -1 -1
0 -1 0
-1 0 1
1 -1 44
-1 -1 -1
-1 -1 0
0 1 0
0 0 2
7 2 7
7 0 7
7 0 7
7 -1 0
-1 4 44
4 -1 4
44 -1 -1
3 0 44
-1 -1 0
-1 -1 0
0 -1 0
-1 -1 -1
-1 4 3
-1 4 5
4 -1 4
-1 4 44
4 -1 4
44 -1 -1
0 0 44
-1 -1 -1
-1 -1 45
-1 45 45
45 -1 44
-1 -1 -1
-1 4 7
-1 -1 44
4 -1 4
44 4 -1
-1 -1 -1
3 4 -1
4 -1 4
-1 7 44
44 -1 0
0 -1 44
-1 -1 -1
-1 -1 -1
0 -1 44
-1 -1 -1
-1 -1 0
-1 7 45
0 45 44
-1 4 3
4 -1 4
-1 -1 0
-1 -1 0
0 -1 0
-1 4 44
4 -1 4
44 -1 -1
0 0 44
-1 -1 -1
-1 -1 44
-1 44 0
0 0 44
-1 -1 -1
-1 4 0
4 -1 4
-1 4 3
4 -1 4
-1 4 5
4 -1 4
-1 4 12
4 -1 4
-1 4 13
4 -1 4
-1 4 14
4 -1 4
-1 4 15
4 -1 4
-1 4 44
4 -1 4
44 -1 -1
15 0 15
-1 -1 -1
12 -1 12
5 -1 5
12 -1 44
-1 -1 -1
-1 5 44
44 -1 0
0 -1 44
-1 -1 -1
-1 4 1
12 -1 0
14 -1 6
0 1 7
-1 -1 44
4 -1 4
44 4 -1
-1 -1 -1
15 4 -1
4 -1 4
14 4 -1
4 -1 4
13 4 -1
4 -1 4
12 4 -1
4 -1 4
5 4 -1
4 -1 4
6 -1 5
3 4 -1
4 -1 4
4 -1 4
7 7 44
7 4 -1
-1 4 -1
-1 -1 -1
-1 -1 44
-1 44 13
-1 4 0
-1 0 44
44 -1 3
3 -1 44
-1 -1 -1
-1 -1 -1
3 -1 44
-1 -1 -1
-1 3 0
-1 -1 15
0 -1 44
-1 -1 -1
0 -1 0
0 -1 44
44 -1 -1
-1 4 0
4 -1 4
-1 4 3
4 -1 4
-1 4 5
4 -1 4
-1 4 12
4 -1 4
-1 4 13
4 -1 4
-1 4 14
4 -1 4
-1 4 15
4 -1 4
-1 4 44
4 -1 4
44 -1 -1
15 0 15
-1 -1 -1
12 -1 12
5 -1 5
12 -1 44
-1 -1 -1
-1 4 45
45 15 44
44 4 -1
-1 -1 -1
-1 4 0
4 -1 4
-1 4 3
4 -1 4
-1 4 5
4 -1 4
-1 4 12
4 -1 4
-1 4 13
4 -1 4
-1 4 14
4 -1 4
-1 4 15
4 -1 4
-1 4 44
4 -1 4
44 -1 -1
15 0 15
-1 -1 -1
12 -1 12
5 -1 5
12 -1 44
-1 -1 -1
-1 4 45
45 15 44
44 4 -1
-1 -1 -1
-1 4 0
4 -1 4
-1 4 3
4 -1 4
-1 4 5
4 -1 4
-1 4 12
4 -1 4
-1 4 13
4 -1 4
-1 4 14
4 -1 4
-1 4 15
4 -1 4
-1 4 44
4 -1 4
44 -1 -1
0 0 0
0 13 -1
5 -1 7
-1 -1 44
4 -1 4
44 4 -1
-1 -1 -1
12 4 -1
4 -1 4
5 4 -1
4 -1 4
-1 -1 5
3 4 -1
4 -1 4
-1 -1 3
4 -1 4
-1 4 12
7 4 -1
12 -1 7
-1 -1 44
4 -1 4
44 4 -1
-1 -1 -1
7 -1 0
-1 7 -1
-1 7 -1
-1 4 44
4 -1 4
44 -1 -1
-1 4 7
12 -1 2
-1 -1 6
-1 -1 44
4 -1 4
44 4 -1
-1 -1 -1
15 4 -1
4 -1 4
6 -1 15
2 -1 6
14 4 -1
4 -1 4
2 -1 14
13 4 -1
4 -1 4
12 4 -1
4 -1 4
5 4 -1
4 -1 4
3 4 -1
4 -1 4
4 -1 4
7 4 -1
-1 -1 44
4 -1 4
44 4 -1
15 -1 -1
4 -1 4
-1 7 0
6 -1 2
0 0 44
-1 -1 -1
-1 0 45
45 -1 44
-1 -1 -1
-1 -1 0
4 -1 4
-1 4 44
4 -1 4
44 -1 -1
0 4 -1
0 -1 0
-1 -1 -1
-1 4 11
11 11 44
-1 -1 -1
-1 4 2
-1 2 0
0 0 44
-1 -1 -1
-1 0 44
44 -1 0
0 -1 1
-1 0 44
44 -1 0
1 4 -1
0 0 44
-1 -1 -1
0 -1 0
-1 4 -1
0 -1 0
0 4 -1
-1 4 3
-1 4 1
-1 4 2
1 3 44
44 -1 0
0 -1 44
-1 -1 -1
0 -1 44
-1 -1 -1
2 -1 0
14 -1 6
0 -1 3
-1 4 0
-1 0 44
3 44 3
-1 3 2
2 4 -1
2 -1 7
-1 -1 44
4 -1 4
44 4 -1
15 -1 -1
4 -1 4
-1 7 0
6 -1 2
0 0 44
-1 -1 -1
-1 0 45
45 -1 44
-1 -1 -1
-1 -1 0
4 -1 4
-1 4 44
4 -1 4
44 -1 -1
0 -1 44
-1 -1 -1
0 0 44
-1 -1 -1
-1 3 0
0 0 44
-1 -1 -1
-1 -1 -1
-1 0 44
44 -1 0
0 -1 1
-1 0 44
44 -1 0
1 4 -1
0 0 44
-1 -1 -1
0 -1 0
-1 4 -1
0 -1 0
0 4 -1
-1 4 3
-1 4 1
-1 4 2
1 3 44
44 -1 0
0 -1 44
-1 -1 -1
0 -1 44
-1 -1 -1
2 -1 0
14 -1 6
0 -1 3
-1 4 0
-1 0 44
3 44 3
-1 3 12
12 -1 7
-1 -1 44
4 -1 4
44 4 -1
15 -1 -1
4 -1 4
-1 7 0
6 -1 2
0 0 44
-1 -1 -1
-1 0 45
45 -1 44
-1 -1 -1
-1 0 6
2 -1 7
-1 -1 44
4 -1 4
44 4 -1
-1 -1 -1
12 4 -1
4 -1 4
6 -1 12
12 -1 12
5 4 -1
4 -1 4
7 -1 5
3 4 -1
4 -1 4
-1 7 7
6 -1 3
7 7 44
-1 -1 -1
-1 -1 44
-1 44 6
6 6 44
-1 -1 -1
-1 6 0
-1 -1 44
0 44 -1
3 -1 2
3 -1 3
-1 -1 0
2 -1 2
3 -1 1
-1 6 -1
-1 6 -1
2 -1 2
0 1 0
-1 5 45
45 -1 44
12 6 -1
2 6 44
0 44 -1
-1 -1 -1
-1 6 -1
-1 6 -1
6 5 -1
-1 -1 -1
6 5 -1
12 5 -1
-1 4 3
4 -1 4
-1 4 5
4 -1 4
-1 4 12
4 -1 4
-1 4 44
4 -1 4
44 -1 -1
-1 -1 0
4 -1 4
-1 4 44
4 -1 4
44 -1 -1
0 -1 44
-1 -1 -1
0 0 44
-1 -1 -1
-1 3 0
0 0 44
-1 -1 -1
-1 0 44
44 -1 0
0 -1 2
-1 0 44
44 -1 0
2 4 -1
0 0 44
-1 -1 -1
0 -1 0
-1 -1 13
0 -1 0
0 4 -1
-1 4 1
13 -1 2
1 13 44
44 -1 0
0 -1 44
-1 -1 -1
0 -1 44
-1 -1 -1
0 -1 44
-1 -1 -1
13 -1 13
-1 4 45
45 13 44
-1 -1 -1
-1 -1 -1
-1 4 1
13 -1 2
1 13 44
44 -1 0
0 -1 44
-1 -1 -1
0 -1 44
-1 -1 -1
0 -1 44
-1 -1 -1
13 -1 13
-1 4 45
45 13 44
-1 -1 -1
-1 -1 -1
-1 -1 -1
-1 4 45
45 -1 44
44 4 -1
-1 4 0
-1 4 45
45 0 44
-1 -1 -1
-1 4 3
-1 4 1
-1 4 2
1 3 44
44 -1 0
0 -1 44
-1 -1 -1
0 -1 44
-1 -1 -1
2 -1 0
14 -1 6
0 -1 3
-1 4 0
-1 0 44
3 44 3
-1 3 12
12 -1 7
-1 -1 44
4 -1 4
44 4 -1
15 -1 -1
4 -1 4
-1 7 0
6 -1 2
0 0 44
-1 -1 -1
-1 0 45
45 -1 44
-1 -1 -1
-1 -1 0
4 -1 4
-1 4 44
4 -1 4
44 -1 -1
0 -1 44
-1 -1 -1
0 0 44
-1 -1 -1
-1 3 0
0 0 44
-1 -1 -1
-1 0 44
44 -1 0
0 -1 2
-1 0 44
44 -1 0
2 4 -1
0 0 44
-1 -1 -1
0 -1 0
-1 -1 13
0 -1 0
0 4 -1
-1 4 1
13 -1 2
1 13 44
44 -1 0
0 -1 44
-1 -1 -1
0 -1 44
-1 -1 -1
0 -1 44
-1 -1 -1
13 -1 13
-1 4 45
45 13 44
-1 -1 -1
-1 -1 -1
-1 -1 -1
-1 4 45
45 -1 44
44 4 -1
-1 4 0
-1 4 45
45 0 44
-1 -1 -1
-1 -1 -1
-1 4 45
45 -1 44
44 4 -1
-1 4 0
-1 4 45
45 0 44
-1 -1 -1
-1 4 3
-1 4 1
-1 4 2
1 3 44
44 -1 0
0 -1 44
-1 -1 -1
0 -1 44
-1 -1 -1
0 -1 44
-1 -1 -1
-1 4 45
45 -1 44
44 4 -1
-1 4 0
-1 4 45
45 0 44
-1 -1 -1
-1 -1 -1
-1 4 0
4 -1 4
-1 4 3
4 -1 4
-1 4 5
4 -1 4
-1 4 12
4 -1 4
-1 4 13
4 -1 4
-1 4 14
4 -1 4
-1 4 15
4 -1 4
-1 4 44
4 -1 4
44 -1 -1
-1 4 8
8 8 44
-1 -1 -1
-1 -1 9
9 8 6
9 -1 10
6 6 44
-1 -1 -1
-1 -1 7
-1 -1 11
-1 -1 -1
7 -1 1
11 -1 0
0 1 0
0 6 44
-1 -1 -1
7 -1 7
7 -1 44
-1 -1 -1
7 -1 1
11 -1 0
0 1 0
0 6 44
-1 -1 -1
7 -1 7
7 -1 44
-1 -1 -1
7 -1 1
11 -1 0
0 1 0
0 6 44
-1 -1 -1
7 -1 7
7 -1 44
-1 -1 -1
7 -1 1
11 -1 0
0 1 0
0 6 44
-1 -1 -1
7 -1 7
7 -1 44
-1 -1 -1
7 -1 1
11 -1 0
0 1 0
0 6 44
-1 -1 -1
7 -1 7
7 -1 44
-1 -1 -1
7 -1 1
11 -1 0
0 1 0
0 6 44
-1 -1 -1
7 -1 7
7 -1 44
-1 -1 -1
7 -1 1
11 -1 0
0 1 0
0 6 44
-1 -1 -1
7 -1 7
7 -1 44
-1 -1 -1
7 -1 1
11 -1 0
0 1 0
0 6 44
-1 -1 -1
7 -1 7
7 -1 44
-1 -1 -1
7 -1 1
11 -1 0
0 1 0
0 6 44
-1 -1 -1
7 -1 7
7 -1 44
-1 -1 -1
7 -1 1
11 -1 0
0 1 0
0 6 44
-1 -1 -1
7 -1 7
7 -1 44
-1 -1 -1
7 -1 1
11 -1 0
0 1 0
0 6 44
-1 -1 -1
7 -1 7
7 -1 44
-1 -1 -1
7 -1 1
11 -1 0
0 1 0
0 6 44
-1 -1 -1
7 -1 7
7 -1 44
-1 -1 -1
7 -1 1
11 -1 0
0 1 0
0 6 44
-1 -1 -1
7 -1 7
7 -1 44
-1 -1 -1
7 -1 1
11 -1 0
0 1 0
0 6 44
-1 -1 -1
7 -1 7
7 -1 44
-1 -1 -1
7 -1 1
11 -1 0
0 1 0
0 6 44
-1 -1 -1
7 -1 7
7 -1 44
-1 -1 -1
7 -1 1
11 -1 0
0 1 0
0 6 44
-1 -1 -1
7 -1 7
7 -1 44
-1 -1 -1
7 -1 1
11 -1 0
0 1 0
0 6 44
-1 -1 -1
7 -1 7
7 -1 44
-1 -1 -1
7 -1 1
11 -1 0
0 1 0
0 6 44
-1 -1 -1
7 -1 7
7 -1 44
-1 -1 -1
7 -1 1
11 -1 0
0 1 0
0 6 44
-1 -1 -1
7 -1 7
7 -1 44
-1 -1 -1
7 -1 1
11 -1 0
0 1 0
0 6 44
-1 -1 -1
7 -1 7
7 -1 44
-1 -1 -1
7 -1 1
11 -1 0
0 1 0
0 6 44
-1 -1 -1
7 -1 7
7 -1 44
-1 -1 -1
7 -1 1
11 -1 0
0 1 0
0 6 44
-1 -1 -1
7 -1 7
7 -1 44
-1 -1 -1
7 -1 1
11 -1 0
0 1 0
0 6 44
-1 -1 -1
7 -1 7
7 -1 44
-1 -1 -1
7 -1 1
11 -1 0
0 1 0
0 6 44
-1 -1 -1
7 -1 7
7 -1 44
-1 -1 -1
7 -1 1
11 -1 0
0 1 0
0 6 44
-1 -1 -1
7 -1 7
7 -1 44
-1 -1 -1
7 -1 1
11 -1 0
0 1 0
0 6 44
-1 -1 -1
7 -1 7
7 -1 44
-1 -1 -1
7 -1 1
11 -1 0
0 1 0
0 6 44
-1 -1 -1
7 -1 7
7 -1 44
-1 -1 -1
7 -1 1
11 -1 0
0 1 0
0 6 44
-1 -1 -1
7 -1 7
7 -1 44
-1 -1 -1
7 -1 1
11 -1 0
0 1 0
0 6 44
-1 -1 -1
7 -1 7
7 -1 44
-1 -1 -1
7 -1 1
11 -1 0
0 1 0
0 6 44
-1 -1 -1
7 -1 7
7 -1 44
-1 -1 -1
7 -1 1
11 -1 0
0 1 0
0 6 44
-1 -1 -1
7 -1 7
7 -1 44
-1 -1 -1
7 -1 1
11 -1 0
0 1 0
0 6 44
-1 -1 -1
7 -1 7
7 -1 44
-1 -1 -1
7 -1 1
11 -1 0
0 1 0
0 6 44
-1 -1 -1
7 -1 7
7 -1 44
-1 -1 -1
7 -1 1
11 -1 0
0 1 0
0 6 44
-1 -1 -1
7 -1 7
7 -1 44
-1 -1 -1
7 -1 1
11 -1 0
0 1 0
0 6 44
-1 -1 -1
7 -1 7
7 -1 44
-1 -1 -1
7 -1 1
11 -1 0
0 1 0
0 6 44
-1 -1 -1
7 -1 7
7 -1 44
-1 -1 -1
7 -1 1
11 -1 0
0 1 0
0 6 44
-1 -1 -1
7 -1 7
7 -1 44
-1 -1 -1
7 -1 1
11 -1 0
0 1 0
0 6 44
-1 -1 -1
7 -1 7
7 -1 44
-1 -1 -1
7 -1 1
11 -1 0
0 1 0
0 6 44
-1 -1 -1
7 -1 7
7 -1 44
-1 -1 -1
7 -1 1
11 -1 0
0 1 0
0 6 44
-1 -1 -1
7 -1 7
7 -1 44
-1 -1 -1
7 -1 1
11 -1 0
0 1 0
0 6 44
-1 -1 -1
7 -1 7
7 -1 44
-1 -1 -1
7 -1 1
11 -1 0
0 1 0
0 6 44
-1 -1 -1
7 -1 7
7 -1 44
-1 -1 -1
7 -1 1
11 -1 0
0 1 0
0 6 44
-1 -1 -1
7 -1 7
7 -1 44
-1 -1 -1
7 -1 1
11 -1 0
0 1 0
0 6 44
-1 -1 -1
7 -1 7
7 -1 44
-1 -1 -1
7 -1 1
11 -1 0
0 1 0
0 6 44
-1 -1 -1
7 -1 7
7 -1 44
-1 -1 -1
7 -1 1
11 -1 0
0 1 0
0 6 44
-1 -1 -1
7 -1 7
7 -1 44
-1 -1 -1
7 -1 1
11 -1 0
0 1 0
0 6 44
-1 -1 -1
7 -1 7
7 -1 44
-1 -1 -1
7 -1 1
11 -1 0
0 1 0
0 6 44
-1 -1 -1
7 -1 7
7 -1 44
-1 -1 -1
7 -1 1
11 -1 0
0 1 0
0 6 44
-1 -1 -1
7 -1 7
7 -1 44
-1 -1 -1
7 -1 1
11 -1 0
0 1 0
0 6 44
-1 -1 -1
0 -1 0
6 0 6
-1 8 0
0 10 0
0 -1 0
1 0 2
2 -1 44
-1 -1 -1
2 -1 44
-1 -1 -1
2 -1 44
-1 -1 -1
2 -1 44
-1 -1 -1
-1 2 0
0 -1 44
-1 -1 -1
2 -1 44
-1 -1 0
-1 -1 -1
3 0 3
6 6 44
-1 -1 -1
9 -1 9
9 -1 44
-1 -1 -1
9 8 6
9 -1 10
6 6 44
-1 -1 -1
9 -1 9
9 -1 44
-1 -1 -1
-1 8 8
8 8 44
-1 -1 -1
12 -1 7
-1 -1 44
4 -1 4
44 4 -1
-1 -1 -1
-1 7 0
0 0 44
-1 -1 -1
-1 -1 44
-1 44 1
-1 -1 -1
-1 0 2
1 0 -1
2 2 44
-1 -1 -1
-1 -1 44
0 44 -1
-1 7 -1
-1 7 -1
-1 4 44
4 -1 4
44 -1 -1
5 5 44
-1 -1 -1
4 -1 4
3 -1 0
-1 4 3
4 -1 4
-1 4 5
4 -1 4
-1 4 12
4 -1 4
-1 4 44
4 -1 4
44 -1 -1
15 -1 2
0 13 -1
-1 13 -1
-1 13 -1
2 -1 6
-1 13 -1
-1 4 0
-1 13 -1
-1 13 -1
6 13 -1
0 13 -1
-1 5 44
44 -1 1
-1 1 0
0 -1 44
-1 -1 -1
1 -1 44
-1 -1 -1
1 -1 44
-1 -1 -1
1 -1 44
-1 -1 -1
-1 -1 -1
1 -1 44
-1 -1 -1
-1 -1 -1
1 -1 44
-1 -1 -1
1 -1 44
-1 -1 -1
-1 5 0
0 -1 0
0 -1 44
-1 -1 -1
-1 -1 44
-1 44 8
5 8 44
-1 -1 -1
-1 -1 44
-1 44 7
5 7 44
-1 -1 -1
-1 -1 44
-1 44 11
5 11 44
-1 -1 -1
-1 -1 44
-1 44 9
5 9 44
-1 -1 -1
-1 -1 44
-1 44 10
5 10 44
-1 -1 -1
1 -1 44
-1 -1 -1
1 -1 44
-1 -1 1
-1 -1 1
-1 -1 -1
6 6 44
1 13 -1
-1 -1 -1
14 14 44
2 -1 44
13 44 -1
-1 -1 -1
-1 5 45
45 -1 44
13 13 -1
-1 -1 -1
-1 -1 -1
-1 5 45
45 -1 44
-1 -1 -1
4 -1 4
13 -1 0
-1 4 3
4 -1 4
-1 4 5
4 -1 4
-1 4 12
4 -1 4
-1 4 13
4 -1 4
-1 4 14
4 -1 4
-1 4 15
4 -1 4
-1 4 44
4 -1 4
44 -1 -1
0 -1 6
-1 12 44
44 -1 0
6 -1 3
0 6 -1
6 12 -1
-1 -1 -1
-1 12 7
7 7 44
-1 -1 -1
15 -1 15
12 -1 12
-1 5 45
45 15 44
-1 -1 -1
-1 5 7
-1 -1 44
4 -1 4
44 4 -1
-1 -1 -1
5 4 -1
4 -1 4
7 -1 5
3 4 -1
4 -1 4
4 -1 4
-1 7 44
44 -1 0
0 -1 44
-1 -1 -1
0 -1 44
-1 -1 -1
4 -1 4
-1 4 3
4 -1 4
-1 4 5
4 -1 4
-1 4 44
4 -1 4
44 -1 -1
-1 5 1
-1 1 45
45 -1 44
-1 -1 -1
-1 5 3
3 3 44
-1 -1 -1
-1 5 45
45 -1 44
-1 5 3
-1 -1 13
-1 -1 13
-1 5 45
45 3 44
-1 5 3
-1 -1 0
-1 -1 0
-1 -1 12
13 0 13
-1 -1 -1
-1 3 0
0 0 44
-1 -1 -1
-1 0 7
-1 7 44
44 -1 0
0 -1 44
-1 -1 -1
-1 -1 6
-1 -1 44
4 -1 4
44 4 -1
-1 -1 -1
15 4 -1
4 -1 4
14 4 -1
4 -1 4
13 4 -1
4 -1 4
7 -1 13
12 4 -1
4 -1 4
6 -1 12
5 4 -1
4 -1 4
3 4 -1
4 -1 4
4 -1 4
-1 7 44
44 -1 0
0 -1 44
-1 -1 -1
-1 7 5
5 -1 44
-1 -1 -1
-1 -1 45
-1 45 45
5 45 44
-1 -1 -1
5 -1 0
0 -1 0
0 5 0
0 -1 0
0 -1 0
-1 0 2
-1 0 3
2 2 44
-1 -1 -1
-1 2 45
5 45 44
-1 -1 -1
-1 -1 -1
-1 -1 44
5 44 -1
-1 -1 44
2 44 -1
-1 2 12
12 -1 12
-1 -1 45
-1 45 45
5 45 44
-1 -1 -1
-1 -1 44
-1 44 2
2 2 44
-1 -1 -1
-1 2 0
5 0 44
-1 -1 -1
-1 -1 45
-1 45 45
5 45 44
-1 -1 -1
-1 -1 44
-1 44 2
2 2 44
-1 -1 -1
-1 2 45
45 -1 44
44 2 -1
5 -1 44
12 -1 12
-1 -1 -1
-1 13 45
45 -1 44
-1 13 44
44 -1 5
-1 -1 -1
12 -1 3
-1 13 2
3 3 44
-1 -1 -1
-1 -1 -1
4 -1 4
-1 4 3
4 -1 4
-1 4 5
4 -1 4
-1 4 12
4 -1 4
-1 4 13
4 -1 4
-1 4 14
4 -1 4
-1 4 15
4 -1 4
-1 4 44
4 -1 4
44 -1 -1
-1 -1 -1
12 -1 12
3 -1 3
-1 5 45
12 45 44
-1 -1 -1
-1 5 0
-1 0 45
45 -1 44
-1 -1 -1
-1 0 0
-1 0 0
0 -1 0
0 -1 44
-1 -1 -1
-1 5 11
11 11 44
-1 -1 -1
-1 5 1
-1 5 -1
1 5 -1
-1 -1 -1
-1 5 3
-1 3 0
0 0 44
-1 -1 -1
-1 0 7
-1 7 45
45 -1 44
-1 -1 -1
-1 7 1
1 -1 44
-1 -1 -1
-1 -1 0
-1 -1 -1
0 1 0
1 0 44
-1 -1 -1
1 -1 13
-1 -1 45
-1 45 45
45 13 44
0 5 -1
-1 -1 -1
-1 -1 44
-1 44 2
2 2 44
-1 -1 -1
-1 2 10
10 10 44
-1 -1 -1
13 -1 13
-1 5 45
45 13 44
-1 -1 -1
-1 5 45
45 -1 44
44 5 -1
-1 5 45
45 -1 44
44 5 -1
-1 5 0
-1 5 45
45 0 44
-1 -1 -1
-1 5 1
-1 -1 6
-1 -1 -1
-1 -1 -1
-1 1 45
45 -1 44
-1 -1 -1
-1 1 0
0 0 44
-1 -1 -1
-1 0 45
45 -1 44
-1 -1 -1
6 -1 6
1 -1 1
-1 5 45
6 45 44
-1 -1 -1
-1 5 1
-1 5 -1
1 5 -1
-1 -1 -1
-1 5 2
-1 2 0
0 0 44
-1 -1 -1
-1 -1 44
-1 44 9
-1 0 12
-1 2 14
9 9 44
-1 -1 -1
-1 12 44
44 -1 2
2 -1 44
-1 -1 -1
-1 5 45
45 -1 44
-1 -1 -1
-1 5 1
-1 1 6
6 6 44
-1 -1 -1
-1 -1 -1
-1 12 44
44 -1 0
0 -1 44
-1 -1 -1
0 -1 44
-1 -1 -1
0 -1 44
-1 -1 -1
-1 -1 2
12 -1 7
-1 -1 44
4 -1 4
44 4 -1
-1 -1 -1
14 4 -1
4 -1 4
2 -1 14
13 4 -1
4 -1 4
6 -1 13
12 4 -1
4 -1 4
5 4 -1
4 -1 4
7 -1 5
3 4 -1
4 -1 4
-1 7 44
44 -1 0
0 -1 44
-1 -1 -1
-1 7 3
-1 -1 45
-1 45 45
3 45 44
-1 -1 -1
-1 -1 44
-1 44 2
2 2 44
-1 -1 -1
-1 2 45
45 3 44
-1 -1 -1
13 13 44
-1 -1 -1
-1 13 1
1 1 44
-1 -1 -1
-1 1 2
-1 2 45
45 -1 44
-1 -1 -1
-1 1 1
1 1 44
-1 -1 -1
14 14 44
-1 -1 -1
-1 -1 44
-1 44 1
-1 -1 45
-1 45 45
1 45 44
-1 5 44
44 -1 12
-1 -1 -1
-1 -1 45
-1 45 45
3 45 44
-1 -1 -1
-1 -1 44
-1 44 2
2 2 44
-1 -1 -1
-1 1 0
1 2 -1
12 -1 2
-1 -1 44
0 44 -1
1 -1 0
0 0 0
0 -1 0
-1 -1 44
-1 44 44
0 44 0
3 0 -1
3 0 -1
2 0 -1
-1 0 -1
-1 0 -1
-1 0 -1
3 -1 0
0 -1 0
-1 -1 44
-1 44 44
0 44 0
-1 -1 44
44 0 -1
-1 -1 44
44 0 -1
-1 -1 0
-1 4 3
4 -1 4
-1 4 5
4 -1 4
-1 4 12
4 -1 4
-1 4 13
4 -1 4
-1 4 14
4 -1 4
-1 4 44
4 -1 4
44 -1 -1
0 0 44
-1 -1 -1
12 -1 7
-1 -1 44
4 -1 4
44 4 -1
-1 -1 -1
15 4 -1
4 -1 4
7 -1 15
14 4 -1
4 -1 4
13 4 -1
4 -1 4
12 4 -1
4 -1 4
5 4 -1
4 -1 4
3 4 -1
4 -1 4
4 -1 4
-1 7 45
45 -1 44
-1 -1 -1
-1 15 45
45 -1 44
-1 -1 -1
-1 15 3
-1 -1 45
-1 45 45
3 45 44
-1 -1 -1
-1 -1 44
-1 44 2
2 2 44
-1 -1 -1
-1 2 5
5 5 44
-1 -1 -1
4 -1 4
-1 4 3
4 -1 4
-1 4 5
4 -1 4
-1 4 12
4 -1 4
-1 4 13
4 -1 4
-1 4 14
4 -1 4
-1 4 15
4 -1 4
-1 4 44
4 -1 4
44 -1 -1
-1 12 45
45 -1 44
-1 -1 -1
-1 12 3
3 -1 44
-1 -1 -1
-1 -1 45
-1 45 45
3 45 44
-1 -1 -1
-1 -1 44
-1 44 2
2 2 44
-1 -1 -1
-1 2 0
0 -1 0
-1 5 2
0 2 -1
-1 -1 -1
-1 14 45
45 -1 44
-1 -1 -1
-1 5 0
-1 12 44
44 -1 1
12 -1 7
-1 0 2
-1 0 6
-1 -1 44
4 -1 4
44 4 -1
-1 -1 -1
15 4 -1
4 -1 4
2 -1 15
14 4 -1
4 -1 4
6 -1 14
13 4 -1
4 -1 4
12 4 -1
4 -1 4
5 4 -1
4 -1 4
7 -1 5
3 4 -1
4 -1 4
4 -1 4
-1 7 45
45 -1 44
1 4 -1
-1 -1 -1
-1 7 3
-1 -1 45
-1 45 45
3 45 44
-1 -1 -1
-1 -1 44
-1 44 2
2 2 44
-1 -1 -1
-1 2 45
45 3 44
-1 -1 -1
-1 5 45
45 -1 44
-1 -1 -1
3 -1 44
-1 -1 -1
-1 -1 44
-1 44 13
13 13 44
-1 -1 -1
-1 13 0
-1 -1 44
0 44 -1
5 13 -1
-1 13 -1
-1 5 44
44 -1 0
0 -1 44
-1 -1 -1
-1 -1 0
-1 -1 -1
0 13 -1
5 -1 7
-1 -1 44
4 -1 4
44 4 -1
-1 -1 -1
12 4 -1
4 -1 4
5 4 -1
4 -1 4
-1 -1 5
3 4 -1
4 -1 4
-1 -1 3
4 -1 4
-1 4 12
7 4 -1
12 -1 7
-1 -1 44
4 -1 4
44 4 -1
-1 -1 -1
7 -1 0
-1 7 -1
-1 7 -1
-1 4 44
4 -1 4
44 -1 -1
-1 4 7
12 -1 2
-1 -1 6
-1 -1 44
4 -1 4
44 4 -1
-1 -1 -1
15 4 -1
4 -1 4
6 -1 15
2 -1 6
14 4 -1
4 -1 4
2 -1 14
13 4 -1
4 -1 4
12 4 -1
4 -1 4
5 4 -1
4 -1 4
3 4 -1
4 -1 4
4 -1 4
7 4 -1
-1 -1 44
4 -1 4
44 4 -1
15 -1 -1
4 -1 4
-1 7 0
6 -1 2
0 0 44
-1 -1 -1
-1 0 45
45 -1 44
-1 -1 -1
-1 0 6
2 -1 7
-1 -1 44
4 -1 4
44 4 -1
-1 -1 -1
12 4 -1
4 -1 4
6 -1 12
12 -1 12
5 4 -1
4 -1 4
7 -1 5
3 4 -1
4 -1 4
-1 7 7
6 -1 3
7 7 44
-1 -1 -1
-1 -1 44
-1 44 6
6 6 44
-1 -1 -1
-1 6 0
-1 -1 44
0 44 -1
3 -1 2
3 -1 3
-1 -1 0
2 -1 2
3 -1 1
-1 6 -1
-1 6 -1
2 -1 2
0 1 0
-1 5 45
45 -1 44
12 6 -1
2 6 44
0 44 -1
-1 -1 -1
-1 6 -1
-1 6 -1
6 5 -1
-1 -1 -1
6 5 -1
12 5 -1
-1 4 3
4 -1 4
-1 4 5
4 -1 4
-1 4 12
4 -1 4
-1 4 44
4 -1 4
44 -1 -1
-1 -1 0
4 -1 4
-1 4 44
4 -1 4
44 -1 -1
0 4 -1
0 -1 0
-1 -1 -1
-1 4 11
11 11 44
-1 -1 -1
-1 4 2
-1 2 0
0 0 44
-1 -1 -1
-1 0 44
44 -1 0
0 -1 1
-1 0 44
44 -1 0
1 4 -1
0 0 44
-1 -1 -1
0 -1 0
-1 4 -1
0 -1 0
0 4 -1
-1 4 3
-1 4 1
-1 4 2
1 3 44
44 -1 0
0 -1 44
-1 -1 -1
0 -1 44
-1 -1 -1
0 -1 44
-1 -1 -1
-1 4 45
45 -1 44
44 4 -1
-1 4 0
-1 4 45
45 0 44
-1 -1 -1
-1 4 3
-1 4 1
-1 4 2
1 3 44
44 -1 0
0 -1 44
-1 -1 -1
0 -1 44
-1 -1 -1
0 -1 44
-1 -1 -1
-1 4 45
45 -1 44
44 4 -1
-1 4 0
-1 4 45
45 0 44
-1 -1 -1
-1 -1 -1
-1 4 0
4 -1 4
-1 4 3
4 -1 4
-1 4 5
4 -1 4
-1 4 12
4 -1 4
-1 4 13
4 -1 4
-1 4 14
4 -1 4
-1 4 15
4 -1 4
-1 4 44
4 -1 4
44 -1 -1
-1 4 8
8 8 44
-1 -1 -1
-1 -1 9
9 8 6
9 -1 10
6 6 44
-1 -1 -1
9 -1 9
9 -1 44
-1 -1 -1
9 8 6
9 -1 10
6 6 44
-1 -1 -1
-1 -1 7
-1 -1 11
-1 -1 -1
7 -1 1
11 -1 0
0 1 0
0 6 44
-1 -1 -1
7 -1 7
7 -1 44
-1 -1 -1
7 -1 1
11 -1 0
0 1 0
0 6 44
-1 -1 -1
7 -1 7
7 -1 44
-1 -1 -1
7 -1 1
11 -1 0
0 1 0
0 6 44
-1 -1 -1
7 -1 7
7 -1 44
-1 -1 -1
7 -1 1
11 -1 0
0 1 0
0 6 44
-1 -1 -1
7 -1 7
7 -1 44
-1 -1 -1
7 -1 1
11 -1 0
0 1 0
0 6 44
-1 -1 -1
7 -1 7
7 -1 44
-1 -1 -1
7 -1 1
11 -1 0
0 1 0
0 6 44
-1 -1 -1
7 -1 7
7 -1 44
-1 -1 -1
7 -1 1
11 -1 0
0 1 0
0 6 44
-1 -1 -1
7 -1 7
7 -1 44
-1 -1 -1
7 -1 1
11 -1 0
0 1 0
0 6 44
-1 -1 -1
7 -1 7
7 -1 44
-1 -1 -1
7 -1 1
11 -1 0
0 1 0
0 6 44
-1 -1 -1
7 -1 7
7 -1 44
-1 -1 -1
7 -1 1
11 -1 0
0 1 0
0 6 44
-1 -1 -1
0 -1 0
6 0 6
-1 8 0
0 10 0
0 -1 0
1 0 2
2 -1 44
-1 -1 -1
2 -1 44
-1 -1 -1
2 -1 44
-1 -1 -1
2 -1 44
-1 -1 -1
-1 2 0
0 -1 44
-1 -1 -1
2 -1 44
-1 -1 0
-1 -1 -1
3 0 3
6 6 44
-1 -1 -1
9 -1 9
9 -1 44
-1 -1 -1
-1 8 8
8 8 44
-1 -1 -1
12 -1 7
-1 -1 44
4 -1 4
44 4 -1
-1 -1 -1
-1 7 0
0 0 44
-1 -1 -1
-1 -1 44
-1 44 1
-1 -1 -1
-1 0 2
1 0 -1
2 2 44
-1 -1 -1
-1 -1 44
0 44 -1
-1 7 -1
-1 7 -1
-1 4 44
4 -1 4
44 -1 -1
5 5 44
-1 -1 -1
4 -1 4
3 -1 0
-1 4 3
4 -1 4
-1 4 5
4 -1 4
-1 4 12
4 -1 4
-1 4 44
4 -1 4
44 -1 -1
15 -1 2
0 13 -1
-1 13 -1
-1 13 -1
2 -1 6
-1 13 -1
-1 4 0
-1 13 -1
-1 13 -1
6 13 -1
0 13 -1
-1 5 44
44 -1 1
-1 1 0
0 -1 44
-1 -1 -1
1 -1 44
-1 -1 -1
1 -1 44
-1 -1 -1
1 -1 44
-1 -1 -1
-1 -1 -1
1 -1 44
-1 -1 -1
-1 -1 -1
1 -1 44
-1 -1 -1
1 -1 44
-1 -1 -1
-1 5 0
0 -1 0
0 -1 44
-1 -1 -1
-1 -1 44
-1 44 8
5 8 44
-1 -1 -1
-1 -1 44
-1 44 7
5 7 44
-1 -1 -1
-1 -1 44
-1 44 11
5 11 44
-1 -1 -1
-1 -1 44
-1 44 9
5 9 44
-1 -1 -1
-1 -1 44
-1 44 10
5 10 44
-1 -1 -1
1 -1 44
-1 -1 -1
1 -1 44
-1 -1 1
-1 -1 1
-1 -1 -1
6 6 44
1 13 -1
-1 -1 -1
14 14 44
2 -1 44
13 44 -1
-1 -1 -1
-1 14 12
-1 13 6
-1 13 8
-1 12 0
-1 12 2
0 6 44
-1 -1 -1
6 -1 44
-1 -1 -1
0 -1 44
-1 -1 -1
2 8 44
-1 -1 -1
0 6 44
-1 -1 -1
-1 -1 -1
6 -1 2
2 0 2
2 -1 0
0 0 44
-1 -1 -1
12 13 -1
13 12 -1
12 -1 0
13 13 -1
13 0 -1
-1 0 0
0 0 44
-1 -1 -1
-1 -1 -1
-1 13 45
45 -1 44
-1 -1 -1
-1 5 45
45 -1 44
-1 -1 -1
-1 5 3
-1 -1 45
-1 45 45
3 45 44
-1 -1 -1
-1 -1 44
-1 44 2
2 2 44
-1 -1 -1
-1 2 44
44 -1 0
-1 -1 44
-1 44 2
0 0 0
0 -1 0
2 0 45
45 -1 44
-1 -1 -1
-1 13 45
45 -1 44
-1 -1 -1
12 -1 3
-1 -1 -1
-1 3 45
45 -1 44
-1 -1 -1
-1 3 3
3 3 44
-1 -1 -1
-1 5 45
45 -1 44
-1 -1 -1
4 -1 4
13 -1 0
-1 4 3
4 -1 4
-1 4 5
4 -1 4
-1 4 12
4 -1 4
-1 4 13
4 -1 4
-1 4 14
4 -1 4
-1 4 15
4 -1 4
-1 4 44
4 -1 4
44 -1 -1
0 -1 10
-1 5 2
-1 2 0
-1 0 45
45 -1 44
-1 -1 -1
-1 -1 0
0 10 -1
-1 12 45
45 -1 44
-1 -1 -1
-1 5 45
45 -1 44
44 5 -1
-1 5 45
45 -1 44
44 5 -1
-1 5 0
-1 5 45
45 0 44
-1 -1 -1
0 -1 0
-1 -1 -1
-1 5 2
-1 2 1
1 1 44
-1 -1 -1
-1 1 0
-1 0 45
45 -1 44
-1 -1 -1
-1 5 3
-1 3 0
-1 0 14
14 3 44
-1 -1 -1
-1 1 0
-1 0 45
45 -1 44
-1 -1 -1
-1 5 0
-1 -1 44
-1 44 -1
-1 0 45
45 -1 44
-1 -1 -1
-1 5 1
-1 -1 44
1 44 -1
-1 5 4
-1 4 3
4 -1 4
-1 4 12
4 -1 4
-1 4 13
4 -1 4
-1 4 14
4 -1 4
-1 4 15
4 -1 4
5 -1 4
-1 4 5
-1 4 44
4 -1 4
44 -1 -1
-1 5 45
45 -1 44
-1 -1 -1
-1 -1 44
-1 44 10
10 10 44
-1 -1 -1
-1 5 7
5 -1 2
-1 -1 6
-1 -1 44
4 -1 4
44 4 -1
-1 -1 -1
15 4 -1
4 -1 4
6 -1 15
2 -1 6
14 4 -1
4 -1 4
2 -1 14
13 4 -1
4 -1 4
12 4 -1
4 -1 4
5 4 -1
4 -1 4
3 4 -1
4 -1 4
4 -1 4
7 4 -1
-1 -1 44
4 -1 4
44 4 -1
15 -1 -1
4 -1 4
-1 7 2
6 -1 1
-1 2 0
0 -1 0
0 -1 44
-1 -1 -1
-1 -1 0
4 -1 4
-1 4 44
4 -1 4
44 -1 -1
0 4 -1
0 -1 0
-1 -1 -1
-1 4 11
11 11 44
-1 -1 -1
-1 4 2
-1 2 0
0 0 44
-1 -1 -1
-1 0 44
44 -1 0
0 -1 1
-1 0 44
44 -1 0
1 4 -1
0 0 44
-1 -1 -1
0 -1 0
-1 4 -1
0 -1 0
0 4 -1
-1 4 3
-1 4 1
-1 4 2
1 3 44
44 -1 0
0 -1 44
-1 -1 -1
0 -1 44
-1 -1 -1
2 -1 0
14 -1 6
0 -1 3
-1 4 0
-1 0 44
3 44 3
-1 3 2
2 4 -1
2 -1 7
-1 -1 44
4 -1 4
44 4 -1
15 -1 -1
4 -1 4
-1 7 2
6 -1 1
-1 2 0
0 -1 0
0 -1 44
-1 -1 -1
-1 -1 0
4 -1 4
-1 4 44
4 -1 4
44 -1 -1
0 -1 44
-1 -1 -1
0 0 44
-1 -1 -1
-1 3 0
0 0 44
-1 -1 -1
-1 -1 -1
-1 0 44
44 -1 0
0 -1 1
-1 0 44
44 -1 0
1 4 -1
0 0 44
-1 -1 -1
0 -1 0
-1 4 -1
0 -1 0
0 4 -1
-1 4 3
-1 4 1
-1 4 2
1 3 44
44 -1 0
0 -1 44
-1 -1 -1
0 -1 44
-1 -1 -1
0 -1 44
-1 -1 -1
-1 4 45
45 -1 44
44 4 -1
-1 4 0
-1 4 45
45 0 44
-1 -1 -1
-1 4 3
-1 4 1
-1 4 2
1 3 44
44 -1 0
0 -1 44
-1 -1 -1
0 -1 44
-1 -1 -1
0 -1 44
-1 -1 -1
-1 4 45
45 -1 44
44 4 -1
-1 4 0
-1 4 45
45 0 44
-1 -1 -1
-1 -1 -1
-1 4 45
45 -1 44
44 4 -1
-1 4 0
-1 4 45
45 0 44
-1 -1 -1
-1 4 3
-1 4 1
-1 4 2
1 3 44
44 -1 0
0 -1 44
-1 -1 -1
0 -1 44
-1 -1 -1
2 -1 0
14 -1 6
0 -1 3
-1 4 0
-1 0 44
3 44 3
-1 3 2
2 4 -1
2 -1 7
-1 -1 44
4 -1 4
44 4 -1
15 -1 -1
4 -1 4
-1 7 2
6 -1 1
-1 2 0
0 -1 0
0 -1 44
-1 -1 -1
-1 -1 0
4 -1 4
-1 4 44
4 -1 4
44 -1 -1
0 -1 44
-1 -1 -1
0 0 44
-1 -1 -1
-1 3 0
0 0 44
-1 -1 -1
-1 -1 -1
-1 0 44
44 -1 0
0 -1 1
-1 0 44
44 -1 0
1 4 -1
0 0 44
-1 -1 -1
0 -1 0
-1 4 -1
0 -1 0
0 4 -1
-1 4 3
-1 4 1
-1 4 2
1 3 44
44 -1 0
0 -1 44
-1 -1 -1
0 -1 44
-1 -1 -1
2 -1 0
14 -1 6
0 -1 3
-1 4 0
-1 0 44
3 44 3
-1 3 12
12 -1 7
-1 -1 44
4 -1 4
44 4 -1
15 -1 -1
4 -1 4
-1 7 2
6 -1 1
-1 2 0
0 -1 0
0 -1 44
-1 -1 -1
-1 -1 0
4 -1 4
-1 4 44
4 -1 4
44 -1 -1
0 -1 44
-1 -1 -1
0 0 44
-1 -1 -1
-1 3 0
0 0 44
-1 -1 -1
-1 0 44
44 -1 0
0 -1 2
-1 0 44
44 -1 0
2 4 -1
0 0 44
-1 -1 -1
0 -1 0
-1 -1 13
0 -1 0
0 4 -1
-1 4 1
13 -1 2
1 13 44
44 -1 0
0 -1 44
-1 -1 -1
0 -1 44
-1 -1 -1
13 -1 7
14 -1 2
15 -1 6
7 -1 7
-1 12 44
7 44 7
7 -1 7
-1 -1 44
4 -1 4
44 4 -1
-1 -1 -1
15 4 -1
4 -1 4
6 -1 15
2 -1 6
14 4 -1
4 -1 4
2 -1 14
13 4 -1
4 -1 4
12 4 -1
4 -1 4
5 4 -1
4 -1 4
3 4 -1
4 -1 4
4 -1 4
7 4 -1
-1 -1 44
4 -1 4
44 4 -1
15 -1 -1
4 -1 4
-1 7 2
6 -1 1
-1 2 0
0 -1 0
0 -1 44
-1 -1 -1
-1 -1 0
4 -1 4
-1 4 44
4 -1 4
44 -1 -1
0 4 -1
0 -1 0
-1 -1 -1
-1 4 11
11 11 44
-1 -1 -1
-1 4 2
-1 2 0
0 0 44
-1 -1 -1
-1 0 44
44 -1 0
0 -1 1
-1 0 44
44 -1 0
1 4 -1
0 0 44
-1 -1 -1
0 -1 0
-1 4 -1
0 -1 0
0 4 -1
-1 4 3
-1 4 1
-1 4 2
1 3 44
44 -1 0
0 -1 44
-1 -1 -1
0 -1 44
-1 -1 -1
0 -1 44
-1 -1 -1
-1 4 45
45 -1 44
44 4 -1
-1 4 0
-1 4 45
45 0 44
-1 -1 -1
-1 4 3
-1 4 1
-1 4 2
1 3 44
44 -1 0
0 -1 44
-1 -1 -1
0 -1 44
-1 -1 -1
0 -1 44
-1 -1 -1
-1 4 45
45 -1 44
44 4 -1
-1 4 0
-1 4 45
45 0 44
-1 -1 -1
-1 -1 -1
-1 4 0
4 -1 4
-1 4 3
4 -1 4
-1 4 5
4 -1 4
-1 4 12
4 -1 4
-1 4 13
4 -1 4
-1 4 14
4 -1 4
-1 4 15
4 -1 4
-1 4 44
4 -1 4
44 -1 -1
0 0 44
-1 -1 -1
13 -1 13
-1 4 45
45 13 44
-1 -1 -1
-1 -1 -1
-1 4 1
13 -1 2
1 13 44
44 -1 0
0 -1 44
-1 -1 -1
0 -1 44
-1 -1 -1
13 -1 7
14 -1 2
15 -1 6
7 -1 7
-1 12 44
7 44 7
7 -1 7
-1 -1 44
4 -1 4
44 4 -1
-1 -1 -1
15 4 -1
4 -1 4
6 -1 15
2 -1 6
14 4 -1
4 -1 4
2 -1 14
13 4 -1
4 -1 4
12 4 -1
4 -1 4
5 4 -1
4 -1 4
3 4 -1
4 -1 4
4 -1 4
7 4 -1
-1 -1 44
4 -1 4
44 4 -1
15 -1 -1
4 -1 4
-1 7 2
6 -1 1
-1 2 0
0 -1 0
0 -1 44
-1 -1 -1
-1 -1 0
4 -1 4
-1 4 44
4 -1 4
44 -1 -1
0 4 -1
0 -1 0
-1 -1 -1
-1 4 11
11 11 44
-1 -1 -1
-1 4 2
-1 2 0
0 0 44
-1 -1 -1
-1 0 44
44 -1 0
0 -1 1
-1 0 44
44 -1 0
1 4 -1
0 0 44
-1 -1 -1
0 -1 0
-1 4 -1
0 -1 0
0 4 -1
-1 4 3
-1 4 1
-1 4 2
1 3 44
44 -1 0
0 -1 44
-1 -1 -1
0 -1 44
-1 -1 -1
0 -1 44
-1 -1 -1
-1 4 45
45 -1 44
44 4 -1
-1 4 0
-1 4 45
45 0 44
-1 -1 -1
-1 -1 -1
-1 4 0
4 -1 4
-1 4 3
4 -1 4
-1 4 5
4 -1 4
-1 4 12
4 -1 4
-1 4 13
4 -1 4
-1 4 14
4 -1 4
-1 4 15
4 -1 4
-1 4 44
4 -1 4
44 -1 -1
0 0 44
-1 -1 -1
13 -1 13
-1 4 45
45 13 44
-1 -1 -1
-1 -1 -1
-1 -1 -1
-1 4 45
45 -1 44
44 4 -1
-1 4 0
-1 4 45
45 0 44
-1 -1 -1
-1 4 3
-1 4 1
-1 4 2
1 3 44
44 -1 0
0 -1 44
-1 -1 -1
0 -1 44
-1 -1 -1
0 -1 44
-1 -1 -1
-1 4 45
45 -1 44
44 4 -1
-1 4 0
-1 4 45
45 0 44
-1 -1 -1
-1 -1 -1
-1 4 45
45 -1 44
44 4 -1
-1 4 0
-1 4 45
45 0 44
-1 -1 -1
-1 -1 -1
-1 4 0
4 -1 4
-1 4 3
4 -1 4
-1 4 5
4 -1 4
-1 4 12
4 -1 4
-1 4 13
4 -1 4
-1 4 14
4 -1 4
-1 4 15
4 -1 4
-1 4 44
4 -1 4
44 -1 -1
-1 -1 2
0 0 44
-1 -1 44
-1 44 44
44 -1 2
-1 -1 44
2 44 -1
-1 -1 -1
5 -1 7
-1 -1 44
4 -1 4
44 4 -1
-1 -1 -1
-1 7 45
45 -1 44
-1 -1 -1
-1 -1 0
-1 4 44
4 -1 4
44 -1 -1
0 0 44
-1 -1 -1
13 13 44
-1 -1 -1
-1 5 12
12 13 44
-1 -1 -1
12 -1 5
-1 5 44
44 -1 12
12 -1 44
-1 -1 -1
-1 -1 3
14 -1 44
-1 -1 -1
14 -1 14
-1 4 0
-1 0 0
0 5 44
0 4 -1
-1 -1 -1
-1 5 45
45 -1 44
-1 -1 -1
12 -1 0
-1 0 45
45 -1 44
-1 -1 -1
-1 5 7
7 7 44
-1 -1 -1
15 -1 6
5 -1 7
-1 -1 44
4 -1 4
44 4 -1
-1 -1 -1
5 4 -1
4 -1 4
4 -1 5
15 4 -1
4 -1 4
14 4 -1
4 -1 4
13 4 -1
4 -1 4
12 4 -1
4 -1 4
3 4 -1
4 -1 4
4 -1 4
-1 7 45
45 -1 44
7 5 -1
6 5 -1
-1 7 0
-1 -1 44
7 44 -1
0 5 -1
-1 -1 -1
-1 5 1
-1 1 44
44 -1 0
0 -1 44
-1 -1 -1
4 -1 4
-1 4 3
3 -1 3
1 3 -1
3 5 -1
-1 -1 44
-1 44 0
-1 1 45
45 0 44
-1 -1 -1
-1 1 7
-1 7 45
45 -1 44
-1 -1 -1
-1 -1 -1
-1 -1 44
4 -1 4
44 4 -1
-1 -1 -1
14 4 -1
4 -1 4
-1 -1 44
-1 44 1
13 4 -1
4 -1 4
-1 -1 13
1 1 44
12 4 -1
4 -1 4
5 4 -1
4 -1 4
3 4 -1
4 -1 4
-1 -1 -1
-1 -1 44
-1 44 7
7 13 44
-1 -1 -1
-1 4 3
4 -1 4
-1 4 5
4 -1 4
-1 4 12
4 -1 4
-1 4 13
4 -1 4
-1 4 14
4 -1 4
-1 -1 0
-1 -1 44
-1 44 -1
-1 4 44
4 -1 4
44 -1 -1
-1 5 -1
-1 5 7
-1 -1 44
4 -1 4
44 4 -1
-1 -1 -1
5 4 -1
4 -1 4
7 -1 5
3 4 -1
4 -1 4
4 -1 4
-1 7 44
44 -1 0
0 -1 44
-1 -1 -1
0 -1 44
-1 -1 -1
4 -1 4
-1 4 3
4 -1 4
-1 4 5
4 -1 4
-1 4 44
4 -1 4
44 -1 -1
-1 5 1
-1 1 45
45 -1 44
-1 -1 -1
-1 5 3
3 3 44
-1 -1 -1
-1 5 0
-1 0 45
45 -1 44
-1 -1 -1
-1 5 11
11 11 44
-1 -1 -1
-1 -1 44
-1 44 -1
-1 5 1
-1 -1 44
1 44 -1
-1 5 4
-1 4 3
4 -1 4
-1 4 12
4 -1 4
-1 4 13
4 -1 4
-1 4 14
4 -1 4
-1 4 15
4 -1 4
5 -1 4
-1 4 5
-1 4 44
4 -1 4
44 -1 -1
-1 5 45
45 -1 44
-1 -1 -1
5 -1 7
-1 -1 44
4 -1 4
44 4 -1
-1 -1 -1
-1 7 45
45 -1 44
-1 -1 -1
-1 7 2
-1 2 45
45 -1 44
-1 -1 -1
-1 2 45
45 -1 44
-1 -1 -1
-1 -1 -1
-1 2 0
-1 0 45
45 -1 44
-1 -1 -1
-1 2 0
-1 0 45
45 -1 44
-1 -1 0
-1 -1 0
0 -1 0
-1 4 44
4 -1 4
44 -1 -1
0 0 44
-1 -1 -1
13 13 44
-1 -1 -1
-1 5 45
45 13 44
-1 -1 0
-1 4 44
44 -1 0
0 4 -1
-1 13 45
45 -1 44
-1 -1 -1
-1 13 5
-1 5 12
12 13 44
-1 -1 -1
-1 13 45
45 -1 44
-1 -1 -1
-1 13 0
0 -1 0
0 13 -1
-1 4 45
0 45 44
-1 -1 -1
-1 5 12
13 12 44
-1 -1 -1
-1 -1 -1
-1 -1 44
-1 44 0
-1 -1 45
-1 45 45
0 45 44
-1 -1 -1
13 -1 7
-1 -1 44
4 -1 4
44 4 -1
-1 -1 -1
7 7 44
-1 -1 -1
-1 7 7
7 7 44
-1 -1 -1
-1 -1 -1
-1 7 45
45 -1 44
-1 -1 -1
7 -1 0
-1 4 44
4 -1 4
44 -1 -1
-1 -1 44
-1 44 9
9 9 44
-1 -1 -1
-1 -1 44
-1 44 8
8 8 44
-1 -1 -1
-1 -1 44
-1 44 44
44 -1 7
-1 -1 3
7 7 7
7 -1 7
-1 -1 44
-1 44 44
7 44 7
-1 -1 44
4 -1 4
44 4 -1
-1 -1 -1
-1 -1 44
-1 44 0
3 4 -1
4 -1 4
7 -1 2
0 0 44
-1 -1 -1
7 7 44
-1 -1 -1
-1 2 0
-1 7 7
0 -1 44
-1 -1 -1
0 -1 44
-1 -1 3
-1 -1 -1
-1 -1 6
-1 -1 0
-1 -1 45
-1 45 45
45 -1 44
-1 -1 -1
-1 3 44
0 44 45
6 -1 44
44 -1 0
44 3 -1
-1 -1 -1
2 -1 6
3 -1 7
-1 -1 44
4 -1 4
44 4 -1
-1 -1 -1
15 4 -1
4 -1 4
6 -1 1
14 4 -1
4 -1 4
13 4 -1
4 -1 4
7 -1 13
12 4 -1
4 -1 4
5 4 -1
4 -1 4
3 4 -1
4 -1 4
-1 6 3
4 -1 4
-1 6 2
2 -1 5
5 -1 5
5 -1 0
-1 0 0
3 0 44
-1 -1 -1
3 -1 44
-1 -1 -1
5 -1 44
-1 -1 6
-1 -1 -1
-1 -1 45
-1 45 45
5 45 44
-1 -1 -1
2 -1 2
-1 -1 -1
-1 7 2
-1 -1 6
3 2 44
-1 -1 -1
-1 7 45
45 -1 44
5 3 12
-1 -1 -1
-1 2 0
-1 -1 6
0 -1 0
0 2 0
0 12 44
-1 -1 -1
-1 12 0
-1 -1 6
0 -1 44
-1 -1 -1
0 -1 44
-1 -1 -1
0 -1 14
14 -1 14
-1 13 45
14 45 44
-1 -1 -1
-1 -1 44
-1 44 0
0 0 44
-1 -1 -1
-1 3 45
45 -1 44
-1 -1 -1
-1 13 45
12 45 44
-1 -1 -1
14 12 45
45 -1 44
-1 -1 -1
-1 12 0
-1 12 2
-1 0 45
12 45 44
-1 -1 -1
-1 2 45
12 45 44
-1 -1 -1
2 0 -1
0 2 -1
-1 -1 -1
5 14 5
-1 13 0
5 3 44
5 44 -1
-1 0 2
0 3 -1
2 3 -1
3 0 -1
5 -1 0
0 -1 0
3 2 -1
0 3 -1
5 -1 44
-1 -1 -1
4 -1 4
-1 4 3
4 -1 4
-1 4 5
4 -1 4
-1 4 12
4 -1 4
-1 4 13
4 -1 4
-1 4 14
4 -1 4
-1 4 15
4 -1 4
-1 4 44
4 -1 4
44 -1 -1
-1 -1 45
-1 45 45
45 -1 44
-1 -1 -1
-1 3 44
44 -1 44
44 3 -1
-1 -1 -1
-1 4 3
4 -1 4
-1 4 44
4 -1 4
44 -1 -1
13 13 44
-1 -1 -1
-1 13 3
4 -1 4
3 -1 0
-1 4 3
4 -1 4
-1 4 5
4 -1 4
-1 4 12
4 -1 4
-1 4 13
4 -1 4
-1 4 14
4 -1 4
-1 4 15
4 -1 4
-1 4 44
4 -1 4
44 -1 -1
-1 -1 44
-1 44 5
5 5 44
-1 -1 -1
3 3 44
-1 -1 -1
-1 -1 -1
-1 -1 44
-1 44 8
-1 -1 44
-1 44 2
12 -1 1
4 -1 6
3 -1 7
-1 -1 44
-1 44 -1
-1 -1 44
4 -1 4
44 4 -1
-1 -1 -1
15 4 -1
4 -1 4
14 4 -1
4 -1 4
13 4 -1
4 -1 4
12 4 -1
4 -1 4
6 -1 12
5 4 -1
4 -1 4
3 4 -1
4 -1 4
7 -1 3
4 -1 4
2 4 -1
1 4 -1
8 4 -1
-1 7 44
44 -1 0
-1 -1 44
-1 44 2
7 4 -1
0 2 15
-1 7 44
44 -1 0
-1 0 45
45 -1 44
-1 -1 -1
-1 -1 44
4 -1 4
44 4 -1
-1 -1 -1
7 7 44
-1 -1 -1
-1 7 7
7 7 44
-1 -1 -1
-1 -1 -1
-1 7 44
44 -1 0
0 -1 44
-1 -1 -1
0 -1 44
-1 -1 -1
-1 -1 -1
0 -1 44
-1 -1 -1
-1 7 7
7 7 44
-1 -1 -1
-1 -1 -1
-1 7 44
44 -1 0
0 -1 44
-1 -1 -1
0 -1 44
-1 -1 -1
-1 -1 -1
0 -1 44
-1 -1 -1
-1 7 7
7 7 44
-1 -1 -1
-1 -1 -1
-1 7 44
44 -1 0
0 -1 44
-1 -1 -1
0 -1 44
-1 -1 -1
-1 -1 -1
0 -1 44
-1 -1 -1
-1 7 7
7 7 44
-1 -1 -1
-1 -1 -1
-1 7 44
44 -1 0
0 -1 44
-1 -1 -1
7 -1 0
-1 4 44
4 -1 4
44 -1 -1
0 4 -1
-1 12 6
6 6 44
6 -1 5
-1 -1 -1
-1 6 5
5 -1 2
2 -1 0
0 -1 0
12 0 45
45 -1 44
-1 -1 -1
-1 -1 -1
2 -1 2
6 -1 5
-1 -1 44
12 2 45
44 45 -1
-1 3 45
45 -1 44
-1 -1 -1
15 -1 14
-1 -1 13
-1 4 -1
-1 -1 -1
-1 3 44
44 -1 1
1 -1 44
-1 -1 -1
-1 4 7
7 7 44
-1 -1 -1
1 -1 44
-1 -1 -1
-1 3 45
45 -1 44
-1 -1 -1
-1 3 7
7 7 44
-1 -1 -1
-1 7 45
45 -1 44
-1 -1 -1
1 -1 0
-1 0 45
45 -1 44
-1 -1 -1
-1 -1 0
1 -1 44
-1 -1 0
-1 -1 0
-1 4 45
45 0 44
44 4 -1
-1 3 0
-1 -1 45
-1 45 45
0 45 44
-1 -1 -1
0 -1 2
-1 -1 44
-1 44 0
2 0 0
14 0 44
0 -1 14
0 15 44
0 -1 15
5 13 44
-1 -1 -1
13 -1 0
0 -1 0
0 12 0
-1 0 2
-1 0 0
0 3 44
-1 -1 -1
-1 4 0
-1 4 44
0 44 0
-1 -1 -1
5 -1 44
-1 -1 -1
1 -1 44
-1 -1 -1
-1 -1 -1
-1 3 0
0 -1 3
3 3 44
-1 -1 -1
-1 3 44
44 -1 1
1 -1 44
-1 -1 -1
-1 4 7
7 7 44
-1 -1 -1
1 -1 44
-1 -1 -1
-1 3 45
45 -1 44
-1 -1 -1
-1 3 7
7 7 44
-1 -1 -1
-1 7 45
45 -1 44
-1 -1 -1
1 -1 0
-1 0 45
45 -1 44
-1 -1 -1
-1 -1 0
1 -1 44
-1 -1 0
-1 -1 0
-1 4 45
45 0 44
44 4 -1
-1 3 0
-1 -1 45
-1 45 45
0 45 44
-1 -1 -1
0 -1 2
-1 -1 44
-1 44 0
2 0 0
14 0 44
0 -1 14
0 15 44
0 -1 15
5 13 44
-1 -1 -1
13 -1 0
0 -1 0
0 12 0
-1 0 2
-1 0 0
0 3 44
-1 -1 -1
-1 4 0
-1 4 44
0 44 0
-1 -1 -1
5 -1 44
-1 -1 -1
1 -1 44
-1 -1 -1
-1 -1 -1
-1 3 0
0 -1 3
3 3 44
-1 -1 -1
-1 3 44
44 -1 1
1 -1 44
-1 -1 -1
-1 4 7
7 7 44
-1 -1 -1
1 -1 44
-1 -1 -1
-1 3 45
45 -1 44
-1 -1 -1
-1 3 7
7 7 44
-1 -1 -1
-1 7 45
45 -1 44
-1 -1 -1
1 -1 0
-1 0 45
45 -1 44
-1 -1 -1
-1 -1 0
1 -1 44
-1 -1 0
-1 -1 0
-1 4 45
45 0 44
44 4 -1
-1 3 0
-1 -1 45
-1 45 45
0 45 44
-1 -1 -1
0 -1 2
-1 -1 44
-1 44 0
2 0 0
14 0 44
0 -1 14
0 15 44
0 -1 15
5 13 44
-1 -1 -1
13 -1 0
0 -1 0
0 12 0
-1 0 2
-1 0 0
0 3 44
-1 -1 -1
-1 4 0
-1 4 44
0 44 0
-1 -1 -1
5 -1 44
-1 -1 -1
1 -1 44
-1 -1 -1
-1 -1 -1
-1 3 0
0 -1 3
3 3 44
-1 -1 -1
-1 3 44
44 -1 1
1 -1 44
-1 -1 -1
-1 4 7
7 7 44
-1 -1 -1
1 -1 44
-1 -1 -1
-1 3 45
45 -1 44
-1 -1 -1
-1 3 7
7 7 44
-1 -1 -1
-1 7 45
45 -1 44
-1 -1 -1
1 -1 0
-1 0 45
45 -1 44
-1 -1 -1
-1 -1 0
1 -1 44
-1 -1 0
-1 -1 0
-1 4 45
45 0 44
44 4 -1
-1 3 0
-1 -1 45
-1 45 45
0 45 44
-1 -1 -1
0 -1 2
-1 -1 44
-1 44 0
2 0 0
14 0 44
0 -1 14
0 15 44
0 -1 15
5 13 44
-1 -1 -1
13 -1 0
0 -1 0
0 12 0
-1 0 2
-1 0 0
0 3 44
-1 -1 -1
-1 4 0
-1 4 44
0 44 0
-1 -1 -1
5 -1 44
-1 -1 -1
1 -1 44
-1 -1 -1
-1 -1 -1
-1 3 0
0 -1 3
3 3 44
-1 -1 -1
-1 3 44
44 -1 1
1 -1 44
-1 -1 -1
-1 4 7
7 7 44
-1 -1 -1
1 -1 44
-1 -1 -1
-1 3 7
7 7 44
-1 -1 -1
-1 7 45
45 -1 44
-1 -1 -1
1 -1 0
-1 0 45
45 -1 44
-1 -1 -1
-1 3 0
-1 0 45
45 -1 44
-1 -1 -1
-1 -1 0
1 -1 44
-1 -1 0
-1 -1 0
-1 4 45
45 0 44
44 4 -1
-1 3 0
-1 -1 45
-1 45 45
0 45 44
-1 -1 -1
0 -1 2
-1 -1 44
-1 44 0
2 0 0
14 0 44
0 -1 14
0 15 44
0 -1 15
5 13 44
-1 -1 -1
13 -1 0
0 -1 0
0 12 0
-1 0 2
-1 0 0
0 3 44
-1 -1 -1
-1 4 0
-1 4 44
0 44 0
-1 -1 -1
5 -1 44
-1 -1 -1
1 -1 44
-1 -1 -1
-1 -1 -1
-1 3 0
0 -1 3
3 3 44
-1 -1 -1
-1 3 44
44 -1 1
1 -1 44
-1 -1 -1
-1 4 7
7 7 44
-1 -1 -1
1 -1 44
-1 -1 -1
-1 3 7
7 7 44
-1 -1 -1
-1 7 45
45 -1 44
-1 -1 -1
1 -1 0
-1 0 45
45 -1 44
-1 -1 -1
-1 3 0
-1 0 45
45 -1 44
-1 -1 -1
-1 -1 0
1 -1 44
-1 -1 0
-1 -1 0
-1 4 45
45 0 44
44 4 -1
-1 3 0
-1 -1 45
-1 45 45
0 45 44
-1 -1 -1
0 -1 2
-1 -1 44
-1 44 0
2 0 0
14 0 44
0 -1 14
0 15 44
0 -1 15
5 13 44
-1 -1 -1
13 -1 0
0 -1 0
0 12 0
-1 0 2
-1 0 0
0 3 44
-1 -1 -1
-1 4 0
-1 4 44
0 44 0
-1 -1 -1
5 -1 44
-1 -1 -1
1 -1 44
-1 -1 -1
-1 -1 -1
-1 3 0
0 -1 3
3 3 44
-1 -1 -1
-1 3 44
44 -1 1
1 -1 44
-1 -1 -1
-1 4 7
7 7 44
-1 -1 -1
1 -1 44
-1 -1 -1
-1 3 7
7 7 44
-1 -1 -1
-1 7 45
45 -1 44
-1 -1 -1
1 -1 0
-1 0 45
45 -1 44
-1 -1 -1
-1 3 0
-1 0 45
45 -1 44
-1 -1 -1
-1 -1 0
1 -1 44
-1 -1 0
-1 -1 0
-1 4 45
45 0 44
44 4 -1
-1 3 0
-1 -1 45
-1 45 45
0 45 44
-1 -1 -1
0 -1 2
-1 -1 44
-1 44 0
2 0 0
14 0 44
0 -1 14
0 15 44
0 -1 15
5 13 44
-1 -1 -1
13 -1 0
0 -1 0
0 12 0
-1 0 2
-1 0 0
0 3 44
-1 -1 -1
-1 4 0
-1 4 44
0 44 0
-1 -1 -1
5 -1 44
-1 -1 -1
1 -1 44
-1 -1 -1
-1 -1 -1
-1 3 0
0 -1 3
3 3 44
-1 -1 -1
-1 3 44
44 -1 1
1 -1 44
-1 -1 -1
-1 4 7
7 7 44
-1 -1 -1
1 -1 44
-1 -1 -1
-1 3 7
7 7 44
-1 -1 -1
-1 7 45
45 -1 44
-1 -1 -1
1 -1 0
-1 0 45
45 -1 44
-1 -1 -1
-1 3 0
-1 0 45
45 -1 44
-1 -1 -1
-1 -1 0
1 -1 44
-1 -1 0
-1 -1 0
-1 4 45
45 0 44
44 4 -1
-1 3 0
-1 -1 45
-1 45 45
0 45 44
-1 -1 -1
0 -1 2
-1 -1 44
-1 44 0
2 0 0
14 0 44
0 -1 14
0 15 44
0 -1 15
5 13 44
-1 -1 -1
13 -1 0
0 -1 0
0 12 0
-1 0 2
-1 0 0
0 3 44
-1 -1 -1
-1 4 0
-1 4 44
0 44 0
-1 -1 -1
5 -1 44
-1 -1 -1
1 -1 44
-1 -1 -1
-1 -1 -1
-1 3 0
0 -1 3
3 3 44
-1 -1 -1
-1 3 44
44 -1 1
1 -1 44
-1 -1 -1
-1 4 7
7 7 44
-1 -1 -1
1 -1 44
-1 -1 -1
-1 3 7
7 7 44
-1 -1 -1
-1 7 45
45 -1 44
-1 -1 -1
1 -1 0
-1 0 45
45 -1 44
-1 -1 -1
-1 3 0
-1 0 45
45 -1 44
-1 -1 -1
-1 -1 0
1 -1 44
-1 -1 0
-1 -1 0
-1 4 45
45 0 44
44 4 -1
-1 3 0
-1 -1 45
-1 45 45
0 45 44
-1 -1 -1
0 -1 2
-1 -1 44
-1 44 0
2 0 0
14 0 44
0 -1 14
0 15 44
0 -1 15
5 13 44
-1 -1 -1
13 -1 0
0 -1 0
0 12 0
-1 0 2
-1 0 0
0 3 44
-1 -1 -1
-1 4 0
-1 4 44
0 44 0
-1 -1 -1
5 -1 44
-1 -1 -1
1 -1 44
-1 -1 -1
-1 -1 -1
-1 3 0
0 -1 3
3 3 44
-1 -1 -1
-1 3 44
44 -1 1
1 -1 44
-1 -1 -1
-1 4 7
7 7 44
-1 -1 -1
1 -1 44
-1 -1 -1
-1 3 7
7 7 44
-1 -1 -1
-1 7 45
45 -1 44
-1 -1 -1
1 -1 0
-1 0 45
45 -1 44
-1 -1 -1
-1 3 0
-1 0 45
45 -1 44
-1 -1 -1
-1 -1 0
1 -1 44
-1 -1 0
-1 -1 0
-1 4 45
45 0 44
44 4 -1
-1 3 0
-1 -1 45
-1 45 45
0 45 44
-1 -1 -1
0 -1 2
-1 -1 44
-1 44 0
2 0 0
14 0 44
0 -1 14
0 15 44
0 -1 15
5 13 44
-1 -1 -1
13 -1 0
0 -1 0
0 12 0
-1 0 2
-1 0 0
0 3 44
-1 -1 -1
-1 2 45
45 -1 44
-1 -1 -1
-1 -1 -1
-1 0 0
13 -1 13
-1 -1 -1
0 -1 3
3 3 44
-1 -1 -1
-1 3 44
44 -1 1
1 -1 44
-1 -1 -1
-1 4 7
7 7 44
-1 -1 -1
1 -1 44
-1 -1 -1
-1 3 45
45 -1 44
-1 -1 -1
-1 3 7
7 7 44
-1 -1 -1
-1 7 45
45 -1 44
-1 -1 -1
1 -1 0
-1 0 45
45 -1 44
-1 -1 -1
-1 -1 0
1 -1 44
-1 -1 0
-1 -1 0
-1 4 45
45 0 44
44 4 -1
-1 3 0
-1 -1 45
-1 45 45
0 45 44
-1 -1 -1
0 -1 2
-1 -1 44
-1 44 0
2 0 0
14 0 44
0 -1 14
0 15 44
0 -1 15
5 13 44
-1 -1 -1
-1 4 0
-1 4 44
0 44 0
-1 -1 -1
5 -1 44
-1 -1 -1
1 -1 44
-1 -1 -1
-1 -1 -1
-1 3 0
0 -1 3
3 3 44
-1 -1 -1
-1 3 44
44 -1 1
1 -1 44
-1 -1 -1
-1 4 7
7 7 44
-1 -1 -1
1 -1 44
-1 -1 -1
-1 3 7
7 7 44
-1 -1 -1
-1 7 45
45 -1 44
-1 -1 -1
1 -1 0
-1 0 45
45 -1 44
-1 -1 -1
-1 3 0
-1 0 45
45 -1 44
-1 -1 -1
-1 -1 0
1 -1 44
-1 -1 0
-1 -1 0
-1 4 45
45 0 44
44 4 -1
-1 3 0
-1 -1 45
-1 45 45
0 45 44
-1 -1 -1
0 -1 2
-1 -1 44
-1 44 0
2 0 0
14 0 44
0 -1 14
0 15 44
0 -1 15
5 13 44
-1 -1 -1
-1 4 0
-1 4 44
0 44 0
-1 -1 -1
5 -1 44
-1 -1 -1
1 -1 44
-1 -1 -1
-1 -1 -1
-1 3 0
0 -1 3
3 3 44
-1 -1 -1
-1 3 44
44 -1 1
1 -1 44
-1 -1 -1
-1 4 7
7 7 44
-1 -1 -1
1 -1 44
-1 -1 -1
-1 3 7
7 7 44
-1 -1 -1
-1 7 45
45 -1 44
-1 -1 -1
1 -1 0
-1 0 45
45 -1 44
-1 -1 -1
-1 3 0
-1 0 45
45 -1 44
-1 -1 -1
-1 -1 0
1 -1 44
-1 -1 0
-1 -1 0
-1 4 45
45 0 44
44 4 -1
-1 3 0
-1 -1 45
-1 45 45
0 45 44
-1 -1 -1
0 -1 2
-1 -1 44
-1 44 0
2 0 0
14 0 44
0 -1 14
0 15 44
0 -1 15
5 13 44
-1 -1 -1
-1 4 0
-1 4 44
0 44 0
-1 -1 -1
5 -1 44
-1 -1 -1
1 -1 44
-1 -1 -1
-1 -1 -1
-1 3 0
0 -1 3
3 3 44
-1 -1 -1
-1 3 44
44 -1 1
1 -1 44
-1 -1 -1
-1 4 7
7 7 44
-1 -1 -1
1 -1 44
-1 -1 -1
-1 3 7
7 7 44
-1 -1 -1
-1 7 45
45 -1 44
-1 -1 -1
1 -1 0
-1 0 45
45 -1 44
-1 -1 -1
-1 3 0
-1 0 45
45 -1 44
-1 -1 -1
-1 -1 0
1 -1 44
-1 -1 0
-1 -1 0
-1 4 45
45 0 44
44 4 -1
-1 3 0
-1 -1 45
-1 45 45
0 45 44
-1 -1 -1
0 -1 2
-1 -1 44
-1 44 0
2 0 0
14 0 44
0 -1 14
0 15 44
0 -1 15
5 13 44
-1 -1 -1
-1 4 0
-1 4 44
0 44 0
-1 -1 -1
5 -1 44
-1 -1 -1
1 -1 44
-1 -1 -1
-1 -1 -1
-1 3 0
0 -1 3
3 3 44
-1 -1 -1
-1 3 44
44 -1 1
1 -1 44
-1 -1 -1
-1 4 7
7 7 44
-1 -1 -1
1 -1 44
-1 -1 -1
-1 3 7
7 7 44
-1 -1 -1
-1 7 45
45 -1 44
-1 -1 -1
1 -1 0
-1 0 45
45 -1 44
-1 -1 -1
-1 3 0
-1 0 45
45 -1 44
-1 -1 -1
-1 -1 0
1 -1 44
-1 -1 0
-1 -1 0
-1 4 45
45 0 44
44 4 -1
-1 3 0
-1 -1 45
-1 45 45
0 45 44
-1 -1 -1
0 -1 2
-1 -1 44
-1 44 0
2 0 0
14 0 44
0 -1 14
0 15 44
0 -1 15
5 13 44
-1 -1 -1
-1 4 0
-1 4 44
0 44 0
-1 -1 -1
5 -1 44
-1 -1 -1
1 -1 44
-1 -1 -1
-1 -1 -1
-1 3 0
0 -1 3
3 3 44
-1 -1 -1
-1 3 44
44 -1 1
1 -1 44
-1 -1 -1
-1 4 7
7 7 44
-1 -1 -1
1 -1 44
-1 -1 -1
-1 3 7
7 7 44
-1 -1 -1
-1 7 45
45 -1 44
-1 -1 -1
1 -1 0
-1 0 45
45 -1 44
-1 -1 -1
-1 3 0
-1 0 45
45 -1 44
-1 -1 -1
-1 -1 0
1 -1 44
-1 -1 0
-1 -1 0
-1 4 45
45 0 44
44 4 -1
-1 3 0
-1 -1 45
-1 45 45
0 45 44
-1 -1 -1
0 -1 2
-1 -1 44
-1 44 0
2 0 0
14 0 44
0 -1 14
0 15 44
0 -1 15
5 13 44
-1 -1 -1
-1 4 0
-1 4 44
0 44 0
-1 -1 -1
5 -1 44
-1 -1 -1
1 -1 44
-1 -1 -1
-1 -1 -1
-1 3 0
0 -1 3
3 3 44
-1 -1 -1
-1 3 44
44 -1 1
1 -1 44
-1 -1 -1
-1 4 7
7 7 44
-1 -1 -1
1 -1 44
-1 -1 -1
-1 3 7
7 7 44
-1 -1 -1
-1 7 45
45 -1 44
-1 -1 -1
1 -1 0
-1 0 45
45 -1 44
-1 -1 -1
-1 3 0
-1 0 45
45 -1 44
-1 -1 -1
-1 -1 0
1 -1 44
-1 -1 0
-1 -1 0
-1 4 45
45 0 44
44 4 -1
-1 3 0
-1 -1 45
-1 45 45
0 45 44
-1 -1 -1
0 -1 2
-1 -1 44
-1 44 0
2 0 0
14 0 44
0 -1 14
0 15 44
0 -1 15
5 13 44
-1 -1 -1
-1 4 0
-1 4 44
0 44 0
-1 -1 -1
5 -1 44
-1 -1 -1
1 -1 44
-1 -1 -1
-1 3 0
-1 0 45
45 -1 44
-1 -1 -1
-1 0 0
-1 0 45
45 -1 44
-1 -1 -1
-1 3 0
0 0 44
-1 -1 -1
-1 0 45
45 -1 44
-1 -1 -1
-1 0 45
45 -1 44
-1 -1 -1
-1 0 8
8 8 44
-1 -1 -1
-1 8 45
45 -1 44
-1 -1 -1
-1 8 45
45 -1 44
-1 -1 -1
-1 4 1
1 1 44
-1 -1 -1
-1 8 45
45 -1 44
-1 -1 -1
8 -1 7
-1 -1 44
4 -1 4
44 4 -1
-1 -1 -1
7 7 44
-1 -1 -1
-1 7 7
7 7 44
-1 -1 -1
-1 -1 -1
-1 7 44
44 -1 0
0 -1 44
-1 -1 -1
0 -1 44
-1 -1 -1
-1 -1 -1
0 -1 44
-1 -1 -1
-1 7 7
7 7 44
-1 -1 -1
-1 -1 -1
-1 7 44
44 -1 0
0 -1 44
-1 -1 -1
0 -1 44
-1 -1 -1
-1 -1 -1
0 -1 44
-1 -1 -1
-1 7 7
7 7 44
-1 -1 -1
-1 -1 -1
-1 7 44
44 -1 0
0 -1 44
-1 -1 -1
0 -1 44
-1 -1 -1
-1 -1 -1
0 -1 44
-1 -1 -1
-1 7 7
7 7 44
-1 -1 -1
-1 -1 -1
-1 7 44
44 -1 0
0 -1 44
-1 -1 -1
7 -1 0
-1 4 44
4 -1 4
44 -1 -1
-1 4 45
45 0 44
-1 -1 -1
13 13 44
-1 -1 -1
-1 12 45
45 3 44
-1 -1 -1
12 -1 2
-1 -1 1
-1 -1 -1
1 -1 1
1 13 44
-1 -1 -1
1 -1 0
0 -1 0
0 12 0
3 0 -1
-1 0 -1
-1 3 3
-1 1 13
13 -1 5
-1 3 0
-1 -1 44
44 0 -1
-1 3 0
-1 -1 -1
0 -1 3
3 3 44
-1 -1 -1
-1 3 44
44 -1 1
1 -1 44
-1 -1 -1
-1 4 7
7 7 44
-1 -1 -1
1 -1 44
-1 -1 -1
-1 3 45
45 -1 44
-1 -1 -1
-1 3 7
7 7 44
-1 -1 -1
-1 7 45
45 -1 44
-1 -1 -1
1 -1 0
-1 0 45
45 -1 44
-1 -1 -1
-1 -1 0
1 -1 44
-1 -1 0
-1 -1 0
-1 4 45
45 0 44
44 4 -1
-1 3 0
-1 -1 45
-1 45 45
0 45 44
-1 -1 -1
0 -1 2
-1 -1 44
-1 44 0
2 0 0
14 0 44
0 -1 14
0 15 44
0 -1 15
5 13 44
-1 -1 -1
-1 4 0
-1 4 44
0 44 0
-1 -1 -1
5 -1 44
-1 -1 -1
1 -1 44
-1 -1 -1
-1 -1 -1
-1 3 0
0 -1 3
3 3 44
-1 -1 -1
-1 3 44
44 -1 1
1 -1 44
-1 -1 -1
-1 4 7
7 7 44
-1 -1 -1
1 -1 44
-1 -1 -1
-1 3 45
45 -1 44
-1 -1 -1
-1 3 7
7 7 44
-1 -1 -1
-1 7 45
45 -1 44
-1 -1 -1
1 -1 0
-1 0 45
45 -1 44
-1 -1 -1
-1 -1 0
1 -1 44
-1 -1 0
-1 -1 0
-1 4 45
45 0 44
44 4 -1
-1 3 0
-1 -1 45
-1 45 45
0 45 44
-1 -1 -1
0 -1 2
-1 -1 44
-1 44 0
2 0 0
14 0 44
0 -1 14
0 15 44
0 -1 15
5 13 44
-1 -1 -1
-1 4 0
-1 4 44
0 44 0
-1 -1 -1
5 -1 44
-1 -1 -1
1 -1 44
-1 -1 -1
-1 -1 -1
-1 3 0
0 -1 3
3 3 44
-1 -1 -1
-1 3 44
44 -1 1
1 -1 44
-1 -1 -1
-1 4 7
7 7 44
-1 -1 -1
1 -1 44
-1 -1 -1
-1 3 7
7 7 44
-1 -1 -1
-1 7 45
45 -1 44
-1 -1 -1
1 -1 0
-1 0 45
45 -1 44
-1 -1 -1
-1 3 0
-1 0 45
45 -1 44
-1 -1 -1
-1 0 0
-1 0 2
-1 4 45
45 2 44
44 4 -1
-1 -1 -1
-1 3 0
-1 -1 45
-1 45 45
0 45 44
-1 -1 -1
0 -1 2
-1 -1 44
-1 44 0
2 0 0
14 0 44
0 -1 14
0 15 44
0 -1 15
5 13 44
-1 -1 -1
-1 4 0
-1 4 44
0 44 0
-1 -1 -1
5 -1 44
-1 -1 -1
1 -1 44
-1 -1 -1
-1 -1 -1
-1 3 0
0 -1 3
3 3 44
-1 -1 -1
-1 3 44
44 -1 1
1 -1 44
-1 -1 -1
-1 4 7
7 7 44
-1 -1 -1
1 -1 44
-1 -1 -1
-1 3 7
7 7 44
-1 -1 -1
-1 7 45
45 -1 44
-1 -1 -1
1 -1 0
-1 0 45
45 -1 44
-1 -1 -1
-1 3 0
-1 0 45
45 -1 44
-1 -1 -1
-1 -1 0
1 -1 44
-1 -1 0
-1 -1 0
-1 4 45
45 0 44
44 4 -1
-1 3 0
-1 -1 45
-1 45 45
0 45 44
-1 -1 -1
0 -1 2
-1 -1 44
-1 44 0
2 0 0
14 0 44
0 -1 14
0 15 44
0 -1 15
5 13 44
-1 -1 -1
-1 4 0
-1 4 44
0 44 0
-1 -1 -1
5 -1 44
-1 -1 -1
1 -1 44
-1 -1 -1
-1 -1 -1
-1 3 0
0 -1 3
3 3 44
-1 -1 -1
-1 3 44
44 -1 1
1 -1 44
-1 -1 -1
-1 4 7
7 7 44
-1 -1 -1
1 -1 44
-1 -1 -1
-1 3 7
7 7 44
-1 -1 -1
-1 7 45
45 -1 44
-1 -1 -1
1 -1 0
-1 0 45
45 -1 44
-1 -1 -1
-1 3 0
-1 0 45
45 -1 44
-1 -1 -1
-1 -1 0
1 -1 44
-1 -1 0
-1 -1 0
-1 4 45
45 0 44
44 4 -1
-1 3 0
-1 -1 45
-1 45 45
0 45 44
-1 -1 -1
0 -1 2
-1 -1 44
-1 44 0
2 0 0
14 0 44
0 -1 14
0 15 44
0 -1 15
5 13 44
-1 -1 -1
-1 4 0
-1 4 44
0 44 0
-1 -1 -1
5 -1 44
-1 -1 -1
1 -1 44
-1 -1 -1
-1 -1 -1
-1 3 0
0 -1 3
3 3 44
-1 -1 -1
-1 3 44
44 -1 1
1 -1 44
-1 -1 -1
-1 4 7
7 7 44
-1 -1 -1
1 -1 44
-1 -1 -1
-1 3 7
7 7 44
-1 -1 -1
-1 7 45
45 -1 44
-1 -1 -1
1 -1 0
-1 0 45
45 -1 44
-1 -1 -1
-1 3 0
-1 0 45
45 -1 44
-1 -1 -1
-1 -1 0
1 -1 44
-1 -1 0
-1 -1 0
-1 4 45
45 0 44
44 4 -1
-1 3 0
-1 -1 45
-1 45 45
0 45 44
-1 -1 -1
0 -1 2
-1 -1 44
-1 44 0
2 0 0
14 0 44
0 -1 14
0 15 44
0 -1 15
5 13 44
-1 -1 -1
-1 4 0
-1 4 44
0 44 0
-1 -1 -1
5 -1 44
-1 -1 -1
1 -1 44
-1 -1 -1
-1 -1 -1
-1 3 0
0 -1 3
3 3 44
-1 -1 -1
-1 3 44
44 -1 1
1 -1 44
-1 -1 -1
-1 4 2
15 12 -1
14 12 -1
3 12 -1
2 12 -1
5 -1 2
2 -1 2
-1 -1 -1
2 -1 0
0 -1 0
12 0 45
45 -1 44
-1 -1 -1
5 12 -1
5 -1 0
0 -1 0
12 0 44
-1 44 -1
4 -1 4
-1 4 3
4 -1 4
-1 4 5
4 -1 4
-1 4 12
4 -1 4
-1 4 13
4 -1 4
-1 4 14
4 -1 4
-1 4 15
4 -1 4
-1 4 44
4 -1 4
44 -1 -1
-1 4 8
8 8 44
-1 -1 -1
-1 3 45
45 -1 44
-1 -1 -1
-1 4 0
14 14 44
-1 -1 44
0 44 -1
-1 4 0
-1 -1 44
0 44 -1
8 8 0
-1 -1 44
0 44 -1
-1 -1 -1
-1 -1 45
-1 45 45
45 -1 44
-1 -1 0
-1 4 6
-1 -1 44
-1 44 44
44 -1 0
-1 -1 44
0 44 -1
-1 -1 44
-1 44 0
-1 -1 45
-1 45 45
45 0 44
-1 -1 45
44 45 -1
6 6 44
-1 -1 -1
-1 4 6
-1 -1 1
15 -1 2
3 -1 7
-1 -1 44
4 -1 4
44 4 -1
-1 -1 -1
15 4 -1
4 -1 4
14 4 -1
4 -1 4
13 4 -1
4 -1 4
6 -1 13
12 4 -1
4 -1 4
5 4 -1
4 -1 4
3 4 -1
4 -1 4
7 -1 3
4 -1 4
-1 -1 44
-1 44 7
-1 -1 44
-1 44 44
7 44 7
2 4 -1
1 4 -1
7 -1 7
7 7 7
7 -1 7
-1 -1 44
4 -1 4
44 4 -1
-1 -1 -1
7 7 44
3 4 -1
4 -1 4
-1 -1 0
7 -1 3
0 -1 3
3 -1 7
-1 -1 44
4 -1 4
44 4 -1
-1 -1 -1
5 4 -1
3 4 -1
7 -1 5
12 4 -1
4 -1 4
-1 -1 44
-1 44 0
0 0 44
-1 -1 -1
-1 -1 44
-1 44 44
-1 44 2
-1 -1 0
0 2 3
3 3 44
-1 -1 -1
-1 -1 2
-1 -1 0
-1 -1 45
-1 45 45
45 -1 44
-1 -1 -1
-1 3 44
0 44 45
2 -1 44
44 -1 0
44 3 -1
-1 -1 0
-1 -1 0
0 0 44
-1 -1 -1
5 -1 6
3 -1 7
-1 -1 44
4 -1 4
44 4 -1
-1 -1 -1
15 4 -1
4 -1 4
14 4 -1
4 -1 4
13 4 -1
4 -1 4
7 -1 13
12 4 -1
4 -1 4
5 4 -1
4 -1 4
3 4 -1
4 -1 4
4 -1 4
6 -1 44
6 4 -1
-1 -1 -1
-1 4 0
-1 -1 15
0 -1 0
0 -1 2
2 -1 2
0 -1 44
2 -1 15
-1 -1 45
-1 45 45
15 45 44
-1 -1 -1
15 -1 44
-1 -1 -1
15 -1 0
0 -1 0
0 -1 44
-1 -1 -1
15 -1 0
0 -1 0
0 -1 44
-1 -1 -1
15 -1 0
0 -1 0
0 -1 44
-1 -1 -1
0 -1 0
0 4 -1
-1 -1 -1
-1 13 45
45 -1 44
-1 13 12
-1 -1 -1
-1 -1 14
-1 -1 -1
-1 12 5
12 5 44
-1 -1 -1
-1 5 0
-1 5 3
0 -1 44
-1 -1 -1
-1 13 45
0 45 44
-1 -1 -1
-1 5 8
8 -1 8
15 -1 44
-1 -1 -1
15 8 44
3 12 -1
12 3 -1
-1 -1 -1
8 -1 44
-1 -1 -1
8 -1 0
0 -1 0
0 -1 44
-1 -1 -1
8 -1 0
0 -1 0
0 -1 44
-1 -1 -1
8 -1 0
0 -1 0
0 -1 44
-1 -1 -1
-1 0 1
1 -1 0
0 -1 0
-1 -1 -1
0 13 2
-1 2 6
-1 2 9
9 6 44
6 -1 7
-1 -1 -1
1 -1 2
-1 -1 0
1 -1 1
2 -1 2
14 -1 14
0 1 0
2 -1 2
2 13 45
45 0 44
2 13 45
44 45 -1
14 -1 44
7 5 -1
6 5 -1
5 6 -1
5 7 -1
-1 -1 -1
-1 12 5
12 5 44
-1 -1 -1
15 -1 44
-1 -1 -1
-1 4 2
2 2 0
0 13 0
-1 0 3
0 3 44
-1 -1 -1
-1 4 1
-1 13 11
-1 -1 8
1 -1 1
1 1 0
1 -1 9
1 -1 1
9 -1 9
8 1 8
0 11 6
9 -1 10
9 -1 0
0 -1 0
10 13 2
-1 0 1
8 2 44
-1 -1 -1
8 8 44
-1 -1 -1
8 2 44
-1 -1 -1
6 -1 6
8 8 8
8 2 44
-1 -1 -1
-1 6 7
7 6 44
-1 -1 -1
-1 7 2
-1 7 0
2 -1 2
0 6 -1
6 0 -1
2 -1 1
1 15 1
1 -1 44
-1 -1 -1
-1 12 0
15 7 2
15 -1 44
12 2 -1
0 2 -1
2 0 -1
2 12 -1
-1 -1 -1
-1 -1 0
13 -1 44
1 2 44
1 44 -1
-1 -1 0
-1 -1 0
0 -1 0
15 0 15
1 -1 0
0 -1 0
15 7 -1
0 2 -1
-1 -1 -1
-1 -1 44
-1 44 0
-1 7 3
3 -1 5
0 0 44
-1 -1 -1
4 -1 4
5 -1 0
-1 4 3
4 -1 4
-1 4 5
4 -1 4
-1 4 12
4 -1 4
-1 4 13
4 -1 4
-1 4 14
4 -1 4
-1 4 15
4 -1 4
-1 4 44
4 -1 4
44 -1 -1
0 0 44
0 -1 12
-1 -1 -1
-1 -1 45
-1 45 45
45 -1 44
-1 -1 -1
-1 3 44
44 -1 44
44 3 -1
-1 -1 -1
12 -1 0
-1 4 3
-1 4 5
-1 4 12
4 -1 4
-1 4 44
4 -1 4
44 -1 -1
0 0 44
-1 -1 -1
-1 4 3
4 -1 4
-1 4 44
4 -1 4
44 -1 -1
-1 -1 44
-1 44 1
-1 -1 6
-1 -1 7
1 -1 2
-1 -1 44
1 44 -1
2 2 2
2 -1 2
0 2 0
-1 -1 2
-1 -1 44
0 44 -1
-1 -1 44
4 -1 4
44 4 -1
-1 -1 -1
-1 -1 1
6 -1 6
6 1 6
2 -1 44
7 -1 0
-1 -1 -1
2 -1 44
-1 -1 -1
-1 -1 9
-1 -1 -1
7 -1 1
1 -1 1
-1 -1 -1
-1 -1 8
8 2 44
2 -1 8
2 -1 44
-1 -1 -1
8 -1 1
8 -1 8
1 -1 1
1 -1 1
6 7 -1
6 7 -1
6 7 -1
6 7 -1
6 7 -1
6 7 -1
6 7 -1
6 7 -1
-1 7 7
-1 -1 -1
-1 -1 -1
1 -1 1
6 7 -1
6 7 -1
6 7 -1
6 7 -1
6 7 -1
6 7 -1
6 7 -1
6 7 -1
-1 7 7
-1 -1 -1
1 -1 1
6 7 -1
6 7 -1
6 7 -1
6 7 -1
6 7 -1
6 7 -1
6 7 -1
6 7 -1
-1 7 7
-1 -1 -1
1 -1 1
6 7 -1
6 7 -1
6 7 -1
6 7 -1
6 7 -1
6 7 -1
6 7 -1
6 7 -1
-1 7 7
-1 -1 -1
1 -1 1
6 7 -1
6 7 -1
6 7 -1
6 7 -1
6 7 -1
6 7 -1
6 7 -1
6 7 -1
-1 7 7
-1 -1 -1
1 -1 1
6 7 -1
6 7 -1
6 7 -1
6 7 -1
6 7 -1
6 7 -1
6 7 -1
6 7 -1
-1 7 7
-1 -1 -1
1 -1 1
6 7 -1
6 7 -1
6 7 -1
6 7 -1
6 7 -1
6 7 -1
6 7 -1
6 7 -1
-1 7 7
-1 -1 -1
1 -1 1
6 7 -1
6 7 -1
6 7 -1
6 7 -1
6 7 -1
6 7 -1
6 7 -1
6 7 -1
-1 7 7
-1 -1 -1
1 -1 1
6 7 -1
6 7 -1
6 7 -1
6 7 -1
6 7 -1
6 7 -1
6 7 -1
6 7 -1
-1 7 7
-1 -1 -1
1 -1 1
6 7 -1
6 7 -1
6 7 -1
6 7 -1
6 7 -1
6 7 -1
6 7 -1
6 7 -1
-1 7 7
-1 -1 -1
1 -1 1
6 7 -1
6 7 -1
6 7 -1
6 7 -1
6 7 -1
6 7 -1
6 7 -1
6 7 -1
-1 7 7
-1 -1 -1
1 -1 1
6 7 -1
6 7 -1
6 7 -1
6 7 -1
6 7 -1
6 7 -1
6 7 -1
6 7 -1
-1 7 7
-1 -1 -1
1 -1 1
6 7 -1
6 7 -1
6 7 -1
6 7 -1
6 7 -1
6 7 -1
6 7 -1
6 7 -1
-1 7 7
-1 -1 -1
1 -1 1
6 7 -1
6 7 -1
6 7 -1
6 7 -1
6 7 -1
6 7 -1
6 7 -1
6 7 -1
-1 7 7
-1 -1 -1
1 -1 1
6 7 -1
6 7 -1
6 7 -1
6 7 -1
6 7 -1
6 7 -1
6 7 -1
6 7 -1
-1 7 7
-1 -1 -1
1 -1 1
6 7 -1
6 7 -1
6 7 -1
6 7 -1
6 7 -1
6 7 -1
6 7 -1
6 7 -1
-1 7 7
-1 -1 -1
2 8 2
-1 -1 -1
2 -1 2
-1 -1 -1
-1 4 44
4 -1 4
44 -1 -1
-1 -1 44
-1 44 1
1 1 44
-1 -1 -1
-1 -1 44
-1 44 2
-1 -1 44
-1 44 0
2 0 -1
-1 -1 44
1 44 -1
-1 -1 44
-1 44 -1
-1 -1 44
-1 44 -1
-1 -1 44
-1 44 7
-1 -1 44
-1 44 -1
-1 -1 6
-1 -1 44
-1 44 -1
6 -1 1
1 1 44
-1 -1 -1
6 -1 6
6 -1 44
-1 -1 -1
6 -1 1
1 1 44
-1 -1 -1
6 -1 6
6 -1 44
-1 -1 -1
6 -1 1
1 1 44
-1 -1 -1
6 -1 6
6 -1 44
-1 -1 -1
6 -1 1
1 1 44
-1 -1 -1
6 -1 6
6 -1 44
-1 -1 -1
6 -1 1
1 1 44
-1 -1 -1
6 -1 6
6 -1 44
-1 -1 -1
6 -1 1
1 1 44
-1 -1 -1
1 -1 2
6 -1 44
-1 44 -1
-1 -1 -1
-1 2 0
0 0 44
-1 -1 -1
0 -1 2
-1 2 0
0 0 44
-1 -1 -1
0 -1 2
-1 2 0
0 0 44
-1 -1 -1
7 2 -1
1 -1 7
6 -1 6
6 -1 44
-1 -1 -1
6 -1 1
1 1 44
-1 -1 -1
1 -1 2
6 -1 44
-1 44 -1
-1 -1 -1
-1 2 0
0 0 44
-1 -1 -1
7 2 -1
1 -1 7
6 -1 6
6 -1 44
-1 -1 -1
6 -1 1
1 1 44
-1 -1 -1
1 -1 2
6 -1 44
-1 44 -1
-1 -1 -1
-1 2 0
0 0 44
-1 -1 -1
0 -1 2
-1 2 0
0 0 44
-1 -1 -1
0 -1 2
-1 2 0
0 0 44
-1 -1 -1
7 2 -1
1 -1 7
6 -1 6
6 -1 44
-1 -1 -1
6 -1 1
1 1 44
-1 -1 -1
1 -1 2
6 -1 44
-1 44 -1
-1 -1 -1
-1 2 0
0 0 44
-1 -1 -1
0 -1 2
-1 2 0
0 0 44
-1 -1 -1
7 2 -1
1 -1 7
6 -1 6
6 -1 44
-1 -1 -1
6 -1 1
1 1 44
-1 -1 -1
6 -1 6
6 -1 44
-1 -1 -1
6 -1 1
1 1 44
-1 -1 -1
1 -1 2
6 -1 44
-1 44 -1
-1 -1 -1
-1 2 0
0 0 44
-1 -1 -1
7 2 -1
1 -1 7
6 -1 6
6 -1 44
-1 -1 -1
6 -1 1
1 1 44
-1 -1 -1
1 -1 2
6 -1 44
-1 44 -1
-1 -1 -1
-1 2 0
0 0 44
-1 -1 -1
7 2 -1
1 -1 7
6 -1 6
6 -1 44
-1 -1 -1
6 -1 1
1 1 44
-1 -1 -1
6 -1 6
6 -1 44
-1 -1 -1
6 -1 1
1 1 44
-1 -1 -1
6 -1 6
6 -1 44
-1 -1 -1
6 -1 1
1 1 44
-1 -1 -1
6 -1 6
6 -1 44
-1 -1 -1
6 -1 1
1 1 44
-1 -1 -1
6 -1 6
6 -1 44
-1 -1 -1
6 -1 1
1 1 44
-1 -1 -1
6 -1 6
6 -1 44
-1 -1 -1
6 -1 1
1 1 44
-1 -1 -1
1 -1 2
6 -1 44
-1 44 -1
-1 -1 -1
-1 2 0
0 0 44
-1 -1 -1
0 -1 2
-1 2 0
0 0 44
-1 -1 -1
7 2 -1
1 -1 7
6 -1 6
6 -1 44
-1 -1 -1
6 -1 1
1 1 44
-1 -1 -1
6 -1 6
6 -1 44
-1 -1 -1
6 -1 1
1 1 44
-1 -1 -1
1 -1 2
6 -1 44
-1 44 -1
-1 -1 -1
-1 2 0
0 0 44
-1 -1 -1
7 2 -1
1 -1 7
6 -1 6
6 -1 44
-1 -1 -1
6 -1 1
1 1 44
-1 -1 -1
6 -1 6
6 -1 44
-1 -1 -1
6 -1 1
1 1 44
-1 -1 -1
6 -1 6
6 -1 44
-1 -1 -1
6 -1 1
1 1 44
-1 -1 -1
6 -1 6
6 -1 44
-1 -1 -1
6 -1 1
1 1 44
-1 -1 -1
6 -1 6
6 -1 44
-1 -1 -1
6 -1 1
1 1 44
-1 -1 -1
6 -1 6
6 -1 44
-1 -1 -1
6 -1 1
1 1 44
-1 -1 -1
6 -1 6
6 -1 44
-1 -1 -1
6 -1 1
1 1 44
-1 -1 -1
6 -1 6
6 -1 44
-1 -1 -1
6 -1 1
1 1 44
-1 -1 -1
6 -1 6
6 -1 44
-1 -1 -1
6 -1 1
1 1 44
-1 -1 -1
6 -1 6
6 -1 44
-1 -1 -1
6 -1 1
1 1 44
-1 -1 -1
6 -1 6
6 -1 44
-1 -1 -1
6 -1 1
1 1 44
-1 -1 -1
1 -1 2
6 -1 44
-1 44 -1
-1 -1 -1
-1 2 0
0 0 44
-1 -1 -1
7 2 -1
1 -1 7
6 -1 6
6 -1 44
-1 -1 -1
6 -1 1
1 1 44
-1 -1 -1
6 -1 6
6 -1 44
-1 -1 -1
13 13 44
-1 -1 44
7 44 -1
-1 -1 44
-1 44 -1
-1 -1 -1
-1 13 45
45 -1 44
-1 -1 -1
-1 13 45
45 -1 44
44 13 -1
13 3 44
-1 -1 -1
3 -1 5
-1 -1 15
-1 -1 14
-1 4 -1
-1 -1 -1
-1 5 44
44 -1 12
12 -1 44
-1 -1 -1
-1 4 0
-1 0 0
0 5 44
0 4 -1
-1 -1 -1
-1 5 45
45 -1 44
-1 -1 -1
12 -1 0
-1 0 45
45 -1 44
-1 -1 -1
5 -1 7
-1 -1 44
4 -1 4
44 4 -1
-1 -1 -1
-1 7 45
45 -1 44
-1 -1 -1
-1 -1 0
-1 4 44
4 -1 4
44 -1 -1
0 0 44
-1 -1 -1
13 13 44
-1 -1 -1
-1 5 12
12 13 44
-1 -1 -1
12 -1 5
-1 5 44
44 -1 12
12 -1 44
-1 -1 -1
-1 4 0
-1 0 0
0 5 44
0 4 -1
-1 -1 -1
-1 5 45
45 -1 44
-1 -1 -1
12 -1 0
-1 0 45
45 -1 44
-1 -1 -1
5 -1 7
-1 -1 44
4 -1 4
44 4 -1
-1 -1 -1
-1 7 45
45 -1 44
-1 -1 -1
-1 -1 0
-1 4 44
4 -1 4
44 -1 -1
0 0 44
-1 -1 -1
13 13 44
-1 -1 -1
-1 5 12
12 13 44
-1 -1 -1
12 -1 5
-1 5 44
44 -1 12
12 -1 44
-1 -1 -1
-1 4 0
-1 0 0
0 5 44
0 4 -1
-1 -1 -1
-1 5 45
45 -1 44
-1 -1 -1
12 -1 0
-1 0 45
45 -1 44
-1 -1 -1
5 -1 7
-1 -1 44
4 -1 4
44 4 -1
-1 -1 -1
-1 7 45
45 -1 44
-1 -1 -1
-1 -1 0
-1 4 44
4 -1 4
44 -1 -1
0 0 44
-1 -1 -1
13 13 44
-1 -1 -1
-1 5 12
12 13 44
-1 -1 -1
12 -1 5
-1 5 44
44 -1 12
12 -1 44
-1 -1 -1
-1 4 0
-1 0 0
0 5 44
0 4 -1
-1 -1 -1
-1 5 45
45 -1 44
-1 -1 -1
12 -1 0
-1 0 45
45 -1 44
-1 -1 -1
5 -1 7
-1 -1 44
4 -1 4
44 4 -1
-1 -1 -1
-1 7 45
45 -1 44
-1 -1 -1
-1 -1 0
-1 4 44
4 -1 4
44 -1 -1
0 0 44
-1 -1 -1
13 13 44
-1 -1 -1
-1 5 12
12 13 44
-1 -1 -1
12 -1 5
-1 5 44
44 -1 12
12 -1 44
-1 -1 -1
-1 -1 3
14 -1 44
-1 -1 -1
14 -1 14
-1 4 0
-1 0 0
0 5 44
0 4 -1
-1 -1 -1
-1 5 45
45 -1 44
-1 -1 -1
12 -1 0
-1 0 45
45 -1 44
-1 -1 -1
-1 5 7
7 7 44
-1 -1 -1
15 -1 6
5 -1 7
-1 -1 44
4 -1 4
44 4 -1
-1 -1 -1
5 4 -1
4 -1 4
4 -1 5
15 4 -1
4 -1 4
14 4 -1
4 -1 4
13 4 -1
4 -1 4
12 4 -1
4 -1 4
3 4 -1
4 -1 4
4 -1 4
-1 7 45
45 -1 44
7 5 -1
6 5 -1
-1 7 0
-1 -1 44
7 44 -1
0 5 -1
-1 -1 -1
-1 5 1
-1 1 44
44 -1 0
0 -1 44
-1 -1 -1
4 -1 4
-1 4 3
3 -1 3
1 3 -1
3 5 -1
-1 -1 44
-1 44 0
-1 1 45
45 0 44
-1 -1 -1
-1 5 2
-1 2 7
-1 7 45
45 -1 44
-1 -1 44
44 5 -1
-1 -1 -1
-1 5 0
-1 0 45
45 -1 44
-1 -1 -1
-1 5 -1
-1 5 2
2 2 44
-1 -1 -1
-1 5 14
-1 -1 15
-1 14 0
-1 5 6
-1 0 12
-1 0 3
12 -1 7
-1 -1 44
4 -1 4
44 4 -1
-1 -1 -1
15 4 -1
4 -1 4
14 4 -1
4 -1 4
13 4 -1
4 -1 4
12 4 -1
4 -1 4
5 4 -1
4 -1 4
3 4 -1
4 -1 4
4 -1 4
7 7 44
7 4 -1
6 4 -1
-1 -1 -1
-1 7 44
44 -1 0
-1 0 1
1 -1 44
-1 -1 -1
-1 -1 2
2 1 2
2 -1 44
-1 -1 -1
2 -1 44
-1 -1 -1
-1 7 3
3 -1 44
-1 -1 -1
-1 -1 45
-1 45 45
3 45 44
-1 -1 -1
3 -1 0
0 -1 0
0 3 0
0 -1 0
0 -1 0
-1 0 2
-1 0 5
2 2 44
-1 -1 -1
-1 -1 -1
-1 -1 44
-1 44 2
2 2 44
-1 -1 -1
-1 2 0
-1 -1 44
0 44 -1
-1 5 0
-1 -1 44
44 2 -1
-1 -1 44
44 2 -1
3 2 -1
3 2 -1
0 2 -1
2 5 -1
-1 -1 44
-1 44 0
-1 -1 45
-1 45 45
45 -1 44
0 2 -1
-1 -1 44
-1 44 0
-1 -1 44
2 44 -1
2 -1 0
-1 -1 44
0 44 -1
-1 -1 -1
-1 4 0
-1 -1 44
3 44 -1
-1 -1 44
2 44 -1
-1 0 3
-1 2 45
45 3 44
-1 -1 -1
-1 4 0
4 -1 4
-1 4 3
4 -1 4
-1 4 5
4 -1 4
-1 4 12
4 -1 4
-1 4 13
4 -1 4
-1 4 14
4 -1 4
-1 4 15
4 -1 4
-1 4 44
4 -1 4
44 -1 -1
12 14 -1
-1 0 45
45 -1 44
0 -1 13
-1 -1 -1
-1 12 45
45 -1 44
-1 -1 -1
-1 0 45
45 -1 44
-1 -1 2
-1 -1 2
-1 12 45
45 -1 44
-1 -1 0
-1 -1 0
2 0 44
-1 -1 -1
-1 -1 -1
-1 5 2
-1 2 0
0 0 44
-1 -1 -1
0 -1 0
0 0 0
0 -1 45
45 -1 44
-1 -1 -1
-1 14 0
13 0 -1
-1 -1 -1
-1 3 44
44 -1 0
0 -1 0
0 -1 44
-1 -1 -1
-1 3 44
44 -1 2
-1 2 0
0 -1 44
-1 -1 -1
2 -1 44
-1 -1 -1
2 -1 44
-1 -1 -1
2 -1 44
-1 -1 -1
15 -1 15
14 -1 14
-1 5 45
45 15 44
-1 -1 -1
-1 -1 44
4 -1 4
44 4 -1
-1 -1 -1
14 4 -1
4 -1 4
-1 -1 44
-1 44 1
13 4 -1
4 -1 4
-1 -1 13
1 1 44
12 4 -1
4 -1 4
5 4 -1
4 -1 4
3 4 -1
4 -1 4
-1 -1 -1
-1 -1 44
-1 44 7
7 13 44
-1 -1 -1
-1 4 3
4 -1 4
-1 4 5
4 -1 4
-1 4 12
4 -1 4
-1 4 13
4 -1 4
-1 4 14
4 -1 4
-1 -1 0
-1 -1 44
-1 44 -1
-1 4 44
4 -1 4
44 -1 -1
-1 5 45
45 -1 44
-1 5 15
-1 5 -1
-1 5 -1
-1 5 -1
-1 5 -1
-1 5 -1
-1 -1 44
-1 -1 44
44 5 -1
15 -1 15
-1 15 0
-1 0 1
1 5 -1
-1 0 0
0 5 -1
-1 0 44
44 -1 0
0 0 44
-1 -1 -1
0 -1 0
0 5 -1
-1 -1 -1
-1 5 45
45 -1 44
-1 5 2
2 15 -1
-1 -1 -1
-1 5 3
-1 -1 0
-1 5 6
-1 5 7
-1 3 45
45 -1 44
-1 5 44
44 -1 0
0 5 -1
-1 -1 44
4 -1 4
44 4 -1
-1 -1 -1
15 4 -1
4 -1 4
14 4 -1
4 -1 4
13 4 -1
4 -1 4
12 4 -1
4 -1 4
5 4 -1
4 -1 4
3 4 -1
4 -1 4
4 -1 4
7 7 44
7 4 -1
6 4 -1
-1 -1 -1
-1 7 44
44 -1 2
-1 7 44
44 -1 0
0 4 -1
2 -1 0
2 -1 1
0 -1 0
2 4 -1
1 4 -1
0 -1 44
-1 -1 -1
0 -1 0
0 -1 44
44 -1 -1
-1 4 0
4 -1 4
-1 4 3
4 -1 4
-1 4 5
4 -1 4
-1 4 12
4 -1 4
-1 4 13
4 -1 4
-1 4 14
4 -1 4
-1 4 15
4 -1 4
-1 4 44
4 -1 4
44 -1 -1
-1 5 2
0 5 -1
-1 -1 44
-1 44 -1
-1 -1 44
-1 44 -1
2 15 -1
-1 2 45
45 -1 44
-1 -1 -1
-1 2 3
3 -1 44
-1 -1 -1
-1 -1 45
-1 45 45
3 45 44
-1 -1 -1
-1 -1 44
-1 44 2
2 2 44
-1 -1 -1
-1 2 0
0 -1 0
-1 -1 -1
0 15 -1
-1 -1 44
-1 44 0
0 15 -1
-1 -1 44
-1 44 0
0 15 -1
-1 5 1
-1 1 45
45 -1 44
-1 -1 -1
-1 15 45
45 -1 44
-1 -1 -1
-1 15 0
0 -1 14
14 14 44
-1 -1 -1
-1 -1 -1
-1 15 -1
-1 -1 14
-1 5 45
45 -1 44
-1 -1 -1
14 14 44
-1 -1 -1
-1 5 -1
-1 -1 3
-1 5 1
-1 1 44
44 -1 2
-1 2 0
0 -1 44
-1 -1 -1
2 -1 44
-1 -1 -1
2 -1 44
-1 -1 -1
2 -1 44
-1 -1 -1
-1 -1 -1
2 -1 44
-1 -1 -1
-1 -1 -1
2 -1 44
-1 -1 -1
2 -1 44
-1 -1 -1
2 -1 44
-1 -1 -1
-1 -1 -1
-1 5 45
45 -1 44
-1 -1 44
-1 -1 44
44 5 -1
-1 5 45
45 -1 44
-1 -1 -1
-1 5 -1
3 3 44
-1 -1 -1
-1 -1 -1
-1 5 45
45 -1 44
-1 -1 -1
-1 5 2
3 3 44
3 15 -1
2 15 -1
-1 -1 -1
-1 5 45
45 -1 44
-1 5 -1
-1 -1 -1
-1 -1 44
-1 44 0
0 0 44
-1 -1 -1
-1 5 0
-1 0 45
45 -1 44
-1 -1 -1
-1 5 0
-1 5 45
45 0 44
-1 -1 0
-1 5 44
44 -1 0
14 14 44
0 5 -1
-1 -1 -1
-1 5 6
-1 5 7
-1 -1 44
4 -1 4
44 4 -1
-1 -1 -1
3 4 -1
5 4 -1
6 -1 3
12 4 -1
13 4 -1
7 -1 5
14 4 -1
15 4 -1
4 -1 4
7 6 44
-1 -1 -1
7 7 44
-1 -1 -1
6 6 44
-1 -1 -1
-1 7 44
44 -1 2
-1 6 45
45 2 44
2 -1 1
-1 -1 -1
-1 7 44
44 -1 0
-1 6 45
0 45 44
-1 -1 -1
-1 2 0
0 -1 44
-1 -1 -1
0 -1 0
0 -1 44
44 -1 -1
-1 7 0
-1 6 45
0 45 44
-1 -1 -1
-1 -1 0
-1 4 3
-1 4 5
-1 4 12
-1 4 13
-1 4 14
-1 4 15
4 -1 4
-1 4 44
4 -1 4
44 -1 -1
-1 -1 2
0 0 44
-1 -1 44
44 5 -1
2 5 -1
-1 -1 -1
-1 5 1
-1 1 44
44 -1 0
0 -1 44
-1 -1 -1
-1 5 -1
-1 -1 -1
-1 5 7
-1 -1 44
4 -1 4
44 4 -1
-1 -1 -1
12 4 -1
4 -1 4
5 4 -1
4 -1 4
-1 -1 5
3 4 -1
4 -1 4
-1 -1 3
4 -1 4
-1 4 12
7 4 -1
12 -1 7
-1 -1 44
4 -1 4
44 4 -1
-1 -1 -1
7 -1 0
-1 7 -1
-1 7 -1
-1 4 44
4 -1 4
44 -1 -1
-1 4 7
12 -1 2
-1 -1 6
-1 -1 44
4 -1 4
44 4 -1
-1 -1 -1
15 4 -1
4 -1 4
6 -1 15
2 -1 6
14 4 -1
4 -1 4
2 -1 14
13 4 -1
4 -1 4
12 4 -1
4 -1 4
5 4 -1
4 -1 4
3 4 -1
4 -1 4
4 -1 4
7 4 -1
-1 -1 44
4 -1 4
44 4 -1
15 -1 -1
4 -1 4
-1 7 0
6 -1 2
0 0 44
-1 -1 -1
-1 0 45
45 -1 44
-1 -1 -1
-1 0 6
2 -1 7
-1 -1 44
4 -1 4
44 4 -1
-1 -1 -1
12 4 -1
4 -1 4
6 -1 12
12 -1 12
5 4 -1
4 -1 4
7 -1 5
3 4 -1
4 -1 4
-1 7 7
6 -1 3
7 7 44
-1 -1 -1
-1 -1 44
-1 44 6
6 6 44
-1 -1 -1
-1 6 0
-1 -1 44
0 44 -1
3 -1 2
3 -1 3
-1 -1 0
2 -1 2
3 -1 1
-1 6 -1
-1 6 -1
2 -1 2
0 1 0
-1 5 45
45 -1 44
12 6 -1
2 6 44
0 44 -1
-1 -1 -1
-1 6 -1
-1 6 -1
6 5 -1
-1 -1 -1
6 5 -1
12 5 -1
-1 4 3
4 -1 4
-1 4 5
4 -1 4
-1 4 12
4 -1 4
-1 4 44
4 -1 4
44 -1 -1
-1 -1 0
4 -1 4
-1 4 44
4 -1 4
44 -1 -1
0 4 -1
0 -1 0
-1 -1 -1
-1 4 11
11 11 44
-1 -1 -1
-1 4 2
-1 2 0
0 0 44
-1 -1 -1
-1 0 44
44 -1 0
0 -1 1
-1 0 44
44 -1 0
1 4 -1
0 0 44
-1 -1 -1
0 -1 0
-1 4 -1
0 -1 0
0 4 -1
-1 4 3
-1 4 1
-1 4 2
1 3 44
44 -1 0
0 -1 44
-1 -1 -1
0 -1 44
-1 -1 -1
0 -1 44
-1 -1 -1
-1 4 45
45 -1 44
44 4 -1
-1 4 0
-1 4 45
45 0 44
-1 -1 -1
-1 4 3
-1 4 1
-1 4 2
1 3 44
44 -1 0
0 -1 44
-1 -1 -1
0 -1 44
-1 -1 -1
0 -1 44
-1 -1 -1
-1 4 45
45 -1 44
44 4 -1
-1 4 0
-1 4 45
45 0 44
-1 -1 -1
-1 -1 -1
-1 4 0
4 -1 4
-1 4 3
4 -1 4
-1 4 5
4 -1 4
-1 4 12
4 -1 4
-1 4 13
4 -1 4
-1 4 14
4 -1 4
-1 4 15
4 -1 4
-1 4 44
4 -1 4
44 -1 -1
-1 4 8
8 8 44
-1 -1 -1
-1 -1 9
9 8 6
9 -1 10
6 6 44
-1 -1 -1
-1 -1 7
-1 -1 11
-1 -1 -1
7 -1 1
11 -1 0
0 1 0
0 6 44
-1 -1 -1
7 -1 7
7 -1 44
-1 -1 -1
7 -1 1
11 -1 0
0 1 0
0 6 44
-1 -1 -1
7 -1 7
7 -1 44
-1 -1 -1
7 -1 1
11 -1 0
0 1 0
0 6 44
-1 -1 -1
7 -1 7
7 -1 44
-1 -1 -1
7 -1 1
11 -1 0
0 1 0
0 6 44
-1 -1 -1
7 -1 7
7 -1 44
-1 -1 -1
7 -1 1
11 -1 0
0 1 0
0 6 44
-1 -1 -1
7 -1 7
7 -1 44
-1 -1 -1
7 -1 1
11 -1 0
0 1 0
0 6 44
-1 -1 -1
7 -1 7
7 -1 44
-1 -1 -1
7 -1 1
11 -1 0
0 1 0
0 6 44
-1 -1 -1
7 -1 7
7 -1 44
-1 -1 -1
7 -1 1
11 -1 0
0 1 0
0 6 44
-1 -1 -1
7 -1 7
7 -1 44
-1 -1 -1
7 -1 1
11 -1 0
0 1 0
0 6 44
-1 -1 -1
7 -1 7
7 -1 44
-1 -1 -1
7 -1 1
11 -1 0
0 1 0
0 6 44
-1 -1 -1
7 -1 7
7 -1 44
-1 -1 -1
7 -1 1
11 -1 0
0 1 0
0 6 44
-1 -1 -1
0 -1 0
6 0 6
-1 8 0
0 10 0
0 -1 0
1 0 2
2 -1 44
-1 -1 -1
2 -1 44
-1 -1 -1
2 -1 44
-1 -1 -1
2 -1 44
-1 -1 -1
-1 2 0
0 -1 44
-1 -1 -1
2 -1 44
-1 -1 0
-1 -1 -1
3 0 3
6 6 44
-1 -1 -1
9 -1 9
9 -1 44
-1 -1 -1
9 8 6
9 -1 10
6 6 44
-1 -1 -1
9 -1 9
9 -1 44
-1 -1 -1
-1 8 8
8 8 44
-1 -1 -1
12 -1 7
-1 -1 44
4 -1 4
44 4 -1
-1 -1 -1
-1 7 0
0 0 44
-1 -1 -1
-1 -1 44
-1 44 1
-1 -1 -1
-1 0 2
1 0 -1
2 2 44
-1 -1 -1
-1 -1 44
0 44 -1
-1 7 -1
-1 7 -1
-1 4 44
4 -1 4
44 -1 -1
5 5 44
-1 -1 -1
4 -1 4
3 -1 0
-1 4 3
4 -1 4
-1 4 5
4 -1 4
-1 4 12
4 -1 4
-1 4 44
4 -1 4
44 -1 -1
0 5 -1
-1 5 45
45 -1 44
-1 -1 44
44 5 -1
-1 -1 44
44 5 -1
-1 -1 -1
-1 5 45
45 -1 44
-1 -1 44
44 5 -1
-1 -1 44
44 5 -1
-1 -1 -1
-1 5 45
45 -1 44
-1 -1 44
44 5 -1
-1 -1 13
-1 -1 -1
-1 5 1
-1 -1 45
-1 45 45
1 45 44
-1 -1 -1
-1 -1 44
44 5 -1
-1 -1 12
-1 5 -1
14 14 44
-1 -1 -1
-1 5 45
45 -1 44
-1 -1 -1
-1 5 45
45 -1 44
-1 -1 -1
-1 5 2
-1 5 45
45 2 44
-1 -1 -1
-1 5 45
45 -1 44
-1 -1 -1
2 -1 44
-1 -1 -1
-1 5 2
-1 5 45
45 2 44
-1 -1 -1
-1 5 45
45 -1 44
-1 -1 -1
2 -1 44
-1 -1 -1
-1 5 3
-1 5 45
45 3 44
-1 -1 -1
-1 5 45
45 -1 44
-1 -1 -1
3 -1 44
-1 -1 -1
-1 5 3
-1 -1 44
44 5 -1
-1 -1 -1
-1 5 45
45 -1 44
-1 -1 -1
-1 5 0
-1 -1 45
-1 45 45
0 45 44
-1 -1 -1
-1 15 6
-1 5 7
-1 -1 1
3 -1 2
6 -1 6
-1 -1 44
4 -1 4
44 4 -1
-1 -1 -1
3 4 -1
12 4 -1
2 -1 3
13 4 -1
14 4 -1
7 -1 13
5 4 -1
4 -1 4
-1 6 5
6 -1 12
1 -1 14
5 2 44
-1 -1 -1
-1 4 3
-1 4 5
-1 -1 0
-1 4 12
-1 4 13
-1 4 14
4 -1 4
-1 4 44
4 -1 4
44 -1 -1
0 0 44
-1 -1 -1
-1 5 45
45 -1 44
-1 -1 -1
-1 15 0
-1 5 6
-1 0 7
-1 -1 44
4 -1 4
44 4 -1
-1 -1 -1
15 4 -1
4 -1 4
14 4 -1
4 -1 4
13 4 -1
4 -1 4
12 4 -1
4 -1 4
5 4 -1
4 -1 4
3 4 -1
4 -1 4
4 -1 4
7 7 44
7 4 -1
6 4 -1
-1 -1 -1
-1 7 44
44 -1 0
-1 0 1
1 -1 44
-1 -1 -1
-1 -1 2
2 1 2
2 -1 44
-1 -1 -1
2 -1 44
-1 -1 -1
-1 7 3
3 -1 44
-1 -1 -1
-1 -1 45
-1 45 45
3 45 44
-1 -1 -1
-1 -1 44
-1 44 2
2 2 44
-1 -1 -1
-1 2 45
45 3 44
-1 -1 -1
-1 4 0
4 -1 4
-1 4 3
4 -1 4
-1 4 5
4 -1 4
-1 4 12
4 -1 4
-1 4 13
4 -1 4
-1 4 14
4 -1 4
-1 4 15
4 -1 4
-1 4 44
4 -1 4
44 -1 -1
-1 15 6
-1 5 7
-1 -1 1
0 -1 2
6 -1 6
-1 -1 44
4 -1 4
44 4 -1
-1 -1 -1
3 4 -1
12 4 -1
2 -1 3
13 4 -1
14 4 -1
7 -1 13
5 4 -1
4 -1 4
-1 6 5
6 -1 12
1 -1 14
5 2 44
-1 -1 -1
-1 4 3
-1 4 5
-1 -1 0
-1 4 12
-1 4 13
-1 4 14
4 -1 4
-1 4 44
4 -1 4
44 -1 -1
-1 -1 44
4 -1 4
44 4 -1
-1 -1 -1
14 4 -1
4 -1 4
-1 -1 44
-1 44 1
13 4 -1
4 -1 4
-1 -1 13
1 1 44
12 4 -1
4 -1 4
5 4 -1
4 -1 4
3 4 -1
4 -1 4
-1 -1 -1
-1 -1 44
-1 44 7
7 13 44
-1 -1 -1
-1 4 3
4 -1 4
-1 4 5
4 -1 4
-1 4 12
4 -1 4
-1 4 13
4 -1 4
-1 4 14
4 -1 4
-1 -1 0
-1 -1 44
-1 44 -1
-1 4 44
4 -1 4
44 -1 -1
-1 5 2
-1 15 0
-1 2 45
45 -1 44
-1 0 12
-1 -1 -1
-1 2 3
-1 -1 45
-1 45 45
3 45 44
-1 -1 -1
3 -1 0
0 -1 0
0 3 0
0 -1 0
0 -1 0
-1 0 2
-1 0 13
2 2 44
-1 -1 -1
-1 -1 -1
-1 -1 44
-1 44 2
2 2 44
-1 -1 -1
-1 2 0
-1 -1 44
0 44 -1
-1 13 0
-1 -1 44
44 2 -1
-1 -1 44
44 2 -1
3 2 -1
3 2 -1
0 2 -1
2 13 -1
-1 -1 44
-1 44 0
-1 -1 45
-1 45 45
45 -1 44
0 2 -1
-1 -1 44
-1 44 0
-1 -1 44
2 44 -1
2 -1 0
-1 -1 44
0 44 -1
-1 5 1
-1 -1 44
3 44 -1
-1 -1 44
2 44 -1
-1 1 3
-1 2 45
45 3 44
-1 -1 -1
-1 15 45
12 45 44
-1 -1 -1
-1 5 45
45 -1 44
-1 -1 -1
-1 5 45
45 -1 44
-1 -1 -1
-1 5 0
-1 -1 44
-1 44 -1
-1 -1 -1
-1 0 44
44 -1 2
-1 2 0
0 -1 44
-1 -1 -1
2 -1 44
-1 -1 -1
2 -1 44
-1 -1 -1
-1 5 2
2 15 -1
-1 2 45
45 -1 44
-1 -1 -1
-1 5 3
-1 3 45
45 -1 44
-1 -1 -1
-1 3 3
3 -1 44
-1 -1 -1
-1 -1 45
-1 45 45
3 45 44
-1 -1 -1
-1 -1 44
-1 44 2
2 2 44
-1 -1 -1
-1 2 0
0 -1 0
-1 -1 -1
-1 15 6
0 15 -1
-1 6 2
-1 2 44
44 -1 0
0 -1 0
0 -1 44
-1 -1 -1
-1 5 45
45 -1 44
-1 -1 -1
-1 5 1
-1 -1 45
-1 45 45
1 45 44
-1 -1 -1
-1 -1 44
-1 44 0
0 0 44
-1 -1 -1
6 6 44
-1 -1 -1
-1 6 7
-1 5 45
45 7 44
-1 -1 -1
-1 5 45
45 -1 44
44 5 -1
15 -1 15
-1 5 1
-1 5 45
45 1 44
-1 -1 -1
-1 5 45
45 -1 44
-1 -1 0
-1 -1 0
-1 -1 -1
-1 5 45
45 -1 44
-1 -1 -1
-1 5 12
12 12 44
-1 -1 -1
-1 -1 -1
-1 5 12
-1 -1 15
-1 -1 -1
-1 12 0
0 0 44
-1 -1 -1
-1 12 45
45 -1 44
-1 -1 -1
-1 0 6
-1 0 7
-1 -1 44
4 -1 4
44 4 -1
-1 -1 -1
3 4 -1
5 4 -1
6 -1 3
12 4 -1
13 4 -1
7 -1 5
14 4 -1
15 4 -1
4 -1 4
7 6 44
-1 -1 -1
7 7 44
-1 -1 -1
6 6 44
-1 -1 -1
-1 7 44
44 -1 2
-1 6 45
45 2 44
2 -1 1
-1 -1 -1
-1 7 44
44 -1 0
-1 6 45
0 45 44
-1 -1 -1
-1 2 0
0 -1 44
-1 -1 -1
0 -1 0
0 -1 44
44 -1 -1
-1 7 0
-1 6 45
0 45 44
-1 -1 -1
-1 -1 0
-1 4 3
-1 4 5
-1 4 12
-1 4 13
-1 4 14
-1 4 15
4 -1 4
-1 4 44
4 -1 4
44 -1 -1
0 0 44
-1 -1 -1
-1 12 0
-1 0 2
-1 2 45
45 -1 44
-1 -1 -1
-1 12 13
-1 13 44
44 -1 0
0 0 44
-1 -1 -1
0 -1 0
0 5 -1
-1 -1 -1
-1 12 45
45 -1 44
-1 5 3
-1 -1 -1
-1 5 7
-1 -1 2
-1 -1 6
-1 -1 44
4 -1 4
44 4 -1
-1 -1 -1
-1 7 44
44 -1 0
-1 -1 1
-1 0 45
45 -1 44
-1 -1 -1
-1 7 1
1 1 44
-1 -1 -1
1 -1 0
-1 4 44
4 -1 4
44 -1 -1
0 0 44
-1 -1 -1
-1 -1 2
3 -1 6
13 -1 7
-1 -1 44
4 -1 4
44 4 -1
-1 -1 -1
14 4 -1
4 -1 4
2 -1 14
13 4 -1
4 -1 4
6 -1 13
12 4 -1
4 -1 4
5 4 -1
4 -1 4
7 -1 5
3 4 -1
4 -1 4
-1 7 44
44 -1 0
0 -1 44
-1 -1 -1
-1 7 3
-1 -1 45
-1 45 45
3 45 44
-1 -1 -1
3 -1 0
0 -1 0
0 3 0
0 -1 0
0 -1 0
-1 0 2
-1 0 12
2 2 44
-1 -1 -1
-1 2 45
45 3 44
-1 -1 -1
-1 -1 -1
-1 -1 44
3 44 -1
-1 -1 44
2 44 -1
-1 2 45
45 3 44
-1 -1 -1
13 13 44
-1 -1 -1
14 14 44
-1 -1 -1
-1 -1 45
-1 45 45
3 45 44
-1 -1 -1
-1 -1 44
-1 44 2
2 2 44
-1 -1 -1
-1 2 0
0 0 44
-1 -1 -1
-1 -1 44