21 4 38
10 -1 -1
39 -1 25
5 43 7
38 16 33
-1 -1 19
-1 -1 29
-1 -1 -1
4 -1 -1
-1 -1 18
29 -1 17
-1 -1 -1
-1 29 21
34 18 12
-1 18 16
-1 -1 13
-1 -1 5
-1 33 26
-1 -1 44
39 -1 9
-1 17 18
21 -1 19
34 -1 39
25 -1 41
-1 -1 33
-1 -1 44
-1 7 45
-1 -1 29
26 13 28
11 -1 21
5 -1 41
9 25 28
-1 -1 37
-1 23 45
11 -1 20
41 14 -1
16 26 9
-1 -1 12
42 21 -1
-1 16 7
35 -1 5
4 43 3
29 -1 5
0 -1 -1
14 41 42
15 37 -1
12 42 -1
40 -1 32
39 -1 -1
-1 -1 -1
-1 12 -1
-1 -1 27
-1 -1 11
12 -1 42
-1 -1 15
-1 -1 16
31 -1 21
41 2 -1
-1 40 26
-1 -1 14
37 -1 34
32 40 -1
-1 -1 20
38 -1 12
-1 34 21
35 36 -1
-1 -1 39
41 -1 17
-1 -1 23
11 38 -1
16 -1 20
-1 36 36
35 -1 -1
-1 44 15
18 -1 2
-1 4 -1
-1 45 26
24 39 -1
-1 -1 26
-1 41 33
8 34 15
-1 36 27
22 -1 -1
-1 -1 11
-1 7 35
-1 -1 0
1 16 -1
18 29 25
29 -1 13
-1 -1 39
-1 28 18
-1 34 34
-1 -1 6
13 -1 -1
-1 17 2
27 -1 -1
34 -1 36
18 7 -1
-1 36 14
9 -1 40
16 -1 5
34 3 20
-1 45 3
-1 4 -1
-1 12 32
13 3 26
20 40 -1
-1 17 38
-1 -1 -1
-1 13 29
-1 -1 6
35 4 -1
3 37 37
45 -1 34
26 14 8
-1 -1 18
2 -1 40
-1 19 17
-1 -1 -1
-1 4 -1
21 -1 29
-1 -1 -1
27 32 -1
34 18 44
-1 -1 19
45 43 32
12 16 -1
17 -1 23
22 10 43
-1 -1 23
38 38 15
37 14 24
35 -1 -1
8 -1 -1
-1 -1 43
-1 12 1
-1 12 28
-1 -1 3
-1 -1 -1
-1 -1 0
33 -1 14
-1 13 14
10 29 39
-1 -1 23
-1 -1 -1
9 -1 -1
-1 -1 5
-1 25 -1
-1 24 2
-1 -1 1
-1 -1 -1
19 -1 15
-1 17 45
-1 -1 12
29 34 -1
14 -1 21
14 -1 14
27 -1 35
-1 -1 2
36 1 -1
13 -1 -1
-1 -1 -1
33 -1 -1
-1 -1 -1
-1 -1 25
8 -1 45
15 -1 45
7 -1 35
26 44 10
-1 -1 0
9 -1 -1
19 37 26
0 7 16
-1 11 -1
5 -1 -1
-1 -1 43
-1 0 24
-1 19 8
-1 -1 24
-1 -1 -1
18 -1 9
28 -1 -1
-1 22 16
-1 -1 39
14 -1 33
-1 2 4
-1 3 20
40 -1 19
37 -1 38
27 -1 -1
-1 -1 22
-1 -1 -1
35 19 -1
19 -1 -1
37 -1 20
13 -1 19
-1 -1 -1
-1 -1 8
25 -1 23
4 -1 43
42 3 43
-1 -1 -1
26 -1 -1
23 -1 22
36 -1 -1
31 -1 -1
-1 7 -1
37 44 -1
-1 11 10
-1 -1 15
21 -1 22
-1 11 32
17 -1 -1
14 -1 35
-1 43 40
-1 13 -1
45 27 40
18 -1 -1
-1 -1 6
41 1 7
-1 -1 -1
21 -1 -1
-1 -1 32
36 -1 -1
-1 22 -1
-1 -1 4
41 -1 -1
45 -1 39
25 -1 0
-1 -1 40
-1 22 -1
-1 41 -1
-1 -1 45
16 38 15
18 33 0
-1 -1 7
-1 -1 34
-1 22 26
-1 -1 22
44 -1 43
45 -1 28
0 21 5
-1 -1 -1
36 -1 36
-1 -1 -1
15 -1 32
31 7 -1
26 35 45
-1 -1 8
-1 -1 36
0 -1 -1
-1 -1 21
22 -1 6
32 -1 1
19 -1 32
-1 -1 39
10 -1 43
3 45 41
32 33 12
20 -1 -1
-1 41 30
-1 -1 -1
-1 -1 -1
0 44 -1
45 -1 0
44 -1 14
3 -1 -1
-1 29 -1
-1 13 43
34 -1 24
33 -1 22
29 -1 0
38 34 24
28 -1 -1
-1 -1 7
-1 -1 -1
17 -1 42
-1 -1 15
-1 -1 1
0 -1 5
37 -1 -1
-1 -1 38
32 -1 40
-1 0 32
16 -1 -1
-1 -1 12
6 -1 28
37 -1 3
-1 -1 -1
-1 -1 -1
-1 31 -1
12 30 29
25 -1 27
30 -1 14
14 -1 4
16 -1 28
10 34 18
9 -1 41
26 -1 30
27 -1 38
-1 -1 13
6 34 12
6 12 33
-1 15 12
4 10 30
9 -1 32
1 -1 -1
-1 -1 0
-1 -1 25
-1 -1 -1
-1 -1 29
24 -1 22
9 31 18
29 -1 -1
10 33 37
-1 -1 -1
8 -1 23
-1 27 10
-1 -1 -1
-1 8 40
-1 45 10
6 -1 37
-1 -1 -1
22 -1 21
-1 10 -1
8 -1 -1
32 10 4
-1 23 34
30 -1 -1
21 -1 11
-1 -1 18
43 -1 26
12 -1 -1
-1 23 -1
-1 10 -1
-1 -1 17
38 19 -1
2 13 44
39 28 21
-1 -1 -1
13 -1 4
-1 17 -1
-1 -1 -1
41 38 -1
45 4 29
-1 15 10
18 23 32
-1 -1 -1
21 -1 32
-1 -1 37
-1 24 9
35 19 25
-1 -1 12
-1 -1 -1
-1 5 36
43 22 5
-1 -1 29
-1 43 15
-1 -1 30
-1 14 5
-1 7 9
0 30 22
-1 -1 35
-1 -1 5
39 -1 -1
30 19 9
32 -1 42
45 44 13
-1 -1 34
-1 28 -1
44 2 -1
44 -1 38
16 -1 22
-1 -1 44
-1 20 14
-1 -1 12
-1 -1 42
-1 10 35
-1 42 43
15 2 36
-1 -1 -1
3 1 15
-1 -1 38
42 -1 36
0 -1 41
-1 29 39
23 25 7
35 -1 5
45 23 10
31 -1 -1
10 -1 38
30 18 21
43 -1 19
-1 31 38
-1 -1 9
23 -1 2
30 44 34
-1 -1 42
14 6 24
29 36 25
-1 13 32
1 -1 36
10 -1 33
24 -1 40
-1 21 40
28 -1 -1
32 23 41
-1 8 3
-1 -1 33
13 -1 -1
4 -1 12
12 13 44
-1 18 25
5 -1 25
43 -1 -1
-1 -1 11
-1 -1 -1
-1 31 14
-1 -1 -1
-1 9 31
30 -1 15
3 6 -1
26 27 6
12 6 -1
-1 -1 14
-1 -1 2
-1 -1 -1
-1 23 31
-1 43 26
-1 -1 35
7 -1 4
1 -1 6
-1 -1 -1
-1 7 12
-1 17 -1
-1 -1 19
-1 -1 0
-1 -1 29
9 -1 -1
11 -1 -1
-1 37 39
-1 -1 37
-1 -1 26
-1 43 13
-1 -1 -1
42 -1 19
40 -1 5
28 26 19
-1 -1 18
-1 -1 3
20 -1 45
26 35 43
5 -1 -1
-1 21 -1
15 -1 -1
-1 -1 36
-1 -1 19
23 33 -1
35 13 25
20 -1 -1
-1 0 -1
11 -1 5
40 -1 -1
41 -1 -1
-1 -1 4
1 41 -1
8 19 -1
-1 45 15
-1 -1 34
23 21 16
-1 22 31
1 -1 9
37 31 -1
27 -1 -1
-1 -1 43
33 2 12
4 -1 38
-1 -1 -1
-1 44 2
-1 -1 20
13 22 44
-1 -1 -1
-1 31 -1
17 -1 35
42 -1 -1
-1 -1 43
-1 2 42
-1 -1 36
31 -1 -1
-1 -1 -1
-1 -1 13
0 19 -1
-1 -1 32
-1 28 2
15 39 -1
16 -1 22
38 -1 -1
-1 -1 6
-1 -1 36
-1 35 0
23 36 19
39 43 25
-1 1 14
-1 -1 13
36 -1 22
-1 -1 -1
35 -1 -1
-1 -1 34
32 -1 10
-1 -1 9
-1 19 45
7 -1 29
-1 -1 -1
-1 -1 25
-1 -1 3
37 -1 9
-1 1 28
23 21 14
-1 0 4
39 -1 1
-1 -1 4
22 -1 31
16 4 9
-1 9 17
4 -1 1
7 -1 13
12 -1 23
15 17 -1
9 -1 -1
-1 -1 17
30 -1 1
-1 31 12
-1 -1 -1
-1 -1 20
-1 -1 -1
-1 -1 7
19 -1 0
17 25 39
0 35 19
28 -1 12
3 -1 -1
-1 -1 27
-1 -1 -1
-1 19 -1
-1 -1 -1
-1 8 19
22 -1 27
-1 -1 -1
32 9 1
-1 -1 -1
-1 4 23
40 24 18
37 -1 42
20 30 32
44 -1 -1
13 -1 -1
6 -1 36
3 -1 12
-1 -1 14
-1 30 1
32 16 21
-1 -1 24
-1 -1 21
-1 37 -1
20 -1 25
4 -1 9
-1 37 20
-1 -1 27
-1 -1 10
15 35 23
-1 7 -1
20 45 28
22 -1 38
-1 -1 26
15 41 23
-1 -1 25
-1 33 43
30 24 35
7 -1 -1
-1 -1 2
18 -1 12
-1 -1 27
-1 40 42
12 34 26
-1 42 -1
17 -1 -1
24 35 26
-1 -1 -1
18 -1 -1
-1 -1 32
27 28 35
-1 10 21
37 37 45
-1 -1 13
-1 42 3
-1 9 26
42 -1 -1
38 8 -1
-1 -1 10
-1 -1 26
41 -1 -1
16 13 -1
-1 -1 39
-1 12 2
-1 -1 36
39 -1 -1
33 -1 4
-1 -1 -1
25 -1 15
27 -1 -1
40 -1 42
-1 -1 2
-1 14 22
-1 -1 15
-1 -1 -1
35 -1 20
16 -1 40
-1 -1 -1
-1 -1 -1
-1 -1 0
-1 -1 -1
18 -1 28
-1 22 7
-1 41 17
23 26 29
-1 -1 14
-1 4 24
22 -1 18
-1 -1 14
-1 17 -1
-1 -1 41
11 -1 42
15 17 35
-1 -1 3
-1 43 -1
20 45 -1
30 7 27
-1 -1 25
33 33 -1
7 18 36
32 -1 4
30 35 -1
22 -1 -1
-1 27 -1
-1 -1 6
4 -1 -1
-1 -1 30
-1 2 -1
43 32 23
-1 -1 27
-1 29 -1
-1 12 30
19 21 25
-1 -1 44
-1 -1 -1
6 -1 22
41 -1 43
-1 11 28
29 13 -1
-1 -1 -1
42 -1 -1
13 -1 -1
-1 3 23
12 -1 35
11 -1 7
22 -1 -1
-1 -1 -1
-1 10 -1
-1 3 5
-1 39 -1
-1 22 18
40 33 35
-1 29 29
-1 -1 24
-1 27 39
-1 42 15
0 3 10
-1 38 21
-1 8 28
-1 -1 -1
-1 -1 -1
-1 42 45
-1 -1 39
0 -1 36
21 -1 27
7 25 24
30 -1 1
-1 43 -1
-1 23 -1
20 -1 -1
32 -1 -1
0 -1 29
-1 38 -1
-1 -1 37
-1 13 -1
-1 -1 -1
-1 11 -1
28 -1 26
-1 -1 10
12 -1 9
-1 -1 -1
17 35 7
8 -1 30
29 39 -1
30 39 24
-1 -1 -1
3 -1 34
35 17 26
24 -1 37
22 -1 28
33 29 40
-1 -1 32
-1 -1 37
-1 -1 8
-1 -1 18
-1 41 -1
42 -1 -1
-1 -1 9
9 18 24
41 19 -1
35 11 35
-1 -1 9
1 30 31
-1 -1 -1
35 -1 45
31 -1 -1
-1 44 40
25 -1 37
-1 7 26
22 -1 22
25 41 42
40 -1 41
-1 9 -1
-1 16 -1
20 -1 -1
38 38 -1
13 -1 36
39 -1 37
5 42 5
2 -1 40
-1 -1 35
-1 5 30
-1 -1 -1
15 -1 39
14 45 39
4 12 32
2 20 25
-1 -1 -1
12 -1 23
33 -1 21
-1 43 27
17 14 18
-1 30 24
-1 23 40
14 20 7
28 -1 -1
21 -1 39
-1 -1 22
20 -1 3
26 -1 9
-1 40 1
-1 -1 -1
-1 20 17
30 -1 38
23 -1 37
-1 -1 41
22 28 17
18 -1 44
22 -1 -1
0 -1 -1
37 -1 38
12 -1 27
19 31 -1
36 -1 35
-1 -1 33
10 -1 38
35 -1 20
-1 35 13
-1 -1 -1
16 12 -1
30 15 1
28 43 18
-1 -1 11
29 -1 40
-1 -1 44
26 -1 40
0 -1 -1
-1 -1 -1
-1 35 10
23 35 -1
-1 14 -1
-1 -1 2
43 -1 -1
-1 -1 -1
26 7 1
-1 -1 -1
-1 -1 16
-1 -1 9
-1 -1 -1
21 -1 19
-1 40 26
-1 -1 0
33 -1 -1
5 41 -1
-1 32 25
32 -1 31
-1 -1 -1
24 -1 -1
20 -1 -1
-1 18 30
12 30 34
17 -1 7
-1 -1 27
-1 -1 -1
23 -1 41
20 18 43
-1 -1 28
6 32 4
-1 -1 2
18 26 -1
15 -1 24
29 24 -1
39 -1 5
2 36 22
-1 -1 0
35 -1 -1
9 -1 36
2 24 1
-1 -1 -1
-1 -1 5
-1 18 4
-1 -1 29
-1 -1 33
30 -1 7
-1 -1 14
41 -1 -1
16 -1 36
-1 37 7
23 -1 22
-1 -1 23
43 -1 -1
-1 36 10
-1 -1 29
22 -1 2
-1 -1 40
19 16 13
38 -1 25
32 -1 23
8 -1 31
-1 41 11
-1 -1 32
-1 33 40
-1 -1 3
40 39 45
-1 10 38
42 -1 -1
38 29 -1
-1 -1 29
42 -1 35
-1 -1 -1
12 36 11
7 14 36
-1 14 41
8 8 -1
2 4 22
4 -1 43
-1 -1 -1
41 44 18
-1 36 39
40 5 21
37 -1 -1
0 -1 35
3 7 20
11 -1 28
-1 3 -1
-1 33 -1
4 -1 -1
18 -1 -1
20 8 34
-1 9 16
-1 20 -1
12 -1 -1
44 -1 -1
21 -1 21
-1 34 -1
20 -1 41
-1 -1 25
0 -1 5
26 20 36
33 -1 33
22 39 -1
40 -1 38
-1 -1 -1
-1 -1 32
-1 -1 11
1 -1 21
-1 -1 41
-1 -1 43
-1 -1 36
-1 -1 10
32 -1 30
-1 -1 -1
-1 -1 45
11 -1 14
40 -1 -1
44 -1 9
-1 -1 -1
-1 24 4
18 -1 -1
-1 24 38
25 7 38
42 -1 1
-1 -1 40
18 -1 45
24 -1 -1
27 -1 -1
43 -1 -1
-1 20 -1
-1 -1 -1
-1 23 18
-1 -1 39
30 -1 -1
-1 -1 38
-1 -1 3
33 -1 31
3 -1 8
-1 -1 30
13 9 -1
37 -1 27
-1 -1 -1
42 -1 32
14 -1 6
-1 -1 -1
-1 -1 32
-1 -1 3
18 32 -1
-1 3 24
-1 -1 30
-1 -1 -1
-1 -1 19
1 -1 -1
22 -1 26
-1 36 -1
10 -1 16
10 17 8
8 -1 18
12 40 -1
-1 33 -1
-1 23 37
-1 -1 26
-1 -1 9
-1 -1 17
16 -1 41
21 -1 -1
18 -1 16
-1 32 10
40 -1 25
-1 -1 1
44 -1 -1
-1 -1 44
-1 3 0
-1 -1 39
-1 31 -1
19 -1 45
41 -1 -1
-1 -1 11
44 -1 36
-1 30 23
-1 -1 3
16 26 42
34 -1 23
-1 28 -1
-1 1 19
24 24 8
21 -1 12
44 -1 42
-1 23 16
12 -1 0
17 44 31
15 -1 -1
-1 -1 -1
35 3 17
-1 26 30
17 -1 33
28 -1 -1
0 34 -1
-1 -1 -1
15 -1 -1
-1 44 34
41 -1 33
-1 -1 43
-1 13 0
35 -1 20
10 25 28
-1 2 -1
34 -1 36
-1 -1 16
-1 -1 6
26 42 28
-1 36 34
-1 -1 13
28 31 29
-1 1 -1
-1 -1 8
-1 5 -1
-1 25 40
-1 -1 10
-1 8 2
-1 -1 -1
22 7 33
40 -1 -1
18 28 38
41 -1 14
27 34 21
-1 17 -1
-1 11 40
-1 18 0
33 -1 36
-1 -1 33
-1 -1 10
-1 -1 41
-1 -1 -1
-1 -1 39
-1 30 -1
31 -1 -1
7 -1 26
27 -1 -1
15 30 2
16 -1 7
-1 -1 13
-1 -1 26
-1 -1 -1
-1 -1 -1
-1 -1 6
-1 -1 -1
34 -1 -1
-1 -1 44
19 -1 -1
23 28 18
4 12 11
19 38 -1
22 -1 35
-1 -1 14
15 -1 28
21 12 -1
-1 -1 -1
9 -1 41
-1 -1 40
11 -1 44
17 -1 23
-1 9 12
-1 1 13
1 -1 15
25 -1 41
30 40 11
-1 -1 31
-1 -1 11
-1 -1 16
-1 -1 34
-1 -1 -1
-1 -1 11
17 24 15
-1 34 16
16 -1 3
1 -1 42
-1 -1 41
45 12 -1
45 -1 2
6 -1 16
4 43 31
-1 -1 24
0 -1 11
32 -1 0
16 19 27
-1 -1 11
-1 30 -1
6 -1 -1
-1 -1 33
-1 25 -1
27 -1 42
-1 -1 23
45 42 12
5 -1 26
-1 35 8
37 -1 6
2 -1 31
-1 -1 -1
44 28 9
43 -1 25
-1 -1 36
-1 -1 9
-1 -1 28
15 -1 14
25 -1 31
27 -1 27
-1 -1 4
-1 -1 -1
4 31 30
7 -1 17
-1 45 11
6 30 -1
35 -1 41
29 -1 -1
-1 39 -1
-1 36 2
1 36 30
28 -1 5
18 -1 24
20 -1 31
-1 -1 4
42 -1 24
10 -1 26
-1 17 21
-1 41 30
35 6 14
45 1 8
-1 37 -1
14 -1 30
16 17 30
-1 -1 27
-1 -1 26
-1 -1 1
4 -1 15
-1 17 10
42 -1 -1
36 -1 5
5 -1 0
9 -1 24
-1 42 -1
20 -1 28
-1 -1 11
39 -1 13
31 -1 36
-1 13 32
40 -1 -1
4 38 23
33 -1 -1
35 -1 35
-1 -1 34
-1 34 31
-1 -1 38
26 -1 -1
43 10 17
-1 15 28
23 -1 12
45 42 45
15 19 -1
4 -1 13
24 -1 36
14 -1 39
-1 -1 5
44 -1 -1
29 -1 20
-1 44 -1
-1 6 38
28 32 14
5 -1 3
26 30 25
-1 -1 29
-1 38 22
-1 -1 10
15 -1 38
21 29 29
-1 8 39
36 -1 44
-1 28 -1
4 23 21
-1 -1 16
-1 -1 8
4 -1 -1
-1 -1 -1
14 34 -1
-1 -1 37
-1 -1 41
-1 -1 44
-1 -1 -1
43 -1 33
-1 -1 19
-1 -1 6
-1 -1 -1
-1 1 14
-1 -1 10
-1 -1 -1
21 39 4
7 5 38
-1 43 -1
-1 45 3
44 -1 37
-1 22 25
-1 32 13
-1 -1 43
-1 23 5
11 -1 6
-1 -1 -1
-1 35 -1
-1 31 -1
20 -1 -1
38 38 24
36 -1 -1
-1 -1 45
45 -1 17
26 10 0
-1 -1 3
13 10 23
-1 -1 -1
20 31 19
-1 -1 44
-1 -1 -1
26 -1 22
-1 19 2
5 -1 10
-1 -1 41
33 -1 -1
16 -1 12
30 -1 45
42 8 43
23 -1 -1
39 -1 17
17 -1 19
36 7 7
-1 -1 18
8 -1 44
-1 15 3
27 45 43
27 -1 -1
0 -1 -1
24 13 -1
9 -1 -1
-1 36 13
19 -1 22
37 -1 -1
-1 -1 -1
-1 -1 41
-1 -1 -1
-1 -1 31
45 -1 12
-1 38 24
-1 14 41
11 29 -1
-1 4 34
-1 -1 7
-1 -1 -1
13 13 -1
-1 28 -1
35 -1 32
30 -1 -1
17 -1 23
4 -1 5
-1 -1 7
1 -1 23
-1 32 34
3 8 11
-1 -1 23
-1 -1 -1
-1 -1 25
25 5 42
-1 -1 -1
-1 21 4
-1 -1 -1
12 -1 18
-1 38 27
-1 -1 9
30 -1 38
-1 15 33
-1 6 39
-1 -1 1
-1 -1 42
-1 28 27
-1 -1 41
-1 -1 32
-1 -1 26
-1 -1 45
-1 -1 6
37 -1 18
15 35 37
34 30 20
-1 -1 39
44 31 29
21 -1 18
-1 -1 -1
34 -1 3
-1 -1 -1
-1 5 -1
-1 -1 2
33 -1 -1
43 19 -1
9 -1 31
35 -1 -1
-1 -1 37
33 37 23
45 -1 10
-1 6 -1
24 -1 36
7 40 -1
45 -1 -1
21 -1 38
1 -1 6
9 21 27
-1 25 -1
35 -1 33
-1 -1 38
-1 -1 -1
-1 24 -1
41 -1 31
30 11 -1
14 11 -1
-1 29 39
-1 27 5
5 -1 16
9 14 12
43 -1 45
-1 -1 7
40 8 18
-1 42 29
-1 38 12
3 -1 -1
32 -1 -1
0 -1 -1
30 25 40
-1 -1 45
-1 26 -1
-1 7 42
5 -1 30
-1 -1 -1
23 16 19
41 40 -1
19 -1 22
27 -1 35
-1 1 -1
-1 -1 23
-1 -1 -1
7 -1 -1
28 5 39
34 40 4
-1 27 13
-1 -1 25
-1 -1 9
20 -1 -1
1 15 12
0 19 -1
-1 -1 24
44 -1 17
-1 29 -1
0 -1 -1
42 -1 38
36 -1 18
0 -1 -1
13 33 7
25 -1 31
5 4 31
-1 -1 34
-1 -1 -1
-1 45 -1
-1 -1 5
-1 -1 0
25 -1 -1
-1 12 18
-1 14 -1
41 -1 -1
41 -1 7
-1 -1 2
-1 -1 30
44 7 9
25 31 36
-1 -1 -1
42 -1 5
-1 -1 21
-1 -1 26
-1 28 -1
-1 -1 -1
8 -1 -1
14 -1 -1
7 -1 33
21 27 3
-1 -1 -1
-1 -1 -1
11 -1 -1
-1 0 -1
8 -1 -1
21 -1 8
-1 -1 3
4 -1 6
-1 -1 26
32 23 23
-1 42 40
-1 -1 -1
28 -1 33
22 -1 23
-1 -1 27
-1 -1 -1
42 -1 -1
-1 -1 7
-1 23 40
-1 -1 29
43 45 15
-1 31 34
-1 13 -1
6 -1 15
-1 -1 36
-1 -1 30
33 -1 -1
33 -1 -1
-1 24 28
-1 15 24
9 17 8
39 45 18
-1 -1 10
-1 -1 4
-1 8 -1
-1 -1 42
-1 18 14
43 -1 -1
29 17 9
26 12 42
-1 28 -1
18 16 45
11 -1 -1
44 -1 6
15 -1 -1
14 7 -1
13 -1 8
-1 -1 -1
-1 -1 -1
19 39 -1
1 -1 0
1 -1 43
26 -1 -1
-1 -1 6
39 -1 2
16 8 -1
40 -1 -1
-1 0 44
36 -1 34
44 26 9
-1 -1 5
-1 31 -1
18 -1 18
-1 8 -1
-1 -1 -1
3 -1 40
-1 -1 43
5 -1 16
45 -1 44
-1 -1 9
11 -1 5
-1 -1 29
-1 -1 23
-1 30 -1
43 28 31
-1 -1 25
-1 43 8
-1 -1 17
41 -1 25
7 -1 28
8 3 -1
-1 36 -1
-1 2 -1
-1 -1 -1
37 -1 22
10 -1 11
16 -1 -1
-1 23 4
0 41 -1
19 -1 30
6 33 4
12 -1 -1
-1 -1 9
-1 -1 40
-1 35 38
-1 -1 41
-1 -1 39
42 -1 38
-1 -1 -1
-1 17 44
40 -1 5
30 -1 -1
10 -1 -1
37 14 -1
-1 7 15
-1 41 41
37 34 5
35 -1 9
25 34 -1
-1 -1 9
7 -1 3
-1 45 28
-1 -1 41
-1 -1 0
-1 43 -1
3 26 44
41 -1 -1
35 -1 -1
-1 -1 15
-1 21 43
44 39 33
17 12 35
-1 -1 26
10 10 2
-1 -1 13
-1 37 -1
-1 1 -1
28 16 1
29 -1 36
32 12 37
35 41 8
-1 29 -1
45 18 5
-1 -1 -1
37 -1 22
-1 -1 -1
2 45 19
23 -1 14
0 -1 -1
17 -1 40
-1 -1 -1
-1 24 23
34 25 -1
-1 -1 15
16 -1 -1
-1 0 35
-1 1 33
35 1 2
20 -1 21
-1 -1 24
10 -1 -1
7 -1 35
9 -1 -1
-1 44 -1
19 -1 43
-1 -1 2
3 -1 -1
2 11 34
-1 23 8
42 1 9
-1 26 -1
-1 -1 10
-1 20 -1
14 37 -1
36 -1 27
-1 -1 -1
11 -1 18
22 5 36
-1 39 14
-1 17 23
-1 28 22
38 43 38
40 -1 29
29 -1 10
2 -1 -1
31 -1 30
-1 -1 17
19 -1 19
-1 -1 42
-1 40 21
28 -1 -1
-1 3 45
-1 34 34
-1 -1 -1
23 30 -1
24 -1 -1
36 34 -1
20 21 -1
-1 23 39
-1 8 41
-1 27 18
-1 -1 9
42 -1 18
15 -1 40
35 -1 24
-1 29 2
36 -1 3
-1 21 14
-1 -1 2
39 -1 38
17 -1 4
4 -1 6
27 19 -1
-1 -1 29
-1 21 7
2 -1 -1
-1 4 18
-1 -1 -1
-1 13 40
-1 -1 -1
-1 0 20
29 32 11
21 -1 15
8 14 15
13 -1 -1
-1 -1 10
30 -1 -1
38 11 25
-1 -1 6
-1 -1 -1
-1 -1 -1
43 -1 37
-1 -1 18
-1 -1 0
20 -1 14
-1 -1 20
14 -1 37
-1 5 -1
23 -1 22
42 -1 33
-1 -1 17
37 36 -1
13 11 -1
33 41 16
24 -1 33
-1 5 -1
-1 30 -1
9 -1 -1
13 10 9
-1 -1 14
13 -1 -1
-1 -1 20
-1 -1 -1
-1 -1 3
20 23 -1
21 -1 -1
-1 25 -1
35 45 23
42 -1 24
35 -1 29
40 -1 45
40 -1 41
-1 -1 10
18 29 22
-1 -1 -1
-1 -1 34
38 -1 -1
13 13 -1
-1 -1 28
-1 1 5
-1 11 -1
26 -1 28
43 -1 31
12 -1 39
-1 -1 26
1 -1 3
-1 32 32
33 12 -1
33 -1 20
32 34 10
7 -1 -1
-1 40 40
7 -1 -1
-1 -1 -1
18 -1 20
37 -1 30
17 -1 5
9 34 41
-1 -1 5
43 -1 9
-1 -1 -1
19 -1 34
10 12 2
27 1 13
-1 35 2
-1 -1 17
29 -1 -1
41 -1 32
18 -1 38
-1 43 1
29 7 25
-1 32 34
9 -1 11
5 -1 -1
37 -1 -1
-1 34 -1
44 -1 16
29 -1 -1
-1 -1 24
39 -1 44
-1 -1 -1
12 43 4
10 0 32
37 -1 1
-1 -1 -1
-1 -1 22
32 -1 5
-1 -1 3
-1 38 36
44 -1 -1
-1 32 42
2 -1 1
12 28 12
7 33 -1
-1 -1 35
-1 41 41
-1 -1 -1
0 27 17
0 -1 18
-1 42 -1
20 -1 -1
6 -1 -1
-1 44 35
0 -1 40
22 -1 -1
-1 25 15
9 38 2
40 23 22
-1 44 16
1 -1 -1
35 -1 -1
3 36 -1
-1 25 43
12 38 35
-1 -1 0
-1 3 44
-1 2 10
-1 -1 -1
-1 -1 -1
36 -1 -1
17 -1 5
10 -1 -1
42 -1 35
-1 7 -1
-1 43 11
20 44 -1
30 6 10
15 -1 -1
39 4 41
-1 31 -1
-1 -1 -1
38 -1 41
-1 -1 10
24 6 38
5 5 9
5 3 -1
30 -1 31
4 -1 -1
-1 -1 42
-1 20 37
-1 15 5
31 -1 15
-1 -1 -1
45 33 7
-1 20 -1
6 44 -1
-1 34 -1
33 -1 -1
32 -1 27
-1 39 7
3 27 18
-1 -1 -1
15 -1 42
42 -1 -1
42 -1 18
26 -1 39
45 10 -1
12 -1 2
-1 -1 -1
22 -1 21
-1 -1 17
42 39 -1
26 -1 -1
27 -1 24
23 29 28
17 -1 23
-1 -1 41
21 -1 -1
36 -1 25
8 4 41
12 43 31
28 20 -1
-1 -1 -1
31 26 -1
-1 17 1
-1 32 -1
10 20 -1
23 -1 32
24 -1 21
31 17 29
0 -1 -1
-1 -1 18
10 18 28
-1 1 -1
-1 -1 -1
-1 -1 33
-1 -1 20
-1 -1 -1
-1 -1 16
12 36 26
2 -1 35
-1 -1 29
28 -1 32
18 31 1
-1 30 40
-1 -1 39
29 31 -1
12 -1 13
-1 -1 31
-1 15 32
31 13 -1
38 -1 36
-1 11 20
16 14 9
37 29 34
5 1 9
-1 -1 13
11 -1 25
24 -1 -1
32 -1 0
-1 24 7
12 -1 26
-1 -1 -1
3 5 -1
-1 -1 -1
-1 -1 25
34 -1 3
9 42 28
14 -1 14
28 -1 32
11 -1 -1
31 -1 40
28 41 33
10 43 27
32 -1 41
15 34 -1
31 -1 29
-1 -1 23
-1 -1 -1
28 6 13
-1 -1 19
36 -1 33
8 -1 13
35 41 19
-1 6 25
-1 -1 -1
12 -1 26
-1 34 0
25 44 27
-1 -1 25
22 -1 -1
19 -1 17
12 -1 45
31 6 35
30 -1 -1
-1 -1 -1
10 -1 32
43 -1 12
22 -1 -1
-1 3 -1
-1 -1 32
4 30 40
42 -1 21
-1 -1 25
19 -1 19
40 6 25
15 -1 44
-1 41 19
41 11 -1
-1 36 9
-1 -1 -1
27 20 30
16 -1 -1
3 -1 -1
-1 10 11
37 -1 -1
42 -1 34
20 -1 31
-1 -1 31
17 -1 32
-1 -1 -1
-1 -1 15
33 -1 14
20 12 -1
40 -1 15
-1 44 11
35 -1 -1
20 -1 39
-1 22 37
-1 -1 31
27 -1 41
2 17 33
-1 -1 26
13 17 2
43 -1 38
-1 -1 -1
-1 28 15
-1 -1 29
-1 -1 -1
-1 34 -1
-1 -1 13
19 -1 39
2 -1 10
25 13 -1
-1 -1 -1
-1 -1 -1
10 -1 -1
-1 44 24
-1 -1 32
26 -1 -1
-1 43 11
8 -1 16
30 16 7
12 41 45
1 33 18
12 4 9
30 41 -1
40 19 -1
-1 21 -1
24 21 43
29 23 4
-1 -1 42
14 37 41
-1 36 -1
6 -1 9
-1 -1 14
2 13 44
13 -1 -1
-1 32 5
-1 17 -1
23 -1 38
-1 -1 -1
34 -1 24
28 -1 23
15 -1 14
26 -1 38
-1 -1 33
38 -1 0
-1 -1 41
-1 -1 1
-1 -1 40
18 29 3
-1 22 -1
43 0 -1
-1 -1 -1
-1 -1 31
-1 -1 19
19 -1 45
-1 -1 -1
8 31 39
-1 32 11
-1 11 19
3 -1 41
17 -1 45
22 -1 43
3 -1 29
-1 -1 39
1 16 41
1 -1 6
-1 13 32
29 7 38
-1 -1 40
-1 -1 43
-1 -1 38
-1 5 20
-1 -1 34
7 13 38
-1 -1 34
-1 -1 2
4 -1 26
-1 -1 33
23 -1 29
15 -1 45
15 -1 23
-1 27 42
-1 12 21
-1 28 0
-1 21 17
-1 -1 16
-1 29 41
2 -1 37
35 -1 0
-1 10 -1
-1 -1 34
-1 -1 20
33 -1 -1
-1 33 21
-1 -1 -1
38 5 21
-1 -1 -1
41 19 34
-1 35 27
6 -1 -1
-1 -1 8
-1 2 -1
-1 -1 18
-1 -1 5
5 -1 25
-1 41 33
26 -1 -1
-1 -1 21
17 -1 32
-1 -1 21
-1 0 0
-1 -1 30
-1 -1 23
42 -1 24
21 41 42
-1 -1 0
27 -1 29
-1 3 0
36 -1 0
-1 -1 -1
33 38 -1
32 -1 32
-1 33 -1
-1 30 -1
-1 26 17
-1 10 19
-1 42 23
31 -1 -1
28 -1 8
-1 -1 42
41 -1 23
22 -1 34
-1 -1 35
11 -1 6
-1 -1 10
27 -1 29
20 -1 7
-1 -1 25
15 1 34
23 -1 -1
36 9 18
14 39 38
-1 -1 -1
34 -1 4
20 -1 -1
-1 -1 -1
37 -1 28
-1 29 -1
-1 -1 11
-1 24 -1
14 -1 -1
-1 -1 -1
-1 -1 20
9 -1 -1
25 16 -1
10 -1 -1
-1 -1 31
18 -1 -1
27 43 33
-1 22 39
45 -1 -1
-1 11 31
-1 -1 6
-1 37 9
21 34 27
1 -1 0
-1 -1 -1
11 25 -1
6 40 33
-1 -1 45
30 -1 -1
18 -1 17
10 1 0
-1 -1 -1
2 35 32
-1 28 33
38 -1 22
45 2 -1
-1 32 18
-1 -1 -1
0 41 19
-1 2 10
-1 19 17
-1 -1 -1
6 -1 24
-1 13 -1
-1 -1 35
-1 20 26
-1 7 2
18 42 -1
38 -1 38
-1 -1 18
39 38 25
44 -1 18
-1 23 6
-1 43 33
19 -1 2
28 39 22
-1 -1 36
4 -1 11
-1 -1 4
-1 -1 35
1 5 24
7 42 10
29 22 11
-1 20 30
11 38 -1
-1 -1 9
-1 10 -1
23 -1 -1
-1 -1 4
-1 19 2
26 1 3
24 13 18
-1 -1 23
-1 -1 28
24 24 25
-1 -1 10
5 5 -1
-1 16 18
35 -1 1
-1 -1 21
-1 44 33
36 -1 -1
-1 -1 -1
-1 29 -1
13 25 32
-1 -1 18
10 34 30
-1 35 -1
-1 -1 37
-1 20 -1
-1 -1 -1
6 -1 0
40 38 12
4 -1 -1
18 -1 10
44 -1 -1
30 -1 11
-1 -1 44
1 5 -1
-1 -1 22
24 -1 -1
-1 -1 -1
25 -1 34
-1 3 22
33 -1 23
-1 27 -1
-1 39 7
12 -1 9
15 6 41
-1 12 -1
-1 -1 22
31 -1 -1
43 -1 15
35 -1 -1
40 -1 24
14 -1 18
23 25 3
34 -1 -1
7 -1 31
-1 39 5
-1 -1 22
9 -1 22
15 -1 2
-1 3 35
17 -1 21
37 -1 -1
26 19 -1
-1 9 32
-1 -1 29
-1 42 -1
18 -1 36
-1 -1 3
12 -1 9
-1 -1 -1
31 -1 -1
9 -1 16
12 21 34
-1 24 6
-1 7 16
-1 12 34
33 -1 29
-1 29 28
40 37 11
3 37 -1
42 -1 15
16 -1 -1
-1 2 26
-1 -1 39
40 -1 18
-1 32 6
22 28 33
-1 19 7
17 -1 -1
-1 -1 13
-1 13 31
45 31 15
-1 -1 -1
-1 -1 19
-1 -1 33
26 15 11
-1 -1 26
-1 -1 3
-1 -1 21
8 35 -1
-1 -1 7
-1 -1 15
26 37 32
42 -1 3
20 -1 -1
33 44 -1
-1 -1 27
-1 -1 4
-1 -1 35
-1 -1 30
24 17 7
-1 -1 30
6 0 11
-1 -1 9
-1 -1 -1
19 43 -1
44 -1 28
14 -1 -1
14 14 -1
30 -1 2
25 -1 -1
1 25 34
14 22 44
-1 -1 -1
-1 -1 -1
3 -1 18
20 -1 14
-1 4 20
41 -1 1
-1 -1 35
25 -1 -1
6 39 37
38 -1 6
34 40 3
20 -1 23
36 -1 37
8 -1 44
-1 -1 34
28 -1 -1
-1 15 -1
-1 11 45
-1 -1 41
41 -1 9
-1 -1 -1
4 16 -1
45 38 30
31 -1 -1
-1 11 24
34 33 17
40 -1 32
-1 40 -1
-1 12 41
-1 -1 44
-1 -1 33
-1 -1 43
-1 1 44
31 27 37
-1 13 20
-1 16 39
-1 21 33
7 -1 -1
0 -1 14
28 6 -1
39 -1 27
42 -1 25
-1 23 42
-1 21 3
16 -1 26
33 -1 17
-1 32 33
19 38 13
-1 38 35
35 -1 -1
17 27 12
14 -1 43
-1 -1 1
-1 42 34
-1 -1 1
29 41 -1
35 -1 17
-1 12 -1
6 -1 14
-1 24 -1
-1 41 -1
40 -1 10
-1 13 -1
18 31 20
-1 -1 13
-1 26 22
-1 -1 -1
-1 14 -1
-1 30 25
3 -1 -1
38 0 23
1 -1 44
-1 33 35
-1 23 -1
1 13 42
4 -1 34
3 -1 22
-1 17 1
26 16 41
-1 3 27
-1 -1 -1
12 -1 -1
18 35 0
-1 -1 4
-1 0 42
33 -1 -1
-1 -1 10
7 -1 29
-1 -1 19
43 -1 -1
10 -1 3
10 39 -1
-1 -1 12
21 -1 -1
-1 44 20
0 27 14
-1 -1 -1
-1 10 5
33 -1 30
42 25 19
40 3 -1
25 -1 -1
-1 3 34
24 -1 14
31 -1 -1
-1 -1 44
27 -1 -1
-1 -1 -1
6 26 8
-1 -1 40
-1 -1 6
38 29 35
-1 -1 32
30 -1 45
4 -1 -1
14 -1 16
-1 -1 34
-1 -1 -1
-1 -1 1
-1 29 40
15 -1 14
32 42 29
24 6 -1
16 -1 41
36 -1 18
12 -1 -1
2 -1 9
23 26 -1
34 41 39
-1 16 3
-1 24 -1
12 -1 -1
-1 40 14
-1 -1 22
7 -1 0
-1 37 16
30 -1 38
-1 -1 21
-1 -1 44
43 -1 10
3 12 3
-1 -1 40
-1 4 -1
-1 -1 5
33 4 22
-1 26 37
41 37 32
-1 -1 11
25 -1 3
28 35 7
38 -1 36
44 -1 32
6 -1 41
-1 -1 23
33 45 37
43 -1 45
-1 -1 2
-1 -1 -1
43 25 -1
32 -1 28
34 8 15
37 8 -1
-1 -1 -1
42 -1 41
21 -1 42
1 12 21
30 14 25
-1 3 32
31 14 -1
-1 20 20
11 -1 -1
3 -1 14
37 -1 -1
26 42 -1
-1 16 33
20 -1 35
12 -1 -1
43 19 0
15 -1 21
33 20 41
-1 22 17
5 -1 3
7 24 21
6 -1 -1
-1 29 -1
15 -1 37
-1 21 28
-1 40 35
-1 19 41
-1 -1 -1
12 9 6
34 7 37
27 -1 10
17 -1 2
-1 -1 9
-1 -1 25
-1 -1 -1
15 -1 44
-1 13 29
3 -1 30
41 -1 33
5 -1 16
-1 -1 34
-1 -1 18
-1 -1 4
21 -1 -1
-1 -1 42
39 -1 26
35 41 -1
26 -1 24
27 -1 27
23 -1 45
36 -1 -1
-1 -1 -1
-1 -1 9
40 45 15
-1 -1 -1
-1 21 0
-1 -1 16
-1 -1 11
45 -1 41
-1 29 30
-1 -1 40
-1 -1 -1
-1 23 22
-1 -1 38
9 -1 3
6 15 25
-1 38 -1
-1 -1 -1
-1 38 -1
-1 -1 -1
-1 -1 -1
-1 3 -1
-1 2 -1
-1 9 35
-1 0 -1
2 -1 -1
-1 15 24
29 0 42
6 15 35
18 -1 24
-1 37 9
3 -1 39
11 -1 42
6 -1 24
18 32 0
-1 -1 41
13 -1 3
-1 -1 2
-1 -1 -1
10 16 29
19 21 -1
-1 -1 44
-1 -1 19
23 -1 26
-1 23 -1
-1 -1 0
42 -1 42
2 -1 30
-1 21 28
16 20 -1
-1 39 16
27 14 2
24 16 1
34 -1 -1
-1 2 3
-1 -1 30
23 -1 21
8 10 37
-1 -1 19
-1 -1 5
-1 -1 -1
-1 -1 7
28 -1 37
33 -1 30
28 -1 -1
20 44 1
7 -1 -1
38 2 33
-1 37 19
31 24 -1
16 -1 2
-1 -1 -1
-1 -1 -1
-1 35 40
-1 1 20
-1 -1 -1
-1 -1 14
25 -1 4
14 -1 4
-1 1 -1
21 -1 28
40 -1 39
-1 -1 42
16 -1 28
-1 -1 43
26 38 16
-1 -1 34
-1 -1 24
12 31 -1
8 -1 28
31 8 32
-1 -1 18
14 -1 -1
-1 11 19
-1 43 -1
14 -1 14
-1 -1 -1
-1 4 -1
-1 -1 0
26 13 30
19 -1 6
7 -1 30
18 -1 7
3 -1 -1
16 -1 42
-1 38 34
-1 19 -1
-1 34 0
-1 -1 43
12 -1 22
30 5 -1
31 -1 44
36 33 7
30 -1 42
-1 -1 42
36 -1 38
44 -1 45
10 16 5
4 -1 -1
-1 -1 -1
32 1 -1
21 -1 21
-1 -1 3
16 26 -1
-1 -1 42
-1 -1 16
21 -1 -1
9 -1 19
9 -1 38
1 -1 27
-1 -1 2
-1 39 45
4 -1 41
23 -1 -1
41 36 3
13 29 8
-1 -1 -1
-1 28 27
-1 26 19
2 9 0
4 13 25
16 -1 22
-1 26 9
-1 39 29
26 1 24
-1 22 14
1 -1 1
15 -1 40
-1 22 -1
12 -1 5
-1 -1 -1
-1 -1 30
27 -1 16
-1 -1 22
-1 -1 39
20 31 -1
-1 -1 18
31 -1 -1
-1 -1 13
19 -1 25
-1 8 20
43 -1 4
-1 -1 10
-1 -1 -1
30 -1 -1
9 45 40
44 14 -1
-1 -1 30
40 30 33
-1 -1 28
12 -1 -1
44 -1 -1
-1 3 -1
-1 0 19
15 -1 20
-1 -1 25
16 1 13
33 38 5
-1 17 -1
-1 -1 5
32 29 14
44 -1 36
5 -1 15
-1 -1 5
-1 6 24
4 39 4
-1 -1 -1
-1 -1 17
22 -1 40
17 -1 -1
-1 -1 -1
-1 -1 23
-1 23 19
21 -1 4
-1 -1 15
-1 12 35
-1 39 21
40 -1 12
-1 11 17
42 2 17
34 -1 28
45 3 37
-1 -1 5
39 13 3
41 23 25
40 44 4
24 -1 23
1 18 27
-1 27 -1
-1 37 5
-1 -1 26
-1 2 45
11 39 -1
-1 -1 16
-1 11 -1
28 -1 31
11 -1 7
-1 -1 -1
-1 -1 40
-1 -1 24
-1 -1 -1
30 13 42
-1 -1 -1
-1 16 17
-1 -1 23
-1 -1 41
-1 -1 14
18 -1 1
-1 15 10
7 20 22
-1 26 -1
33 -1 4
-1 -1 42
-1 -1 -1
36 -1 24
-1 6 -1
7 -1 14
-1 28 -1
33 -1 -1
26 -1 30
29 -1 37
-1 -1 22
9 -1 -1
-1 -1 40
-1 17 39
-1 -1 5
-1 27 31
16 -1 -1
-1 -1 -1
-1 -1 -1
5 41 13
45 2 22
43 -1 3
-1 2 18
-1 39 22
-1 -1 -1
-1 31 32
6 -1 26
-1 -1 33
15 1 39
44 -1 -1
-1 10 -1
-1 36 15
-1 29 2
-1 18 44
-1 -1 9
-1 -1 43
-1 -1 43
32 -1 -1
-1 14 -1
-1 -1 13
-1 -1 24
18 -1 13
-1 -1 33
29 24 19
25 8 41
31 0 -1
2 29 -1
2 -1 2
-1 -1 -1
41 22 36
-1 31 39
-1 9 -1
-1 -1 33
-1 -1 -1
-1 33 -1
-1 11 11
24 36 1
-1 19 -1
4 -1 -1
-1 -1 33
-1 17 -1
41 -1 20
28 -1 23
25 -1 13
-1 -1 -1
-1 -1 10
42 -1 16
7 -1 14
37 1 -1
-1 29 36
26 -1 43
6 11 -1
-1 32 29
45 -1 22
45 -1 -1
38 -1 45
23 20 6
-1 -1 30
19 45 45
-1 -1 -1
-1 -1 44
-1 -1 23
24 31 10
-1 -1 35
-1 -1 10
24 -1 16
45 43 12
23 39 23
-1 18 9
4 29 6
36 -1 43
-1 -1 -1
24 -1 44
28 -1 5
2 -1 0
19 -1 -1
10 -1 8
-1 0 25
-1 -1 18
-1 43 20
-1 30 -1
-1 13 15
-1 -1 11
-1 3 -1
-1 -1 10
-1 0 9
-1 -1 -1
13 -1 42
18 39 37
40 -1 17
-1 -1 -1
-1 12 -1
-1 -1 2
-1 43 34
21 -1 18
-1 -1 13
-1 -1 35
-1 -1 -1
23 31 29
20 41 5
-1 -1 45
4 -1 28
-1 2 -1
45 -1 34
-1 -1 30
-1 -1 -1
-1 -1 17
23 -1 25
14 -1 41
-1 -1 34
-1 -1 10
-1 34 23
-1 -1 35
-1 -1 -1
4 11 16
7 -1 3
44 -1 23
32 -1 -1
34 -1 30
22 39 43
-1 -1 9
30 42 14
33 -1 18
24 0 3
-1 11 6
29 17 -1
9 36 -1
-1 6 43
-1 35 27
-1 36 -1
-1 -1 32
-1 27 9
-1 38 -1
-1 -1 -1
-1 22 8
-1 32 -1
4 -1 -1
1 43 -1
17 -1 -1
-1 2 9
9 -1 33
-1 44 15
24 -1 38
3 43 -1
-1 29 24
-1 -1 23
26 -1 2
2 14 30
-1 -1 19
-1 -1 4
12 -1 -1
-1 2 4
-1 43 -1
5 -1 13
1 -1 42
33 35 -1
5 24 24
41 20 9
38 -1 20
35 -1 -1
4 -1 26
36 7 -1
18 -1 34
31 -1 40
-1 -1 42
45 -1 6
7 -1 39
-1 -1 25
-1 8 10
-1 -1 6
-1 -1 22
25 -1 -1
5 4 29
31 -1 -1
-1 -1 4
27 -1 -1
-1 -1 -1
13 45 -1
15 11 -1
-1 -1 18
-1 -1 -1
22 -1 -1
-1 23 -1
-1 7 6
-1 40 -1
-1 1 42
-1 -1 2
-1 -1 43
-1 22 21
-1 -1 26
27 -1 -1
35 -1 30
29 32 1
-1 -1 11
7 -1 -1
5 -1 37
1 43 34
31 -1 11
-1 -1 -1
1 -1 32
14 -1 -1
11 -1 14
14 16 39
-1 -1 16
20 -1 -1
12 -1 -1
20 -1 -1
14 27 2
42 -1 39
33 -1 23
41 -1 20
13 -1 40
-1 24 20
34 -1 2
-1 -1 -1
-1 -1 40
15 -1 16
32 -1 17
19 4 -1
12 1 -1
-1 -1 20
-1 -1 27
37 17 11
-1 22 11
-1 -1 11
41 -1 26
1 5 13
-1 41 -1
19 42 4
1 8 11
-1 11 -1
39 -1 -1
-1 23 33
16 -1 5
-1 -1 -1
8 23 2
30 34 -1
15 -1 9
42 44 38
-1 -1 -1
-1 -1 14
24 28 22
-1 -1 25
-1 -1 -1
-1 -1 32
3 1 11
-1 4 -1
18 23 -1
42 16 8
-1 -1 10
40 24 42
-1 41 -1
-1 -1 41
14 -1 17
-1 -1 0
-1 41 -1
13 -1 31
23 -1 41
-1 -1 45
-1 -1 -1
-1 35 -1
-1 30 -1
23 35 -1
-1 -1 -1
9 -1 -1
-1 38 13
6 26 -1
-1 -1 31
-1 -1 -1
18 -1 3
15 9 -1
-1 -1 12
25 -1 -1
37 31 -1
-1 19 -1
35 8 26
29 40 43
-1 -1 -1
-1 42 17
-1 -1 32
35 -1 -1
19 -1 42
-1 -1 -1
-1 -1 11
-1 -1 17
-1 30 26
-1 40 2
7 -1 11
-1 44 -1
-1 -1 27
45 22 4
5 -1 40
-1 -1 -1
2 26 4
-1 -1 -1
-1 18 6
-1 38 -1
-1 25 2
-1 17 35
21 15 -1
-1 29 2
-1 33 18
-1 -1 32
-1 16 31
-1 -1 17
-1 0 33
-1 28 42
35 29 8
41 6 29
24 -1 23
38 -1 -1
20 -1 16
-1 -1 0
9 -1 -1
-1 -1 -1
38 -1 4
-1 12 24
-1 -1 26
43 44 13
23 6 5
-1 -1 37
43 -1 5
-1 -1 -1
25 -1 -1
-1 -1 20
-1 -1 5
-1 34 31
-1 -1 35
18 -1 7
-1 -1 -1
25 9 44
34 21 -1
-1 -1 10
16 27 43
21 13 27
37 -1 -1
2 -1 41
-1 -1 25
-1 33 36
14 40 10
17 35 27
-1 -1 13
-1 29 24
-1 -1 8
19 15 -1
-1 -1 5
39 -1 33
-1 -1 -1
-1 -1 42
31 -1 27
16 -1 21
35 -1 18
29 -1 37
-1 27 -1
35 40 42
8 -1 35
35 -1 5
41 -1 -1
-1 -1 5
-1 40 45
-1 14 28
6 -1 -1
28 -1 45
2 40 34
21 5 40
1 38 36
33 4 45
-1 -1 17
11 -1 40
7 11 34
-1 37 17
15 -1 -1
29 -1 24
31 -1 -1
10 15 11
-1 11 -1
41 -1 43
-1 -1 16
-1 12 27
-1 41 -1
-1 -1 -1
22 43 -1
32 0 19
-1 40 -1
29 -1 14
-1 -1 45
-1 41 38
7 1 -1
-1 10 17
-1 24 40
-1 22 -1
-1 4 20
27 44 21
-1 -1 19
-1 31 -1
-1 -1 17
6 -1 -1
-1 -1 23
-1 39 13
-1 8 33
26 -1 -1
40 -1 1
-1 -1 -1
9 35 33
7 -1 33
-1 -1 33
11 -1 29
34 24 -1
-1 15 40
21 -1 38
38 -1 -1
-1 -1 37
16 -1 0
-1 25 16
29 -1 8
-1 -1 6
40 -1 -1
8 5 29
-1 -1 42
26 8 -1
-1 -1 1
16 -1 34
28 -1 9
-1 8 14
-1 -1 16
-1 -1 11
10 -1 1
-1 41 42
-1 -1 26
39 -1 30
-1 -1 33
36 -1 -1
41 -1 -1
-1 22 14
-1 -1 -1
10 -1 7
27 -1 13
2 4 -1
-1 -1 31
31 44 4
43 -1 -1
-1 32 -1
-1 -1 39
-1 4 -1
-1 -1 30
2 -1 36
13 -1 -1
-1 0 31
11 -1 17
18 -1 21
8 6 -1
27 -1 35
-1 -1 -1
16 44 45
6 20 -1
45 -1 8
-1 -1 -1
21 43 -1
-1 -1 25
14 32 -1
2 -1 45
44 11 45
-1 -1 33
41 -1 33
-1 42 28
11 -1 -1
19 40 -1
-1 -1 29
-1 -1 -1
12 -1 0
-1 3 25
-1 -1 -1
26 -1 -1
38 0 28
29 -1 10
-1 7 -1
-1 33 24
4 -1 15
27 14 1
44 -1 -1
-1 -1 23
34 -1 -1
-1 -1 19
31 7 37
-1 36 25
19 41 -1
38 -1 28
-1 -1 44
17 0 6
-1 16 7
-1 35 15
-1 -1 -1
-1 30 2
-1 -1 14
20 -1 31
1 1 -1
0 2 43
-1 8 -1
32 -1 26
9 26 -1
-1 45 41
8 -1 5
-1 9 27
-1 -1 31
12 -1 -1
-1 33 29
-1 -1 23
-1 -1 21
13 -1 22
-1 -1 12
4 -1 -1
16 -1 -1
-1 22 -1
-1 -1 44
5 -1 44
28 -1 20
-1 -1 28
-1 -1 33
-1 43 7
-1 -1 -1
10 -1 7
14 -1 -1
-1 -1 7
11 -1 21
24 -1 27
-1 44 -1
-1 -1 -1
44 -1 10
-1 31 0
44 -1 12
10 -1 -1
-1 -1 -1
-1 0 -1
23 -1 35
41 35 -1
30 1 9
29 0 42
3 19 35
-1 -1 22
-1 -1 35
27 -1 27
3 -1 -1
42 -1 4
-1 1 10
9 35 9
-1 -1 -1
-1 -1 6
17 36 -1
-1 -1 26
-1 -1 31
29 -1 37
25 -1 44
-1 38 -1
-1 -1 19
22 18 22
6 -1 22
17 -1 27
-1 -1 22
-1 -1 -1
-1 -1 13
-1 -1 32
-1 -1 20
-1 44 8
-1 -1 19
15 -1 20
30 9 41
14 -1 36
-1 -1 42
21 -1 -1
28 45 -1
20 -1 27
16 1 37
-1 34 17
23 31 26
10 -1 34
4 -1 -1
-1 8 -1
38 -1 -1
24 -1 -1
3 6 4
33 -1 -1
-1 0 23
-1 16 27
-1 33 43
-1 -1 20
-1 -1 -1
-1 -1 0
32 -1 -1
37 -1 36
14 -1 13
-1 -1 25
12 -1 -1
-1 -1 37
-1 -1 4
-1 23 2
-1 31 27
40 4 38
7 -1 29
-1 -1 -1
-1 -1 40
15 -1 -1
-1 -1 31
-1 6 24
-1 -1 35
2 27 -1
-1 11 -1
16 -1 45
35 -1 38
35 -1 31
-1 -1 32
-1 1 45
34 45 12
-1 30 38
24 -1 9
-1 -1 23
-1 19 -1
-1 44 14
21 45 -1
42 8 12
11 -1 -1
-1 -1 -1
13 4 28
8 31 -1
-1 -1 -1
42 8 28
-1 37 -1
-1 45 31
-1 16 34
-1 -1 35
29 -1 4
-1 9 16
5 -1 -1
-1 -1 -1
-1 -1 3
39 -1 -1
-1 22 43
24 -1 22
-1 -1 41
-1 28 41
24 -1 43
45 -1 -1
8 -1 13
23 -1 -1
-1 34 14
24 16 37
2 -1 39
10 -1 -1
10 -1 24
35 -1 -1
-1 -1 38
-1 -1 31
0 -1 38
-1 34 -1
43 25 11
-1 -1 9
25 15 43
-1 31 30
-1 -1 43
-1 21 -1
-1 42 1
42 -1 29
-1 -1 -1
-1 -1 -1
42 35 41
1 -1 -1
25 -1 17
14 15 5
43 -1 3
4 -1 11
9 -1 -1
28 -1 17
29 -1 14
-1 -1 40
18 16 36
24 -1 -1
-1 16 36
-1 -1 23
-1 -1 42
-1 11 39
24 37 0
-1 11 42
-1 -1 -1
42 28 33
29 -1 14
-1 -1 11
6 -1 -1
-1 22 29
-1 -1 -1
42 19 22
34 -1 4
21 -1 37
-1 -1 -1
29 45 42
36 8 -1
25 29 -1
-1 -1 6
29 -1 -1
-1 29 9
35 -1 -1
-1 -1 3
-1 -1 42
-1 22 7
-1 -1 17
-1 -1 44
-1 -1 -1
11 -1 23
-1 22 31
3 0 -1
13 30 39
34 15 11
6 -1 16
29 26 -1
36 -1 40
-1 13 22
-1 -1 26
-1 -1 -1
-1 -1 38
37 -1 19
-1 -1 39
25 -1 -1
25 -1 -1
16 -1 31
-1 1 -1
-1 7 -1
6 27 37
-1 44 30
-1 0 26
-1 -1 -1
34 -1 -1
10 9 40
-1 24 41
30 20 20
-1 -1 28
32 -1 0
9 -1 -1
-1 5 27
-1 -1 13
13 -1 16
6 -1 45
-1 15 -1
38 15 32
-1 -1 -1
-1 -1 3
-1 -1 35
-1 -1 19
-1 -1 0
12 45 28
32 -1 15
34 2 -1
42 -1 7
10 -1 39
-1 -1 10
-1 30 15
30 -1 -1
39 -1 7
12 -1 34
-1 9 -1
29 -1 -1
-1 -1 -1
-1 42 28
-1 -1 -1
-1 31 11
-1 41 26
8 -1 -1
7 19 30
-1 -1 7
2 0 12
41 -1 38
23 2 -1
31 24 -1
6 24 20
-1 -1 24
33 -1 -1
-1 23 -1
12 42 31
-1 -1 25
-1 35 -1
24 -1 14
-1 -1 4
-1 25 15
-1 -1 -1
19 -1 25
2 -1 -1
-1 -1 14
43 9 26
-1 -1 42
-1 -1 33
6 -1 -1
-1 -1 2
15 28 0
-1 42 45
44 -1 0
33 -1 36
-1 13 10
37 0 12
-1 -1 10
1 -1 6
-1 1 16
-1 -1 22
26 -1 31
5 32 34
44 -1 -1
17 35 22
-1 -1 -1
-1 41 2
-1 35 16
-1 -1 13
25 25 32
19 -1 41
25 10 -1
19 -1 -1
-1 -1 -1
-1 -1 23
7 -1 16
28 -1 25
14 20 -1
39 17 10
-1 -1 23
8 -1 21
-1 24 13
-1 -1 41
-1 -1 30
6 -1 29
37 -1 8
-1 -1 25
45 41 2
-1 -1 1
40 -1 -1
-1 23 -1
29 -1 43
19 -1 23
3 -1 45
-1 44 29
-1 5 19
38 -1 7
22 13 -1
37 25 35
-1 -1 29
36 4 35
-1 27 20
-1 -1 38
9 8 4
26 34 8
-1 -1 31
19 -1 39
-1 -1 45
-1 30 25
-1 -1 21
11 -1 40
27 -1 17
11 37 -1
-1 -1 41
42 -1 45
-1 -1 33
42 11 30
-1 20 2
27 -1 -1
43 -1 0
-1 2 -1
-1 -1 4
-1 -1 33
35 23 40
12 -1 2
-1 -1 5
34 -1 38
-1 -1 -1
-1 -1 13
-1 -1 -1
-1 -1 -1
-1 6 27
20 26 15
9 -1 1
-1 -1 15
-1 -1 12
-1 -1 -1
-1 -1 32
-1 7 9
43 -1 24
33 45 42
-1 1 -1
-1 -1 44
-1 -1 42
-1 -1 -1
18 -1 7
21 19 -1
-1 -1 -1
-1 -1 -1
40 31 10
34 -1 38
5 16 34
38 11 -1
7 8 36
33 40 -1
37 13 -1
27 -1 41
-1 22 -1
41 -1 6
-1 -1 40
-1 -1 10
-1 -1 21
6 -1 -1
-1 15 42
-1 41 17
-1 14 -1
-1 2 5
-1 -1 -1
0 -1 19
-1 -1 15
-1 -1 -1
-1 20 40
9 -1 24
-1 -1 42
4 -1 19
16 -1 32
5 -1 -1
-1 5 9
-1 -1 11
2 5 14
-1 -1 41
26 -1 -1
-1 -1 -1
0 -1 -1
23 -1 -1
-1 -1 34
-1 35 16
25 9 26
-1 -1 12
-1 -1 29
19 4 12
2 -1 16
2 -1 -1
-1 32 31
-1 -1 -1
39 17 21
-1 3 16
35 -1 -1
-1 -1 34
-1 -1 36
-1 16 -1
-1 -1 36
35 -1 17
-1 -1 -1
31 12 -1
10 -1 45
-1 -1 15
5 7 44
18 -1 -1
15 34 7
14 -1 14
9 -1 16
-1 -1 -1
-1 -1 44
28 -1 6
-1 29 -1
31 25 20
43 -1 12
-1 11 -1
4 29 38
8 31 -1
0 -1 -1
42 26 -1
43 -1 16
2 -1 15
36 -1 25
41 40 30
37 -1 -1
-1 -1 15
30 -1 2
27 -1 34
-1 -1 11
43 -1 36
-1 8 -1
1 13 -1
13 -1 -1
40 3 39
-1 -1 40
-1 -1 36
-1 -1 37
20 -1 -1
16 -1 -1
16 -1 40
30 -1 33
21 37 8
21 -1 -1
28 -1 39
30 31 21
21 -1 27
43 -1 16
22 -1 14
36 -1 9
-1 -1 22
29 -1 7
-1 2 8
9 -1 -1
10 -1 10
-1 -1 -1
14 -1 -1
31 6 21
-1 -1 36
2 -1 13
18 -1 -1
31 -1 -1
-1 -1 -1
-1 -1 -1
-1 -1 16
29 -1 44
-1 27 1
-1 -1 4
-1 -1 -1
-1 -1 9
43 -1 29
23 -1 -1
-1 43 28
-1 43 -1
5 -1 7
14 -1 10
40 32 32
27 45 5
15 -1 3
12 -1 31
3 -1 45
-1 5 -1
7 -1 33
-1 -1 6
-1 -1 28
-1 -1 -1
5 41 13
-1 -1 9
-1 -1 -1
42 -1 39
-1 13 7
17 4 36
19 4 -1
5 -1 17
-1 29 10
-1 -1 35
-1 -1 -1
16 -1 5
-1 -1 -1
7 19 31
42 -1 25
-1 -1 7
5 -1 -1
-1 10 8
-1 -1 8
36 -1 -1
-1 3 37
21 17 30
44 -1 -1
-1 42 19
32 45 27
22 -1 5
-1 18 45
10 -1 24
28 -1 41
8 -1 30
22 -1 9
-1 5 12
24 -1 36
-1 -1 8
3 10 8
40 9 22
-1 -1 28
-1 -1 -1
-1 25 14
-1 -1 35
44 -1 -1
-1 -1 35
17 6 -1
-1 9 2
-1 -1 1
43 -1 -1
30 37 30
-1 18 5
26 -1 -1
1 -1 24
21 -1 44
-1 -1 41
20 26 33
-1 26 -1
-1 -1 44
7 -1 6
-1 -1 35
25 41 -1
-1 -1 7
25 -1 -1
27 -1 -1
-1 -1 43
-1 -1 30
7 -1 11
-1 -1 -1
37 12 26
17 -1 13
43 -1 5
37 -1 3
-1 18 34
-1 8 -1
-1 -1 20
22 35 40
-1 -1 -1
35 -1 40
-1 -1 -1
-1 21 3
-1 -1 40
20 -1 33
-1 44 39
-1 34 13
0 8 8
-1 36 -1
16 -1 0
-1 5 -1
17 -1 8
-1 -1 7
-1 4 32
-1 -1 -1
-1 -1 43
-1 8 45
-1 1 6
20 -1 -1
-1 43 16
23 23 18
-1 -1 -1
-1 -1 16
40 31 9
33 -1 -1
21 -1 -1
-1 36 20
-1 -1 38
13 30 -1
24 26 11
32 -1 20
19 -1 -1
26 -1 37
-1 -1 41
15 -1 17
29 -1 22
-1 -1 -1
36 -1 -1
8 -1 24
38 -1 44
-1 41 35
24 -1 -1
-1 -1 14
40 16 21
40 -1 15
-1 -1 -1
-1 -1 -1
9 -1 32
-1 -1 -1
-1 -1 32
29 -1 15
27 33 -1
27 -1 21
8 -1 13
30 -1 -1
-1 26 21
-1 26 6
-1 1 -1
-1 -1 -1
-1 12 -1
-1 -1 -1
19 -1 -1
-1 9 6
32 -1 -1
-1 -1 -1
-1 30 8
29 -1 16
17 -1 29
-1 2 -1
-1 8 34
-1 32 2
2 6 10
-1 -1 24
-1 3 -1
28 -1 2
44 -1 0
-1 -1 -1
-1 35 17
39 -1 -1
29 7 -1
27 -1 5
35 32 27
21 -1 -1
34 17 -1
38 -1 21
-1 6 23
-1 39 32
18 -1 -1
27 -1 14
-1 -1 -1
42 -1 30
-1 28 27
-1 29 8
-1 -1 32
44 32 40
37 -1 -1
-1 -1 -1
-1 21 28
8 -1 -1
24 20 -1
-1 -1 1
37 -1 11
6 10 12
37 -1 7
40 -1 43
26 -1 37
-1 30 -1
9 24 43
-1 25 28
-1 -1 12
36 -1 26
-1 39 -1
-1 -1 -1
26 19 -1
-1 36 45
-1 -1 0
38 5 -1
1 -1 32
40 19 44
25 -1 23
44 10 24
-1 9 7
-1 -1 27
-1 -1 -1
22 -1 18
-1 -1 -1
-1 34 35
-1 -1 13
-1 -1 14
6 -1 -1
-1 0 28
-1 -1 -1
-1 28 10
3 29 -1
2 -1 32
-1 27 -1
-1 -1 16
-1 -1 34
-1 19 -1
33 19 7
-1 23 -1
43 -1 -1
-1 -1 1
-1 -1 22
24 -1 33
5 9 41
45 44 2
-1 -1 22
21 -1 1
-1 35 11
-1 -1 -1
15 29 43
10 -1 25
21 -1 -1
3 -1 7
-1 -1 9
-1 -1 4
-1 34 43
43 -1 12
-1 12 32
-1 -1 -1
20 -1 37
39 -1 1
29 0 39
-1 -1 17
-1 29 -1
-1 -1 -1
-1 30 37
-1 25 26
1 -1 -1
-1 -1 17
-1 43 1
12 20 -1
10 -1 -1
6 -1 33
3 12 0
-1 -1 2
-1 35 7
5 -1 39
-1 -1 35
13 -1 21
12 -1 27
-1 35 43
-1 35 27
-1 -1 -1
43 15 30
-1 44 24
16 -1 4
3 5 15
-1 22 -1
25 5 43
-1 22 42
-1 36 18
-1 -1 33
28 -1 -1
35 18 14
9 -1 2
41 -1 17
34 -1 22
45 -1 13
-1 -1 33
-1 8 25
24 24 33
4 -1 -1
-1 -1 3
-1 34 35
42 -1 -1
37 27 9
-1 -1 20
33 -1 35
10 10 22
15 -1 -1
27 7 40
15 -1 41
23 0 13
36 -1 20
37 -1 -1
8 -1 23
27 -1 18
-1 27 10
40 -1 -1
16 33 -1
20 -1 13
27 -1 -1
2 27 -1
12 43 43
-1 45 30
25 -1 20
38 29 30
-1 38 37
-1 36 29
30 44 21
5 32 37
43 28 36
27 -1 29
24 -1 -1
-1 43 -1
35 5 44
22 -1 -1
40 -1 23
39 -1 22
43 -1 30
36 -1 -1
16 42 31
6 34 -1
-1 4 -1
-1 -1 -1
-1 35 -1
3 24 -1
-1 34 -1
9 -1 31
1 -1 9
12 -1 3
-1 38 -1
-1 -1 36
16 25 37
39 24 34
12 26 -1
-1 -1 18
-1 -1 1
-1 -1 12
16 -1 -1
7 35 -1
2 -1 -1
29 -1 15
21 -1 -1
4 -1 -1
-1 11 -1
24 -1 34
-1 -1 -1
-1 41 -1
0 1 -1
36 -1 13
-1 -1 -1
3 -1 -1
43 -1 36
36 -1 12
24 -1 37
1 -1 27
29 -1 15
29 12 -1
-1 -1 17
18 27 -1
6 23 13
-1 -1 -1
-1 -1 -1
-1 36 18
10 -1 28
41 33 34
40 19 16
-1 20 8
2 24 13
35 8 38
-1 -1 -1
18 -1 44
15 31 44
41 -1 12
-1 -1 -1
-1 -1 24
32 -1 42
-1 -1 -1
-1 16 9
-1 -1 4
-1 15 -1
36 -1 45
-1 -1 19
21 -1 30
33 31 22
2 7 -1
29 10 44
11 17 12
30 2 31
-1 -1 -1
19 4 5
16 -1 2
10 -1 1
-1 29 -1
-1 -1 -1
20 2 31
-1 -1 30
5 -1 40
-1 14 -1
-1 -1 24
29 -1 4
5 21 -1
-1 -1 10
-1 32 -1
37 6 25
35 -1 45
22 -1 -1
17 38 -1
21 36 43
19 41 -1
-1 32 30
-1 -1 -1
29 -1 -1
17 26 -1
38 36 22
44 -1 5
45 -1 33
7 -1 -1
13 31 3
21 -1 9
-1 -1 2
40 -1 21
28 17 15
37 -1 21
-1 37 19
-1 -1 21
29 -1 3
-1 10 19
-1 21 -1
-1 41 -1
14 -1 17
7 -1 29
8 -1 22
-1 -1 -1
0 -1 -1
29 0 21
-1 31 27
-1 41 12
-1 -1 -1
14 9 4
1 28 -1
15 -1 1
24 -1 21
-1 6 14
42 40 44
39 -1 17
40 -1 -1
-1 -1 -1
-1 -1 3
27 -1 -1
31 34 -1
-1 28 -1
17 3 30
29 -1 26
34 6 -1
44 28 -1
-1 -1 29
-1 17 0
-1 43 41
40 29 16
41 -1 -1
30 45 -1
38 7 41
10 -1 27
9 -1 5
42 0 28
45 -1 34
-1 -1 3
20 -1 17
12 -1 2
29 -1 -1
-1 -1 -1
35 -1 5
1 14 3
27 -1 2
7 -1 18
42 21 10
-1 -1 -1
-1 19 -1
-1 9 -1
-1 24 -1
-1 24 20
-1 17 31
9 -1 -1
-1 -1 8
-1 28 44
-1 -1 -1
13 -1 42
35 -1 -1
45 -1 -1
32 -1 0
-1 11 25
-1 2 27
34 -1 26
33 -1 21
-1 18 -1
-1 -1 -1
-1 -1 21
10 -1 37
-1 -1 -1
34 -1 32
26 -1 17
1 -1 26
18 7 19
-1 -1 34
31 -1 0
-1 -1 5
44 -1 8
-1 -1 6
2 -1 9
21 -1 44
-1 23 -1
-1 -1 23
-1 -1 29
29 23 17
42 -1 39
-1 -1 44
23 -1 -1
0 -1 39
24 18 27
-1 -1 38
-1 -1 -1
-1 29 18
43 -1 -1
5 20 8
45 15 -1
-1 -1 39
35 -1 45
26 8 4
28 4 33
-1 -1 38
38 -1 15
44 34 17
6 8 12
-1 -1 30
-1 -1 44
35 44 21
-1 39 35
20 -1 -1
3 42 22
-1 -1 3
16 6 12
4 37 -1
37 22 25
-1 40 29
-1 27 28
34 3 20
20 -1 -1
27 7 -1
-1 -1 12
-1 -1 18
9 -1 12
11 -1 2
10 -1 42
-1 -1 -1
-1 -1 -1
-1 -1 -1
-1 6 4
35 45 18
18 -1 45
42 -1 -1
-1 -1 30
39 -1 -1
14 10 17
41 -1 -1
-1 -1 8
-1 -1 9
34 2 13
24 17 -1
11 -1 25
-1 28 42
-1 -1 -1
29 28 8
34 39 38
-1 -1 12
-1 31 14
41 28 -1
41 -1 4
12 -1 17
5 -1 -1
24 10 34
34 -1 15
12 41 -1
25 19 32
39 -1 -1
3 -1 28
-1 21 40
29 -1 39
-1 -1 9
26 -1 14
7 27 35
12 -1 3
45 -1 26
1 33 44
28 0 12
-1 -1 10
24 -1 -1
29 -1 37
-1 -1 -1
26 -1 40
-1 -1 26
3 -1 -1
19 20 5
-1 27 -1
-1 32 -1
23 44 9
-1 -1 16
29 -1 -1
36 -1 38
12 -1 43
-1 2 29
30 -1 16
-1 -1 -1
-1 27 -1
22 19 -1
34 28 28
12 1 28
-1 14 14
19 29 -1
8 -1 -1
-1 19 39
-1 -1 38
31 -1 12
31 -1 0
8 -1 15
14 32 18
21 -1 34
-1 6 12
-1 27 30
19 -1 8
29 31 1
-1 -1 30
-1 -1 -1
-1 -1 38
38 -1 -1
-1 30 0
-1 -1 15
8 19 44
31 13 39
12 44 44
36 34 27
-1 -1 23
10 13 16
-1 35 23
-1 -1 -1
-1 -1 33
39 -1 10
-1 25 -1
39 13 15
14 38 26
-1 9 -1
-1 19 16
-1 -1 32
29 -1 -1
39 -1 45
14 33 7
-1 -1 44
35 27 -1
41 -1 1
28 33 -1
33 21 -1
-1 2 11
6 0 7
26 -1 25
22 -1 36
3 18 29
-1 29 9
-1 29 14
-1 -1 22
2 44 27
13 -1 -1
22 26 41
-1 20 -1
-1 33 5
45 -1 -1
35 -1 22
15 7 16
-1 -1 23
43 -1 -1
-1 13 -1
24 -1 -1
-1 -1 40
-1 7 13
45 -1 38
28 32 15
1 -1 33
20 29 36
-1 -1 43
11 42 16
-1 27 -1
38 -1 2
-1 -1 -1
-1 -1 -1
-1 -1 -1
-1 -1 0
-1 -1 21
-1 36 38
20 24 42
-1 -1 37
-1 -1 37
-1 -1 0
26 7 19
19 -1 -1
9 1 19
40 -1 -1
-1 -1 -1
37 34 42
-1 -1 -1
39 35 37
-1 -1 17
-1 -1 -1
-1 -1 -1
16 39 -1
-1 -1 -1
-1 -1 26
-1 -1 34
30 -1 29
-1 -1 37
13 -1 36
-1 -1 -1
-1 -1 -1
34 34 1
5 -1 -1
24 -1 20
32 5 -1
30 -1 27
27 18 9
32 -1 -1
-1 -1 20
-1 -1 -1
27 2 21
14 -1 36
-1 -1 7
-1 -1 28
32 -1 31
42 44 -1
33 -1 18
-1 -1 17
-1 30 -1
-1 -1 38
-1 -1 33
15 19 41
-1 2 6
-1 -1 36
34 40 34
-1 35 17
35 2 -1
13 -1 23
8 17 31
-1 -1 42
-1 43 12
33 40 41
-1 38 13
37 11 20
44 22 30
5 -1 3
-1 -1 7
-1 40 -1
-1 -1 34
29 -1 1
45 -1 -1
-1 -1 43
10 -1 0
19 17 21
0 -1 27
-1 -1 3
-1 -1 -1
1 -1 18
41 6 28
-1 -1 -1
-1 -1 9
33 -1 22
-1 -1 -1
13 -1 25
-1 -1 11
-1 -1 43
-1 -1 23
-1 -1 -1
-1 -1 11
12 7 -1
-1 -1 40
13 -1 -1
1 2 -1
-1 -1 28
-1 -1 23
-1 -1 -1
41 -1 -1
15 38 28
-1 -1 41
-1 -1 42
-1 8 -1
37 14 -1
15 -1 6
-1 -1 22
-1 -1 -1
-1 26 44
-1 -1 32
-1 8 -1
30 19 41
-1 44 -1
37 -1 6
41 13 27
-1 -1 14
27 -1 -1
-1 17 34
-1 -1 -1
-1 -1 15
41 -1 16
-1 -1 -1
20 -1 1
-1 -1 40
-1 -1 33
1 30 -1
8 11 20
-1 -1 -1
-1 -1 -1
1 -1 44
37 -1 9
2 -1 27
-1 17 19
-1 -1 45
32 34 0
34 45 30
25 45 -1
25 -1 -1
2 -1 38
-1 -1 12
-1 -1 23
44 20 37
-1 -1 23
8 -1 18
-1 -1 35
-1 -1 -1
-1 -1 23
35 -1 33
30 -1 15
0 -1 -1
43 -1 17
8 41 25
0 -1 36
36 -1 -1
6 -1 29
-1 -1 13
15 -1 32
-1 -1 27
27 -1 1
36 -1 37
5 -1 36
-1 -1 43
-1 30 45
-1 7 4
34 21 23
-1 -1 4
-1 -1 3
32 30 27
-1 -1 43
-1 -1 -1
-1 -1 -1
29 -1 33
8 29 31
-1 -1 7
9 -1 -1
-1 -1 -1
-1 18 37
20 -1 27
27 -1 41
43 -1 -1
26 23 14
38 -1 11
28 -1 35
-1 -1 20
7 -1 27
37 -1 23
5 9 19
26 -1 37
21 -1 3
24 30 27
24 -1 36
40 -1 9
4 -1 11
-1 44 29
31 15 14
-1 -1 -1
-1 41 9
1 44 3
-1 -1 -1
2 -1 6
28 -1 -1
-1 30 11
42 35 30
5 -1 6
-1 -1 25
-1 23 38
22 1 16
12 -1 -1
35 35 42
-1 23 -1
-1 12 -1
5 -1 38
-1 -1 -1
-1 36 -1
23 -1 -1
12 -1 9
-1 44 -1
42 3 -1
-1 39 36
-1 -1 24
-1 27 18
-1 5 30
30 -1 35
-1 1 13
-1 -1 23
19 -1 1
5 -1 -1
-1 -1 22
43 17 43
-1 34 21
-1 -1 34
20 -1 11
-1 -1 19
6 27 -1
-1 21 -1
-1 16 -1
25 -1 8
-1 -1 3
25 -1 2
-1 7 33
45 15 -1
15 23 28
14 4 -1
4 -1 21
29 -1 8
5 -1 -1
3 -1 -1
35 41 38
33 10 14
30 -1 41
44 7 -1
18 -1 38
-1 -1 45
8 39 -1
39 9 -1
23 -1 26
-1 35 23
45 -1 20
-1 -1 16
38 -1 29
40 -1 14
-1 -1 40
-1 18 -1
-1 -1 -1
2 -1 -1
-1 30 -1
-1 -1 20
-1 -1 25
-1 40 -1
21 12 -1
-1 -1 13
-1 43 -1
33 -1 -1
-1 -1 24
-1 19 -1
-1 -1 30
45 -1 31
37 25 -1
1 -1 37
42 7 22
29 2 44
-1 23 22
-1 27 21
-1 -1 -1
-1 41 9
6 -1 -1
-1 -1 -1
29 5 1
-1 23 23
42 -1 -1
11 -1 25
43 -1 0
16 -1 31
13 36 41
-1 18 44
3 -1 34
20 34 -1
-1 -1 32
-1 1 19
42 13 23
-1 -1 17
22 20 -1
-1 -1 -1
-1 -1 24
45 -1 45
-1 43 11
3 27 -1
-1 -1 24
-1 -1 -1
10 -1 37
34 33 20
2 39 -1
-1 8 16
13 -1 24
5 15 28
23 -1 3
4 20 12
12 -1 38
-1 21 11
-1 41 32
28 -1 38
15 -1 0
-1 26 10
43 -1 -1
28 42 11
4 -1 -1
15 -1 41
-1 40 1
-1 -1 -1
-1 0 -1
-1 -1 13
-1 -1 10
24 22 -1
-1 20 -1
7 -1 16
-1 -1 16
-1 38 26
-1 -1 -1
0 -1 23
-1 9 22
35 -1 -1
-1 -1 -1
-1 -1 -1
-1 -1 25
43 -1 -1
39 -1 24
20 -1 21
32 -1 7
0 -1 41
16 -1 -1
4 -1 -1
32 -1 5
-1 43 -1
-1 36 9
-1 38 10
-1 19 -1
-1 -1 36
41 -1 11
17 -1 10
-1 -1 43
-1 7 0
-1 -1 40
4 24 14
29 22 23
-1 -1 22
-1 -1 -1
21 -1 20
29 28 -1
-1 -1 32
-1 -1 -1
10 -1 -1
-1 -1 -1
-1 -1 23
-1 12 40
-1 -1 4
19 -1 3
15 -1 -1
-1 -1 34
-1 -1 -1
-1 29 15
14 -1 32
-1 -1 -1
37 -1 -1
40 38 3
19 -1 25
-1 -1 -1
21 -1 35
15 -1 16
13 -1 37
35 -1 33
33 8 -1
-1 -1 9
42 -1 -1
30 -1 28
-1 -1 20
11 -1 -1
6 18 32
21 -1 -1
39 5 -1
-1 39 36
23 -1 -1
6 44 -1
10 -1 0
20 -1 37
-1 -1 25
24 -1 21
17 -1 22
30 -1 6
-1 -1 33
26 -1 31
-1 -1 -1
36 9 29
-1 22 19
-1 25 2
-1 6 -1
-1 25 -1
-1 4 18
44 -1 35
-1 30 1
-1 -1 6
-1 -1 8
13 1 44
-1 -1 43
-1 25 14
26 -1 12
41 -1 20
38 7 -1
-1 25 29
-1 37 -1
-1 41 -1
-1 -1 39
-1 38 -1
6 -1 7
-1 32 44
15 23 12
-1 -1 29
-1 22 5
-1 -1 22
-1 8 5
7 -1 11
-1 -1 -1
38 8 -1
16 -1 -1
20 -1 0
18 -1 19
13 -1 19
-1 -1 -1
-1 3 42
-1 -1 3
-1 15 -1
17 -1 -1
9 -1 16
-1 -1 -1
45 41 31
23 -1 4
0 -1 -1
39 -1 -1
43 -1 -1
25 -1 16
43 0 18
45 -1 -1
-1 -1 8
-1 9 -1
-1 21 10
45 -1 19
-1 -1 41
-1 14 15
3 10 34
4 3 -1
-1 -1 -1
-1 -1 -1
-1 -1 26
43 14 3
33 -1 -1
-1 3 22
17 -1 36
24 21 25
-1 -1 23
-1 -1 27
-1 -1 -1
5 27 37
-1 -1 16
26 -1 -1
29 11 -1
-1 26 11
-1 -1 23
22 12 17
-1 -1 -1
4 -1 22
-1 20 -1
41 33 7
-1 -1 42
20 42 16
40 42 30
6 19 25
-1 3 -1
-1 4 24
35 -1 21
-1 -1 43
0 -1 5
11 40 6
-1 -1 4
39 22 10
29 30 -1
24 -1 13
26 26 35
-1 -1 28
-1 -1 4
-1 28 20
-1 36 -1
24 -1 5
-1 -1 1
13 -1 42
15 31 32
4 -1 -1
-1 -1 -1
-1 23 -1
26 -1 -1
-1 -1 32
-1 20 -1
25 28 32
39 38 15
16 -1 -1
-1 12 -1
24 -1 42
18 -1 -1
34 37 -1
42 -1 31
-1 27 -1
-1 1 0
-1 -1 17
21 11 39
5 -1 21
32 -1 8
10 -1 21
23 12 25
0 5 3
-1 7 -1
-1 2 10
33 45 4
-1 -1 19
31 -1 12
-1 -1 26
-1 -1 22
-1 3 13
-1 22 2
14 -1 40
-1 -1 31
-1 -1 17
37 23 -1
32 16 37
-1 -1 -1
-1 -1 38
-1 16 -1
42 -1 20
-1 -1 4
-1 0 -1
42 28 3
17 24 18
-1 11 43
-1 0 33
33 24 44
-1 40 -1
29 19 22
-1 -1 7
15 -1 -1
31 39 10
-1 -1 35
30 -1 12
3 22 26
29 37 22
-1 21 -1
-1 22 10
-1 0 28
25 -1 -1
9 -1 13
-1 31 15
-1 28 5
-1 -1 39
-1 -1 29
21 -1 16
39 40 3
-1 -1 42
43 -1 -1
20 -1 21
11 32 32
-1 -1 0
-1 -1 -1
12 -1 29
-1 -1 25
13 -1 41
25 15 23
3 -1 18
-1 -1 12
-1 -1 29
-1 -1 16
13 -1 40
0 -1 -1
9 -1 9
41 -1 1
43 -1 27
9 -1 41
-1 34 -1
35 -1 22
11 27 21
37 33 1
16 -1 45
25 0 -1
12 -1 -1
13 31 36
-1 40 41
-1 -1 -1
-1 32 -1
-1 -1 38
24 3 -1
11 6 14
31 -1 -1
-1 -1 0
38 37 -1
-1 -1 30
10 13 -1
30 31 -1
-1 -1 39
14 -1 7
-1 14 38
-1 -1 -1
17 17 -1
16 -1 -1
1 -1 -1
4 -1 -1
17 8 -1
14 7 -1
-1 16 -1
44 39 13
24 -1 15
-1 -1 22
-1 37 16
29 29 10
13 -1 38
-1 39 28
18 15 -1
6 44 20
-1 -1 -1
-1 40 20
-1 -1 -1
-1 -1 39
-1 -1 0
18 -1 30
30 -1 -1
13 -1 34
15 28 20
-1 -1 39
2 -1 -1
32 18 -1
-1 45 0
43 45 -1
-1 -1 9
11 -1 12
-1 34 22
39 -1 45
-1 -1 13
-1 -1 0
3 -1 16
30 17 19
-1 2 31
2 27 13
39 43 9
-1 -1 -1
1 -1 13
36 1 -1
-1 -1 -1
37 32 -1
1 8 43
21 -1 45
11 -1 33
-1 20 -1
17 -1 13
33 -1 34
45 -1 -1
-1 -1 -1
-1 -1 23
14 31 12
45 -1 35
-1 26 -1
23 -1 12
-1 28 -1
35 -1 -1
41 15 32
-1 -1 41
21 7 -1
43 -1 8
-1 16 5
24 -1 -1
-1 -1 -1
23 26 8
-1 34 2
-1 43 8
31 18 42
-1 -1 -1
34 39 20
45 -1 24
10 -1 43
40 33 -1
19 -1 16
-1 -1 42
-1 -1 41
8 -1 19
30 -1 21
27 -1 -1
-1 -1 32
-1 7 37
-1 -1 23
-1 40 13
-1 0 -1
-1 28 23
-1 -1 17
-1 31 42
33 -1 32
-1 11 22
29 6 -1
14 -1 36
44 -1 26
-1 -1 -1
-1 7 -1
15 34 45
11 7 13
-1 16 23
22 -1 43
-1 -1 16
-1 15 -1
-1 -1 -1
16 -1 8
-1 -1 44
0 -1 -1
2 -1 -1
-1 -1 36
40 -1 21
-1 20 19
-1 -1 8
38 -1 38
-1 -1 39
-1 -1 -1
-1 5 -1
30 -1 41
17 27 9
6 31 7
-1 -1 3
-1 -1 -1
30 38 43
-1 23 40
-1 -1 -1
-1 -1 15
14 -1 45
40 14 -1
23 -1 18
-1 -1 0
-1 -1 45
-1 -1 -1
-1 9 -1
-1 -1 0
-1 -1 12
40 36 20
-1 28 14
-1 33 11
3 -1 -1
16 -1 40
2 -1 18
-1 -1 42
-1 -1 19
5 -1 2
-1 -1 0
-1 -1 12
-1 7 17
-1 -1 18
32 35 -1
-1 29 20
24 -1 11
31 -1 24
-1 -1 30
9 -1 25
18 -1 -1
-1 -1 45
-1 4 24
-1 10 5
-1 28 3
-1 43 -1
-1 -1 -1
28 -1 -1
-1 10 14
-1 43 9
38 -1 1
-1 11 -1
-1 -1 -1
8 21 34
-1 -1 44
-1 38 -1
-1 18 5
-1 -1 9
-1 -1 -1
-1 -1 12
42 37 14
5 40 -1
6 -1 44
2 -1 7
-1 30 21
43 40 -1
-1 -1 10
-1 -1 42
36 -1 23
-1 23 37
5 -1 -1
-1 -1 19
14 8 24
8 -1 10
-1 -1 8
18 -1 -1
-1 35 -1
-1 3 22
-1 -1 1
-1 -1 21
-1 -1 4
3 -1 45
-1 16 40
39 41 19
34 -1 17
24 27 -1
-1 30 13
-1 31 37
-1 -1 29
34 -1 29
-1 14 13
-1 -1 39
-1 11 27
-1 -1 10
-1 -1 0
-1 -1 -1
25 20 19
-1 -1 14
20 -1 -1
27 -1 27
40 26 0
-1 7 34
34 -1 22
7 -1 36
-1 -1 13
17 -1 25
-1 -1 18
35 -1 17
-1 26 -1
-1 -1 5
-1 -1 0
16 -1 14
-1 11 43
-1 40 -1
-1 -1 22
45 -1 0
7 -1 -1
-1 0 -1
2 -1 -1
-1 -1 37
1 28 8
-1 40 -1
-1 19 -1
-1 -1 -1
-1 33 9
13 -1 -1
-1 38 4
14 -1 31
-1 -1 -1
-1 40 30
20 6 28
11 31 38
-1 -1 38
9 -1 -1
-1 43 31
30 -1 -1
14 -1 19
32 -1 30
23 12 14
-1 19 5
19 -1 10
-1 25 -1
5 32 38
10 -1 37
-1 -1 -1
-1 -1 11
-1 15 1
-1 -1 15
9 -1 -1
38 -1 5
7 -1 -1
-1 2 26
-1 -1 29
-1 -1 1
-1 11 -1
-1 2 -1
-1 34 1
-1 -1 40
-1 3 -1
-1 -1 13
30 -1 18
-1 -1 20
14 11 9
3 -1 32
-1 -1 -1
19 39 10
4 -1 16
-1 -1 -1
-1 -1 11
19 34 25
-1 1 19
-1 16 14
-1 -1 14
-1 41 1
-1 33 -1
15 14 7
34 -1 1
-1 -1 27
-1 -1 32
34 -1 -1
-1 -1 -1
7 4 26
-1 -1 17
-1 37 38
42 -1 -1
11 -1 20
45 33 -1
-1 32 -1
-1 -1 -1
5 16 5
-1 -1 16
-1 29 8
23 -1 27
4 9 -1
15 -1 4
-1 14 1
-1 -1 -1
20 -1 21
14 -1 32
-1 -1 27
19 7 -1
25 -1 5
17 45 38
0 -1 4
-1 9 16
-1 39 -1
37 26 -1
42 -1 36
-1 -1 31
-1 37 7
19 43 25
12 9 18
-1 -1 23
43 -1 13
-1 -1 -1
5 4 27
36 -1 -1
8 -1 12
12 40 -1
-1 -1 7
-1 13 12
38 -1 11
3 -1 4
-1 -1 -1
-1 -1 29
-1 23 0
9 3 -1
16 -1 38
-1 -1 -1
-1 39 42
-1 36 12
43 -1 -1
-1 9 -1
26 -1 -1
29 -1 15
-1 30 -1
-1 -1 -1
0 -1 -1
31 -1 39
-1 21 11
21 9 16
-1 29 25
-1 -1 31
-1 -1 8
7 27 3
11 -1 42
30 3 -1
-1 -1 0
39 33 23
-1 -1 34
26 -1 6
19 -1 -1
17 -1 17
-1 -1 16
-1 38 5
38 9 -1
-1 -1 24
0 -1 25
-1 20 10
-1 -1 4
-1 37 28
2 22 -1
11 23 28
-1 -1 29
26 25 36
-1 33 -1
-1 29 24
26 -1 -1
0 -1 36
33 -1 20
2 -1 6
-1 -1 1
13 -1 1
-1 -1 24
30 3 22
-1 -1 42
-1 21 -1
45 -1 -1
29 -1 3
-1 -1 45
-1 -1 -1
23 -1 -1
-1 -1 -1
-1 11 32
-1 27 8
-1 -1 17
36 -1 5
16 9 -1
3 13 6
-1 34 -1
-1 -1 -1
-1 10 41
-1 -1 28
-1 -1 28
14 24 35
-1 18 13
2 -1 15
-1 10 -1
-1 11 37
-1 -1 26
45 -1 1
-1 39 6
-1 37 39
-1 27 -1
-1 8 34
-1 -1 -1
-1 -1 12
-1 29 -1
2 -1 -1
-1 -1 37
21 -1 -1
26 -1 33
-1 6 4
37 10 -1
11 -1 4
1 -1 28
18 13 4
7 -1 29
-1 20 -1
24 -1 45
-1 4 -1
23 -1 14
27 -1 34
-1 27 27
24 9 44
-1 44 28
-1 3 18
11 36 32
-1 -1 38
42 -1 -1
-1 5 -1
27 38 8
21 -1 42
20 -1 36
11 -1 42
0 -1 -1
5 -1 27
-1 -1 22
-1 -1 37
-1 -1 18
-1 -1 30
16 45 12
-1 -1 10
-1 37 41
4 -1 42
-1 -1 -1
-1 -1 -1
-1 28 -1
32 -1 41
12 8 -1
-1 -1 -1
35 17 -1
-1 13 8
-1 -1 -1
27 -1 -1
3 -1 1
43 -1 38
19 -1 26
18 -1 43
-1 31 14
-1 -1 19
-1 -1 42
-1 -1 31
-1 -1 24
34 -1 -1
14 -1 -1
-1 -1 16
26 -1 -1
-1 29 20
-1 -1 -1
40 -1 16
17 43 42
9 1 14
-1 -1 8
41 -1 10
0 30 24
16 4 2
-1 -1 14
17 -1 -1
-1 -1 -1
8 -1 9
9 36 -1
-1 31 -1
-1 -1 15
43 7 15
9 0 44
-1 -1 11
-1 -1 43
36 -1 8
12 -1 -1
44 -1 -1
-1 38 10
21 -1 -1
-1 -1 37
28 -1 -1
41 -1 38
-1 -1 17
4 -1 37
41 -1 36
-1 -1 22
-1 13 42
27 29 21
34 -1 27
27 -1 -1
17 17 40
14 -1 0
-1 27 20
-1 -1 -1
-1 45 22
-1 30 44
-1 -1 0
-1 39 7
-1 -1 -1
45 -1 8
25 10 -1
-1 -1 -1
36 -1 8
12 2 44
25 28 15
15 18 17
-1 43 5
-1 30 -1
-1 -1 7
-1 -1 32
40 29 3
38 -1 -1
3 40 34
44 -1 34
-1 -1 36
-1 11 25
3 -1 32
45 20 -1
25 26 6
19 1 11
11 44 -1
22 16 30
-1 -1 -1
12 -1 16
-1 -1 -1
44 -1 -1
-1 11 41
-1 28 14
13 -1 10
-1 26 16
1 -1 -1
-1 -1 -1
13 1 23
-1 25 29
9 -1 6
-1 -1 28
34 16 32
-1 -1 -1
40 -1 -1
28 6 42
-1 25 39
-1 -1 17
-1 40 4
8 -1 41
-1 43 31
18 -1 -1
-1 6 25
-1 -1 -1
16 18 -1
1 -1 -1
-1 -1 40
-1 40 -1
-1 6 41
6 -1 10
-1 -1 37
-1 29 4
-1 -1 21
-1 7 -1
43 -1 36
8 -1 33
1 -1 42
-1 -1 -1
45 8 31
36 10 9
43 40 -1
23 29 23
32 5 17
25 45 -1
28 41 20
-1 -1 -1
-1 2 7
-1 20 39
29 8 42
-1 -1 -1
12 11 9
41 39 32
43 -1 34
29 -1 14
-1 -1 -1
6 -1 32
-1 20 43
-1 -1 6
16 45 -1
-1 -1 30
25 21 -1
-1 19 -1
-1 30 42
-1 -1 36
-1 12 2
11 25 17
18 -1 34
7 -1 28
-1 -1 13
-1 34 23
38 15 8
13 9 -1
8 -1 35
8 -1 22
11 -1 18
11 23 17
-1 -1 -1
35 -1 -1
-1 -1 45
-1 -1 15
-1 -1 -1
-1 -1 23
-1 -1 2
16 33 -1
-1 -1 1
2 -1 40
-1 44 -1
-1 -1 -1
-1 -1 0
-1 -1 38
12 -1 -1
32 -1 -1
29 -1 -1
-1 -1 -1
-1 -1 13
-1 7 10
-1 -1 23
-1 -1 19
37 12 39
14 25 14
-1 -1 5
15 -1 -1
-1 -1 12
39 20 29
-1 13 39
-1 1 25
-1 22 12
5 -1 43
-1 -1 41
-1 27 20
10 -1 25
-1 -1 17
-1 40 -1
-1 -1 3
-1 -1 42
37 14 -1
14 -1 31
-1 -1 6
30 -1 30
19 -1 -1
14 0 37
18 33 28
-1 -1 42
-1 1 -1
16 18 -1
-1 -1 37
22 7 -1
-1 29 15
-1 16 21
-1 32 41
36 23 -1
36 1 23
14 -1 39
18 -1 -1
0 -1 43
-1 -1 41
-1 36 -1
-1 -1 28
19 45 -1
-1 -1 3
-1 -1 1
-1 -1 3
-1 -1 30
43 32 0
-1 -1 19
13 -1 14
-1 34 30
25 36 -1
-1 -1 27
-1 -1 40
-1 -1 -1
14 -1 34
44 -1 -1
40 -1 22
-1 -1 45
25 -1 10
41 11 -1
14 -1 -1
-1 -1 42
16 -1 -1
19 -1 23
-1 -1 4
-1 18 16
31 -1 22
-1 44 -1
24 -1 -1
-1 -1 -1
-1 -1 3
42 -1 37
-1 -1 -1
20 -1 31
10 7 23
21 -1 1
39 -1 -1
34 26 27
25 -1 7
6 -1 36
33 14 -1
9 -1 -1
32 22 26
9 -1 29
18 -1 -1
25 34 2
38 -1 -1
-1 23 24
5 -1 12
-1 -1 -1
-1 -1 8
-1 -1 29
22 12 11
33 -1 23
-1 -1 19
-1 -1 -1
9 -1 7
3 41 10
9 -1 34
43 -1 40
-1 45 -1
-1 -1 36
39 43 32
7 -1 20
-1 -1 40
18 -1 10
18 -1 -1
31 43 9
9 33 44
19 -1 32
41 -1 -1
5 30 21
32 42 13
27 18 3
9 41 29
-1 36 36
18 -1 17
18 -1 37
6 8 -1
18 45 39
-1 0 -1
3 30 10
-1 -1 2
4 -1 20
31 17 -1
-1 37 35
28 34 11
1 -1 34
-1 41 1
8 3 15
-1 -1 -1
-1 38 -1
27 -1 23
8 -1 -1
-1 -1 2
34 40 -1
-1 -1 20
2 -1 37
-1 11 -1
45 8 30
-1 -1 34
12 -1 0
44 -1 19
-1 -1 22
44 -1 -1
-1 -1 15
32 43 38
-1 -1 -1
-1 17 -1
30 -1 17
-1 6 39
-1 42 6
32 -1 34
-1 26 0
35 4 20
-1 -1 25
27 -1 13
0 36 18
27 10 34
30 15 -1
-1 -1 -1
38 -1 -1
45 -1 42
41 -1 23
-1 -1 38
4 1 39
37 -1 18
16 -1 18
24 22 23
-1 2 2
23 14 26
-1 -1 2
35 -1 1
-1 -1 -1
0 -1 34
-1 -1 41
-1 -1 24
22 36 1
-1 17 14
37 14 -1
-1 -1 38
0 11 34
18 -1 -1
22 25 16
19 -1 10
-1 40 29
23 -1 23
5 0 -1
31 11 -1
20 -1 27
-1 -1 23
-1 -1 18
27 -1 28
40 -1 -1
7 -1 43
-1 -1 36
18 27 -1
-1 -1 24
26 38 -1
-1 -1 -1
-1 -1 -1
37 -1 35
24 -1 43
-1 38 35
-1 42 35
36 -1 45
-1 17 8
-1 -1 32
43 3 36
39 11 -1
4 24 27
-1 -1 14
15 -1 24
-1 -1 4
34 -1 15
22 29 42
-1 -1 -1
-1 11 20
-1 6 40
36 -1 22
-1 -1 -1
23 14 4
38 35 6
-1 -1 17
-1 -1 40
-1 9 7
3 12 45
4 33 -1
-1 14 -1
21 22 -1
17 -1 5
0 15 11
0 21 20
21 -1 37
-1 0 -1
7 -1 29
-1 2 44
-1 29 11
-1 45 42
-1 -1 12
44 -1 -1
36 -1 6
-1 -1 13
8 -1 42
-1 22 1
-1 35 -1
-1 -1 1
31 23 13
9 -1 -1
36 -1 -1
28 1 2
4 -1 -1
41 -1 -1
0 -1 11
37 -1 12
15 -1 22
20 -1 -1
1 26 29
38 -1 17
15 -1 6
4 -1 1
6 -1 17
44 13 -1
0 -1 42
-1 30 5
-1 -1 30
-1 -1 18
17 -1 6
-1 4 -1
-1 15 34
18 -1 4
31 -1 41
-1 5 -1
34 -1 44
40 25 28
29 30 23
31 -1 -1
34 -1 -1
9 19 13
-1 -1 2
27 -1 9
36 -1 1
-1 7 -1
-1 31 -1
24 -1 28
-1 36 -1
-1 15 15
22 24 -1
36 -1 25
-1 -1 14
-1 0 18
-1 38 -1
14 -1 -1
-1 18 -1
-1 -1 25
-1 -1 -1
-1 25 16
-1 44 21
-1 -1 24
29 27 13
-1 -1 4
36 18 23
33 -1 2
30 -1 -1
-1 -1 7
-1 -1 -1
24 -1 13
28 -1 -1
-1 -1 -1
-1 -1 43
39 -1 -1
-1 -1 26
32 -1 -1
-1 -1 8
24 -1 7
32 -1 33
0 27 36
-1 12 18
41 37 26
-1 -1 -1
-1 -1 15
-1 -1 14
-1 16 8
33 18 19
-1 33 19
-1 -1 21
-1 -1 -1
-1 -1 9
39 -1 -1
-1 -1 1
-1 -1 20
0 39 0
-1 -1 -1
-1 -1 12
-1 -1 10
-1 16 27
33 -1 14
27 -1 23
-1 -1 9
18 -1 -1
-1 -1 -1
39 -1 23
-1 -1 -1
7 -1 1
-1 25 -1
-1 27 -1
18 9 33
43 12 39
45 -1 25
32 16 36
-1 -1 -1
17 -1 -1
-1 25 42
4 -1 14
-1 -1 3
37 -1 35
21 7 31
-1 -1 -1
-1 -1 -1
-1 -1 -1
-1 31 5
-1 43 26
-1 -1 14
-1 36 43
33 -1 32
28 17 38
26 -1 -1
-1 5 42
29 -1 11
8 -1 -1
-1 -1 9
-1 5 33
3 0 34
-1 -1 -1
45 43 4
3 17 8
19 22 -1
-1 -1 43
-1 29 -1
-1 -1 29
44 11 -1
-1 36 10
7 2 -1
34 30 17
36 -1 -1
-1 45 4
-1 2 7
20 0 -1
14 -1 2
-1 -1 3
28 1 15
29 -1 28
-1 10 37
9 -1 43
34 -1 -1
-1 22 4
39 -1 37
-1 -1 24
45 -1 17
-1 -1 23
14 38 19
11 -1 5
38 -1 -1
3 -1 -1
18 -1 -1
34 36 17
-1 -1 -1
13 17 41
12 -1 29
5 -1 45
1 23 30
4 37 9
-1 26 33
17 -1 -1
15 -1 -1
10 -1 39
-1 -1 20
9 -1 26
11 -1 -1
16 27 -1
11 -1 -1
-1 40 17
36 9 37
12 -1 0
12 -1 30
-1 -1 41
-1 39 19
-1 -1 15
-1 -1 17
-1 -1 -1
-1 -1 8
-1 -1 4
23 -1 -1
-1 -1 -1
-1 6 -1
-1 -1 26
-1 -1 -1
-1 30 37
-1 18 -1
9 -1 45
14 -1 7
31 27 23
-1 -1 -1
41 -1 -1
-1 11 9
-1 -1 12
-1 -1 -1
8 -1 30
-1 -1 23
43 -1 30
-1 -1 9
-1 13 25
-1 -1 17
-1 -1 -1
-1 -1 3
5 -1 36
-1 28 -1
19 -1 16
-1 -1 -1
-1 -1 -1
-1 -1 22
-1 20 -1
-1 -1 16
-1 -1 6
-1 -1 28
-1 -1 39
5 -1 -1
-1 -1 -1
-1 -1 36
-1 -1 0
-1 6 -1
-1 -1 5
-1 -1 -1
-1 -1 40
-1 -1 -1
16 27 -1
31 6 -1
33 36 34
28 -1 16
-1 -1 32
13 32 41
-1 -1 45
-1 -1 17
45 9 9
14 28 -1
2 5 38
-1 -1 -1
30 -1 11
7 -1 21
-1 -1 -1
-1 -1 -1
8 38 -1
-1 0 -1
-1 -1 4
41 30 13
45 -1 18
-1 -1 3
-1 -1 15
-1 -1 7
-1 -1 16
-1 -1 4
-1 -1 16
-1 32 -1
-1 -1 13
-1 -1 42
-1 -1 -1
-1 3 28
16 -1 11
-1 17 -1
-1 19 -1
36 9 -1
3 -1 -1
20 -1 1
28 -1 -1
-1 -1 31
17 -1 14
42 -1 -1
38 -1 5
30 -1 -1
14 44 19
39 -1 26
-1 -1 11
-1 34 18
-1 9 30
35 -1 30
-1 -1 -1
-1 -1 -1
8 25 1
9 -1 36
10 1 9
33 35 -1
28 31 26
30 -1 9
-1 -1 -1
39 -1 8
-1 -1 9
39 -1 41
-1 -1 -1
28 -1 -1
-1 -1 -1
10 -1 -1
28 -1 0
42 -1 6
30 23 44
42 -1 26
-1 -1 -1
43 -1 -1
38 38 11
-1 -1 12
26 -1 -1
-1 -1 34
24 21 -1
-1 2 2
24 -1 -1
30 -1 12
5 7 8
-1 -1 8
-1 -1 23
35 24 9
-1 -1 18
-1 44 -1
6 29 3
-1 -1 36
41 18 33
32 43 17
9 11 7
11 44 30
-1 -1 28
44 -1 -1
20 4 24
-1 -1 28
-1 -1 10
-1 3 26
-1 -1 6
36 -1 -1
-1 -1 19
31 -1 -1
19 -1 16
38 9 38
-1 -1 -1
-1 -1 28
-1 -1 -1
-1 5 9
-1 -1 6
-1 -1 -1
8 6 -1
29 -1 -1
-1 -1 36
-1 3 2
12 -1 0
34 1 31
-1 28 6
38 -1 40
9 14 3
42 6 24
2 -1 10
-1 -1 -1
37 39 -1
14 -1 21
2 27 44
-1 -1 24
-1 16 40
-1 29 38
9 -1 40
5 -1 23
-1 -1 1
13 -1 17
42 -1 -1
-1 -1 -1
-1 14 4
-1 16 -1
35 -1 15
-1 21 16
-1 -1 14
-1 -1 -1
41 -1 -1
-1 36 10
26 28 5
42 -1 10
25 30 8
38 -1 38
16 -1 42
0 -1 27
5 -1 35
-1 21 1
35 35 32
-1 -1 -1
20 32 20
-1 0 36
43 23 10
17 -1 0
-1 -1 0
43 6 3
-1 14 36
13 45 -1
-1 2 20
-1 11 -1
-1 -1 23
3 -1 14
42 4 34
33 -1 32
-1 -1 42
-1 -1 43
-1 36 -1
-1 -1 26
39 -1 20
7 4 15
-1 -1 -1
19 12 -1
-1 -1 5
-1 27 -1
13 -1 -1
8 8 -1
21 -1 -1
-1 10 28
-1 41 44
13 43 -1
20 -1 -1
36 -1 3
34 -1 4
-1 39 37
18 -1 45
-1 -1 44
24 31 15
5 43 4
40 -1 2
-1 21 5
-1 -1 -1
14 -1 25
15 -1 -1
19 13 -1
17 -1 -1
15 -1 21
43 14 -1
5 4 -1
33 38 18
29 37 19
-1 45 -1
14 4 10
-1 -1 44
1 36 38
6 22 19
1 17 16
-1 9 8
17 20 10
-1 -1 37
-1 2 36
-1 -1 -1
-1 23 -1
38 40 33
33 -1 -1
39 25 -1
-1 -1 42
22 -1 3
27 28 -1
-1 -1 -1
32 12 29
-1 26 -1
-1 -1 18
16 28 26
18 -1 -1
34 -1 12
32 6 -1
15 6 20
-1 -1 -1
39 -1 18
13 44 31
16 45 -1
40 25 0
21 -1 5
-1 -1 36
5 -1 42
45 14 17
-1 0 1
-1 10 41
-1 -1 41
35 28 15
17 -1 -1
-1 -1 -1
38 45 34
3 -1 35
-1 -1 18
-1 -1 42
42 38 29
-1 44 7
-1 -1 11
28 5 5
2 -1 14
24 30 34
-1 2 -1
20 -1 -1
-1 -1 -1
16 28 -1
-1 -1 5
17 7 -1
37 22 20
-1 0 -1
38 -1 18
-1 22 42
-1 -1 25
-1 -1 31
43 -1 29
-1 43 14
-1 -1 -1
13 -1 40
-1 11 21
-1 29 -1
25 -1 30
-1 -1 5
20 34 4
9 -1 -1
-1 34 -1
22 36 -1
22 -1 1
-1 45 27
10 -1 4
33 7 13
41 30 19
18 8 -1
1 -1 -1
9 40 7
-1 40 -1
-1 -1 36
-1 -1 31
18 29 21
-1 42 -1
-1 3 14
-1 -1 -1
-1 28 25
-1 34 40
-1 -1 25
33 10 5
19 -1 39
-1 29 -1
-1 -1 11
23 38 -1
3 36 -1
7 -1 31
-1 11 -1
-1 22 -1
-1 15 -1
8 43 42
7 -1 34
-1 19 8
29 -1 42
12 35 5
-1 -1 8
-1 34 11
39 -1 20
21 19 37
21 -1 33
8 -1 18
0 -1 -1
2 22 -1
24 -1 -1
-1 -1 38
11 1 8
28 -1 -1
15 -1 -1
35 -1 -1
9 -1 -1
37 38 1
7 -1 24
15 -1 24
43 23 20
-1 23 -1
21 -1 1
-1 -1 -1
45 5 -1
13 2 37
30 -1 -1
-1 -1 -1
-1 5 24
-1 12 22
23 -1 7
-1 -1 24
-1 -1 18
-1 -1 41
-1 -1 -1
-1 1 -1
-1 -1 35
28 -1 -1
-1 -1 27
24 12 10
-1 28 17
-1 14 25
44 -1 6
11 -1 40
28 -1 1
8 37 11
-1 -1 -1
11 -1 21
-1 33 11
6 -1 -1
37 -1 35
1 29 2
-1 40 25
34 -1 32
-1 -1 16
-1 23 24
11 -1 0
-1 17 5
0 35 -1
-1 -1 12
6 -1 -1
-1 31 3
3 24 14
29 -1 -1
24 -1 32
-1 -1 25
-1 -1 37
45 32 22
-1 -1 16
-1 -1 13
8 6 41
-1 -1 27
13 -1 25
-1 24 2
-1 -1 17
-1 24 -1
11 -1 -1
17 18 37
27 14 16
10 -1 9
-1 -1 -1
5 9 38
26 -1 -1
34 31 -1
-1 11 16
14 11 1
-1 25 -1
25 36 -1
12 -1 12
-1 22 -1
-1 36 -1
17 -1 30
29 -1 41
-1 -1 -1
7 -1 40
-1 -1 -1
-1 43 10
-1 -1 -1
27 -1 -1
-1 -1 -1
29 -1 -1
-1 -1 1
-1 41 4
13 -1 -1
29 15 14
31 -1 22
-1 24 -1
33 -1 27
-1 31 27
-1 -1 32
23 -1 30
31 -1 -1
-1 -1 -1
44 -1 1
-1 -1 25
9 -1 30
23 -1 -1
0 -1 33
27 -1 37
3 -1 -1
-1 43 30
35 -1 33
38 36 16
-1 -1 23
12 -1 22
16 43 -1
-1 13 30
42 43 20
-1 -1 -1
22 38 1
-1 34 -1
16 -1 -1
-1 -1 43
-1 45 21
20 -1 26
-1 -1 11
31 -1 36
29 -1 -1
-1 24 -1
-1 2 18
-1 -1 38
-1 -1 6
11 -1 13
29 -1 0
-1 44 -1
40 -1 -1
44 -1 27
1 -1 29
-1 21 -1
-1 -1 35
-1 -1 17
24 -1 22
26 33 36
-1 22 -1
43 -1 39
-1 12 25
-1 44 0
25 -1 -1
10 -1 21
28 40 -1
10 0 43
41 25 34
-1 -1 22
2 -1 29
42 22 12
32 29 37
13 -1 -1
-1 43 11
22 44 22
13 39 39
29 19 27
7 35 29
3 39 25
-1 12 -1
-1 2 -1
-1 -1 14
-1 11 9
17 -1 42
-1 25 -1
30 -1 2
-1 -1 -1
-1 -1 20
-1 -1 6
28 -1 24
37 32 -1
-1 -1 2
-1 -1 -1
12 -1 45
-1 -1 -1
-1 38 -1
40 45 35
2 -1 10
39 45 43
10 3 13
-1 32 -1
20 -1 36
7 -1 -1
29 -1 10
6 21 13
-1 -1 -1
0 -1 -1
-1 -1 13
14 -1 -1
28 -1 22
-1 -1 39
-1 -1 -1
-1 -1 -1
-1 -1 33
7 24 26
-1 -1 -1
-1 -1 -1
-1 17 30
-1 -1 43
-1 6 -1
0 -1 26
45 -1 7
-1 32 39
42 -1 3
-1 -1 28
-1 -1 -1
-1 -1 8
-1 35 -1
13 45 8
4 8 -1
33 25 38
36 -1 -1
3 -1 16
-1 -1 34
20 -1 14
-1 -1 44
-1 7 35
-1 -1 11
-1 -1 7
-1 -1 29
16 3 -1
45 -1 10
-1 28 -1
33 9 -1
-1 -1 -1
1 -1 1
-1 17 32
-1 -1 42
37 32 17
44 2 -1
5 7 22
-1 -1 38
38 44 22
-1 11 34
-1 22 27
-1 -1 -1
30 23 39
36 -1 15
1 -1 1
5 -1 39
15 -1 39
38 -1 41
23 10 39
-1 -1 -1
9 -1 23
0 -1 30
-1 35 24
26 -1 43
9 -1 42
40 -1 24
33 -1 9
-1 -1 -1
34 12 44
-1 -1 35
24 -1 -1
25 3 21
38 -1 34
28 -1 -1
-1 -1 -1
-1 -1 15
37 41 22
27 -1 15
-1 -1 19
45 5 42
45 -1 37
16 31 17
4 -1 7
28 -1 28
42 15 -1
-1 -1 1
-1 31 5
23 13 -1
-1 -1 0
31 5 -1
23 25 -1
-1 -1 35
9 -1 -1
29 -1 45
-1 33 19
-1 -1 28
-1 28 -1
-1 29 40
-1 6 -1
5 -1 -1
8 -1 -1
-1 -1 -1
21 1 37
-1 32 7
0 17 36
-1 -1 17
-1 37 21
16 -1 21
34 -1 -1
-1 36 14
5 -1 23
24 -1 4
-1 33 -1
-1 24 -1
-1 -1 19
-1 -1 31
-1 19 0
17 11 8
17 -1 8
16 -1 -1
13 5 26
-1 -1 45
-1 3 8
-1 44 2
33 -1 16
-1 8 20
-1 -1 40
11 -1 45
23 -1 9
8 -1 -1
-1 -1 -1
23 7 29
12 -1 32
45 -1 -1
-1 -1 42
41 -1 5
25 -1 31
12 -1 -1
-1 -1 -1
44 -1 1
-1 -1 34
-1 -1 -1
-1 -1 15
-1 29 -1
-1 -1 -1
-1 -1 37
-1 -1 34
22 23 -1
-1 -1 18
6 -1 -1
-1 -1 29
5 -1 40
-1 33 -1
32 30 -1
39 -1 20
-1 35 -1
38 16 31
-1 -1 25
26 -1 25
-1 -1 -1
-1 -1 27
24 -1 -1
9 -1 20
-1 24 19
25 19 21
-1 38 -1
-1 -1 -1
-1 44 -1
-1 -1 -1
-1 40 35
23 -1 -1
-1 -1 16
37 24 9
-1 27 -1
-1 -1 42
-1 16 -1
1 7 18
30 32 -1
16 14 15
-1 45 31
2 -1 25
-1 -1 -1
11 -1 11
4 3 12
12 10 -1
-1 -1 40
-1 -1 0
-1 -1 0
3 -1 5
34 -1 -1
23 8 -1
-1 -1 0
-1 -1 39
2 -1 43
3 2 23
-1 -1 4
-1 -1 3
33 -1 8
-1 -1 17
-1 37 -1
-1 -1 31
17 34 5
-1 -1 36
-1 -1 42
-1 -1 -1
-1 -1 1
7 -1 12
1 -1 -1
12 12 40
-1 -1 -1
-1 -1 11
18 16 20
-1 -1 5
-1 18 40
34 -1 33
-1 -1 38
12 19 16
35 -1 6
39 -1 3
-1 38 12
33 -1 35
41 -1 12
19 -1 38
-1 -1 -1
34 -1 14
20 -1 -1
-1 -1 4
-1 -1 11
24 -1 -1
-1 41 35
-1 7 -1
10 31 24
26 -1 11
10 -1 29
6 -1 33
-1 -1 26
41 34 -1
-1 44 20
18 -1 44
5 12 -1
-1 7 17
-1 -1 23
31 22 35
-1 11 38
24 -1 43
-1 34 10
34 -1 12
-1 44 -1
45 -1 -1
-1 9 -1
-1 -1 6
-1 -1 -1
31 15 -1
-1 11 -1
-1 35 -1
-1 17 -1
44 13 -1
6 9 12
-1 -1 -1
-1 -1 33
19 45 3
-1 -1 14
32 -1 43
41 31 9
36 -1 21
-1 -1 45
-1 -1 44
-1 -1 -1
42 -1 31
-1 -1 -1
8 -1 43
30 -1 3
41 -1 -1
30 24 31
37 -1 -1
-1 -1 26
45 -1 -1
-1 17 18
-1 -1 6
35 -1 -1
32 -1 45
-1 -1 30
-1 0 39
-1 29 5
27 41 21
22 -1 24
25 -1 -1
22 33 -1
-1 2 12
13 26 -1
-1 -1 12
-1 24 -1
-1 16 15
-1 -1 41
26 28 21
38 -1 -1
12 -1 39
14 1 5
8 -1 34
3 42 38
23 -1 43
43 -1 15
-1 -1 44
21 38 11
-1 -1 -1
-1 31 27
44 35 12
-1 -1 20
5 -1 -1
-1 20 -1
5 44 -1
-1 3 40
3 -1 7
-1 35 21
-1 -1 28
13 -1 31
-1 -1 11
-1 12 -1
8 36 38
40 35 -1
6 -1 13
33 -1 5
-1 -1 3
17 18 -1
-1 14 -1
-1 -1 -1
29 -1 31
4 7 36
-1 -1 16
-1 1 45
-1 -1 -1
-1 -1 -1
-1 -1 23
-1 38 -1
12 -1 -1
45 -1 31
29 -1 -1
-1 -1 43
21 -1 16
-1 -1 -1
-1 -1 -1
25 32 44
33 22 23
30 39 44
-1 16 -1
7 31 41
-1 -1 13
42 4 10
19 -1 34
-1 11 29
36 -1 44
-1 16 15
36 34 5
-1 30 33
-1 5 10
21 -1 -1
33 24 38
-1 -1 22
6 -1 7
38 -1 31
22 9 1
-1 6 -1
37 35 4
20 -1 16
11 41 18
-1 17 44
-1 -1 -1
-1 -1 19
35 -1 1
42 2 -1
-1 -1 19
9 -1 -1
-1 -1 30
-1 -1 17
-1 -1 28
20 42 43
45 0 15
-1 37 36
43 12 33
-1 -1 33
41 9 30
35 -1 38
5 -1 41
19 -1 38
6 5 24
31 -1 19
-1 6 45
18 22 0
14 -1 -1
-1 -1 11
-1 -1 18
-1 18 -1
8 -1 -1
22 -1 19
-1 40 -1
36 17 20
-1 23 21
15 -1 37
8 -1 26
-1 -1 31
-1 -1 -1
27 -1 35
5 45 42
31 -1 -1
-1 -1 25
-1 -1 44
10 32 37
12 -1 -1
-1 23 1
-1 -1 -1
-1 -1 24
-1 -1 15
-1 -1 39
37 -1 23
-1 -1 29
-1 -1 20
-1 37 -1
5 28 14
30 -1 35
-1 -1 -1
5 -1 9
34 17 21
-1 -1 14
11 45 13
3 -1 9
-1 -1 -1
10 34 36
9 -1 36
25 6 40
14 -1 18
-1 43 26
41 -1 9
24 -1 9
-1 -1 -1
-1 -1 36
30 42 4
-1 -1 40
26 -1 31
26 25 35
-1 9 26
-1 0 45
35 -1 10
22 20 36
0 -1 28
-1 -1 -1
30 13 26
11 -1 24
42 -1 35
-1 -1 21
16 -1 42
39 22 31
-1 -1 -1
2 -1 42
29 -1 45
-1 -1 -1
8 14 6
12 26 35
-1 -1 13
-1 22 42
-1 -1 42
14 30 44
41 -1 26
31 11 45
19 -1 39
41 1 32
-1 -1 41
10 -1 -1
-1 38 25
9 -1 11
-1 -1 -1
32 -1 37
-1 -1 23
-1 29 -1
-1 -1 -1
-1 -1 -1
7 -1 45
19 31 14
39 26 24
21 10 38
-1 22 12
0 11 -1
39 15 12
-1 9 11
-1 23 -1
-1 36 2
-1 22 17
-1 -1 3
-1 14 -1
-1 -1 6
44 -1 13
-1 -1 -1
-1 -1 13
16 -1 -1
-1 -1 -1
-1 -1 31
22 35 38
-1 26 29
-1 -1 42
-1 29 19
-1 -1 -1
23 16 6
20 -1 -1
17 -1 6
5 2 12
30 45 21
8 -1 -1
-1 -1 -1
-1 -1 9
41 -1 11
-1 -1 -1
-1 45 10
-1 26 6
-1 21 13
-1 -1 24
2 -1 12
0 22 -1
38 -1 22
28 23 -1
-1 12 33
-1 -1 -1
-1 -1 3
18 -1 6
-1 -1 6
-1 1 -1
20 -1 32
38 -1 -1
-1 -1 19
40 -1 30
-1 -1 45
-1 11 -1
38 20 -1
-1 45 26
37 -1 27
-1 -1 32
-1 30 -1
-1 -1 11
-1 -1 31
5 -1 27
-1 -1 -1
-1 -1 26
1 0 14
39 5 9
42 1 40
-1 -1 -1
-1 38 -1
3 6 38
-1 -1 7
20 36 42
40 11 44
24 -1 0
-1 -1 18
-1 -1 31
-1 10 17
-1 -1 29
-1 -1 -1
-1 12 8
-1 19 -1
6 1 4
36 -1 5
22 1 33
-1 13 38
23 8 17
14 38 2
32 -1 37
-1 -1 2
-1 2 -1
21 -1 7
13 -1 16
-1 -1 42
2 -1 -1
27 5 37
-1 -1 8
44 45 13
5 -1 39
-1 27 23
-1 -1 44
22 38 -1
-1 -1 24
5 -1 5
-1 -1 -1
23 30 -1
-1 -1 0
-1 -1 18
30 -1 29
23 25 -1
31 3 35
41 23 -1
42 -1 3
-1 -1 -1
-1 -1 -1
-1 25 -1
13 5 -1
-1 -1 -1
21 33 39
-1 23 28
4 4 43
-1 12 -1
45 -1 -1
18 1 30
40 19 7
6 38 2
-1 22 -1
13 30 44
18 0 -1
-1 -1 -1
-1 23 -1
-1 28 -1
-1 -1 39
-1 -1 39
5 12 -1
-1 -1 5
28 21 -1
25 -1 6
43 -1 30
1 9 26
15 15 4
-1 41 -1
-1 -1 6
27 -1 2
-1 -1 7
7 12 -1
-1 -1 43
16 -1 40
-1 13 -1
13 -1 -1
-1 -1 30
-1 43 -1
24 3 -1
9 -1 -1
20 -1 -1
21 4 42
23 -1 24
-1 -1 -1
35 -1 0
-1 -1 23
21 -1 -1
-1 -1 -1
20 33 4
-1 19 -1
36 35 -1
3 36 29
-1 -1 24
6 -1 -1
-1 -1 4
2 -1 3
0 18 1
42 -1 -1
-1 -1 -1
-1 -1 39
30 -1 39
-1 -1 10
20 -1 20
-1 -1 36
-1 13 43
22 4 -1
9 -1 15
-1 -1 -1
16 -1 6
42 30 19
5 -1 5
-1 37 37
4 10 14
-1 36 4
-1 -1 34
40 -1 27
-1 5 -1
7 -1 -1
-1 -1 38
45 -1 24
12 -1 -1
-1 30 -1
13 20 35
7 6 1
-1 -1 9
21 12 28
-1 -1 7
-1 5 32
-1 4 36
12 -1 -1
27 -1 32
23 -1 13
-1 -1 3
3 -1 -1
7 31 -1
29 26 -1
-1 -1 -1
17 39 27
11 -1 -1
44 -1 29
20 -1 38
43 12 -1
-1 -1 8
0 20 11
10 -1 39
10 -1 1
-1 41 0
4 8 -1
-1 17 -1
-1 43 39
40 -1 -1
-1 -1 -1
40 -1 39
40 36 33
27 -1 19
-1 -1 21
-1 37 35
5 -1 8
-1 4 40
11 -1 -1
28 -1 33
29 -1 2
15 12 30
43 4 22
9 25 -1
-1 3 38
7 20 -1
8 -1 25
-1 -1 8
-1 17 19
19 -1 25
0 -1 15
-1 28 38
-1 -1 1
-1 22 -1
31 -1 17
-1 -1 27
-1 27 23
26 -1 -1
36 -1 -1
42 -1 3
-1 -1 3
3 -1 -1
28 22 7
-1 13 45
37 21 31
-1 -1 30
-1 -1 9
15 -1 20
-1 -1 33
-1 -1 18
24 -1 9
-1 -1 42
29 -1 13
-1 -1 -1
-1 -1 -1
-1 30 6
-1 -1 31
28 44 -1
9 34 9
32 -1 -1
-1 15 0
-1 41 10
-1 -1 27
18 -1 33
-1 -1 30
44 -1 5
0 42 42
25 31 9
-1 20 31
-1 8 32
-1 28 -1
38 -1 0
39 -1 44
-1 -1 18
-1 13 -1
-1 -1 33
-1 -1 12
-1 -1 -1
42 31 -1
23 2 7
-1 -1 36
37 -1 -1
-1 23 33
23 -1 19
-1 6 44
14 -1 10
42 2 24
-1 0 18
-1 43 28
4 -1 -1
-1 6 13
26 17 -1
1 42 29
-1 -1 -1
17 -1 27
-1 21 -1
2 -1 -1
-1 31 -1
45 -1 -1
21 6 19
-1 29 16
-1 -1 -1
-1 16 45
-1 -1 13
44 -1 -1
0 10 10
-1 -1 -1
8 -1 13
7 31 -1
15 10 8
23 35 15
-1 18 44
16 16 14
-1 10 -1
-1 -1 17
-1 -1 34
40 -1 36
0 11 -1
25 -1 -1
20 -1 -1
14 -1 -1
11 19 36
36 14 34
1 20 6
24 3 -1
-1 10 -1
-1 8 20
-1 39 33
42 28 16
24 -1 -1
-1 -1 -1
38 -1 27
-1 41 -1
-1 -1 1
22 44 -1
10 -1 31
32 -1 39
19 39 -1
2 -1 20
-1 20 3
-1 -1 32
-1 27 -1
-1 4 26
15 -1 39
-1 34 9
-1 3 0
0 44 -1
-1 -1 36
-1 26 44
-1 -1 8
13 36 35
21 -1 6
-1 35 9
41 34 7
5 -1 42
-1 -1 33
-1 -1 5
-1 -1 -1
-1 -1 45
7 -1 17
-1 -1 6
35 -1 7
-1 -1 -1
-1 -1 -1
-1 28 19
-1 25 23
14 -1 38
18 -1 13
-1 16 4
-1 40 24
40 -1 -1
35 -1 6
29 -1 34
19 -1 22
-1 -1 9
-1 -1 28
-1 -1 43
41 28 18
-1 -1 13
24 43 25
-1 -1 37
-1 -1 7
7 -1 20
-1 30 2
-1 -1 6
-1 -1 31
44 -1 -1
-1 -1 33
14 7 37
4 -1 30
21 13 18
12 11 36
-1 -1 40
17 -1 -1
45 -1 -1
25 31 0
-1 -1 14
-1 -1 6
38 19 28
-1 -1 -1
-1 44 22
36 -1 10
-1 -1 35
9 -1 -1
-1 -1 43
-1 -1 -1
-1 -1 14
-1 22 25
25 4 4
-1 -1 26
-1 -1 42
-1 -1 35
-1 -1 38
-1 26 19
-1 -1 31
-1 14 35
0 -1 33
7 -1 21
-1 33 14
-1 -1 20
25 -1 -1
-1 35 26
-1 -1 20
-1 -1 -1
31 -1 2
45 -1 8
2 14 28
25 -1 42
26 -1 -1
44 -1 -1
-1 -1 -1
21 18 -1
-1 -1 9
-1 40 30
4 -1 -1
-1 4 13
11 -1 17
35 -1 -1
33 -1 10
-1 35 -1
-1 -1 -1
-1 -1 23
25 -1 14
-1 -1 -1
9 23 17
5 -1 -1
-1 27 28
-1 -1 -1
-1 29 36
22 24 0
-1 -1 18
22 -1 45
-1 -1 18
17 -1 2
-1 16 -1
-1 -1 12
-1 9 -1
45 12 35
-1 -1 27
36 37 -1
18 -1 -1
-1 -1 -1
22 40 21
-1 -1 15
-1 -1 34
1 37 31
-1 -1 33
-1 4 1
-1 35 32
1 -1 24
-1 45 41
30 -1 -1
25 40 31
-1 1 -1
16 34 17
45 -1 28
24 22 20
30 -1 14
-1 35 18
-1 32 0
-1 -1 14
33 -1 13
37 -1 22
31 -1 21
20 18 33
-1 -1 19
32 -1 24
-1 11 0
-1 15 11
32 -1 7
-1 45 28
-1 14 38
39 24 44
45 -1 22
30 14 19
16 -1 30
-1 -1 25
-1 -1 18
-1 -1 9
3 -1 13
-1 -1 27
21 36 -1
39 -1 7
20 37 -1
9 -1 12
17 38 42
15 -1 17
4 38 -1
44 38 12
-1 -1 -1
-1 15 23
0 -1 29
42 22 -1
26 20 42
20 -1 25
-1 -1 -1
-1 1 35
-1 -1 0
16 -1 39
41 -1 23
-1 44 26
45 35 30
23 -1 -1
34 22 36
2 -1 29
-1 -1 -1
-1 -1 -1
-1 42 15
-1 11 10
9 -1 -1
17 1 37
-1 34 39
18 -1 -1
30 29 44
-1 12 -1
35 -1 44
25 42 3
42 7 12
-1 -1 5
23 -1 42
43 -1 6
24 -1 -1
-1 41 34
6 43 -1
38 5 3
-1 -1 -1
26 -1 22
-1 2 -1
45 -1 -1
-1 -1 38
35 45 18
-1 -1 30
-1 -1 13
-1 -1 -1
36 -1 14
-1 -1 -1
-1 -1 33
-1 12 42
34 -1 40
26 8 -1
27 41 35
-1 16 -1
-1 -1 34
-1 -1 31
-1 -1 24
13 -1 -1
-1 20 38
19 -1 -1
9 43 -1
4 -1 9
24 -1 0
29 -1 -1
27 7 19
-1 30 -1
-1 -1 38
36 8 9
40 -1 32
-1 -1 -1
29 -1 18
10 25 21
-1 38 15
12 23 17
8 -1 12
3 -1 34
43 -1 34
19 24 8
-1 -1 19
-1 21 24
-1 3 6
23 39 -1
16 -1 37
25 -1 -1
-1 42 6
-1 14 -1
-1 -1 29
36 29 9
-1 45 11
4 30 14
-1 -1 -1
-1 4 -1
21 -1 24
-1 -1 22
-1 39 -1
31 -1 -1
39 -1 -1
-1 27 29
0 -1 -1
32 -1 -1
41 -1 14
-1 -1 33
-1 42 -1
-1 -1 -1
-1 0 30
2 -1 2
-1 -1 -1
32 -1 17
37 -1 -1
39 5 13
7 42 -1
-1 -1 38
-1 -1 7
9 -1 1
-1 -1 -1
-1 15 -1
-1 -1 18
-1 32 36
-1 -1 10
-1 13 -1
-1 3 -1
29 6 14
38 -1 -1
-1 13 18
-1 35 38
-1 -1 -1
34 -1 39
45 35 43
-1 -1 18
-1 -1 1
3 30 0
2 2 40
8 38 16
-1 -1 10
9 6 1
33 5 32
37 -1 -1
-1 23 7
-1 -1 10
19 -1 -1
-1 8 20
-1 33 -1
-1 -1 -1
11 -1 26
8 -1 25
26 26 -1
-1 33 31
14 -1 41
9 -1 25
-1 28 -1
-1 -1 19
-1 -1 22
-1 -1 45
11 -1 27
41 37 30
-1 43 -1
43 -1 4
-1 -1 -1
-1 -1 -1
26 -1 -1
39 44 8
-1 -1 -1
35 35 2
-1 -1 31
-1 -1 5
10 21 16
-1 -1 16
24 -1 -1
-1 -1 43
8 -1 -1
2 31 -1
-1 -1 36
-1 -1 28
1 35 45
-1 38 4
18 -1 -1
0 -1 9
33 41 -1
-1 -1 22
18 -1 5
2 24 15
-1 -1 7
-1 -1 22
9 28 -1
5 -1 7
5 -1 11
33 23 -1
-1 -1 0
-1 45 -1
-1 37 -1
-1 -1 -1
-1 -1 36
17 -1 18
-1 31 36
-1 -1 15
-1 -1 1
16 -1 3
7 26 -1
-1 -1 8
-1 -1 -1
10 -1 -1
1 -1 36
-1 -1 -1
15 -1 2
-1 23 20
18 -1 4
28 -1 17
-1 34 33
13 -1 35
-1 -1 -1
-1 21 15
4 -1 37
19 -1 -1
-1 33 42
-1 -1 45
40 -1 -1
37 -1 21
-1 0 -1
-1 -1 25
14 43 20
44 -1 -1
-1 -1 34
0 -1 20
25 9 -1
-1 19 32
31 5 39
5 -1 25
22 -1 7
-1 -1 11
21 13 13
44 -1 24
-1 -1 34
-1 -1 36
43 -1 -1
37 24 44
-1 5 28
3 23 13
0 -1 43
-1 33 9
34 22 1
17 -1 43
-1 -1 19
41 -1 -1
-1 -1 4
3 35 35
6 -1 -1
28 -1 32
-1 37 16
20 -1 7
22 -1 20
3 -1 16
-1 17 13
-1 -1 -1
-1 -1 11
29 8 9
-1 -1 9
24 7 -1
-1 30 -1
-1 28 31
27 -1 2
20 -1 -1
-1 -1 16
18 10 41
-1 41 13
27 -1 -1
32 7 28
-1 -1 7
5 -1 41
10 -1 -1
-1 -1 44
14 -1 -1
-1 17 33
-1 -1 -1
31 -1 -1
26 -1 38
-1 -1 17
38 -1 35
17 -1 -1
-1 -1 5
-1 -1 -1
-1 -1 44
19 -1 -1
38 -1 3
25 10 -1
38 -1 35
22 -1 11
20 -1 -1
29 -1 6
20 -1 7
4 -1 -1
-1 3 23
23 16 17
34 6 -1
-1 -1 -1
-1 -1 -1
40 -1 22
-1 -1 5
21 -1 27
36 41 39
17 -1 1
8 -1 -1
38 -1 44
22 11 -1
6 -1 30
-1 -1 3
13 10 -1
15 9 13
23 -1 11
-1 20 -1
-1 9 4
43 -1 24
-1 -1 -1
24 -1 11
-1 -1 20
-1 -1 26
42 -1 -1
8 26 -1
-1 -1 -1
-1 -1 31
-1 11 38
-1 6 40
-1 -1 9
-1 -1 17
39 -1 -1
-1 -1 25
-1 35 10
8 -1 -1
18 3 -1
-1 -1 41
-1 -1 4
-1 -1 31
-1 -1 -1
23 -1 24
19 -1 -1
11 38 -1
-1 -1 -1
-1 33 10
-1 -1 26
-1 -1 37
-1 21 24
31 -1 40
-1 11 24
-1 -1 20
22 -1 0
-1 28 -1
-1 -1 20
-1 -1 -1
40 19 17
-1 -1 6
37 -1 -1
27 -1 29
30 -1 -1
-1 25 -1
-1 -1 28
45 -1 -1
-1 -1 28
-1 -1 20
31 -1 26
44 45 9
-1 -1 -1
7 -1 -1
37 -1 2
35 11 31
-1 -1 -1
21 -1 33
-1 -1 43
39 8 -1
40 44 27
-1 -1 -1
-1 -1 26
27 -1 8
-1 -1 23
31 -1 5
-1 -1 41
-1 -1 -1
-1 -1 44
6 -1 20
29 10 42
19 27 33
34 -1 5
-1 -1 5
24 -1 36
12 -1 38
32 17 -1
-1 -1 19
-1 -1 44
12 -1 31
-1 40 -1
-1 -1 37
-1 6 41
25 1 4
18 15 6
7 -1 -1
-1 -1 15
-1 5 -1
6 -1 -1
-1 -1 -1
-1 18 -1
32 -1 -1
-1 -1 -1
-1 -1 32
-1 -1 42
-1 10 -1
32 18 38
42 -1 17
19 27 9
-1 -1 31
-1 -1 -1
-1 -1 -1
-1 -1 3
-1 -1 -1
38 -1 25
-1 25 41
-1 1 44
9 7 -1
34 -1 -1
-1 -1 -1
-1 -1 -1
19 3 44
24 -1 25
1 -1 4
-1 -1 37
40 10 -1
8 -1 23
-1 -1 17
-1 34 28
26 -1 -1
-1 -1 -1
-1 -1 27
32 -1 23
26 -1 -1
-1 -1 24
39 8 4
31 -1 43
36 -1 7
-1 25 14
-1 -1 -1
27 8 -1
-1 -1 30
-1 -1 3
41 -1 12
28 -1 1
-1 22 45
44 -1 40
-1 31 7
3 -1 15
12 33 -1
-1 -1 -1
27 19 -1
3 7 -1
-1 27 -1
-1 -1 19
-1 39 10
-1 -1 29
7 22 32
6 34 10
-1 -1 36
24 44 29
-1 2 -1
-1 -1 34
13 -1 -1
-1 -1 35
-1 33 -1
-1 -1 38
41 14 35
-1 -1 -1
-1 3 7
-1 9 -1
-1 -1 36
45 -1 19
-1 20 35
35 -1 17
-1 -1 -1
12 13 -1
22 9 38
26 43 16
-1 45 -1
7 -1 -1
11 -1 6
-1 -1 -1
11 -1 8
-1 30 38
15 -1 -1
10 -1 27
-1 -1 39
43 29 37
0 -1 32
-1 -1 2
-1 -1 40
-1 -1 16
26 -1 39
11 -1 -1
17 -1 34
-1 20 12
5 -1 -1
9 -1 9
-1 37 -1
-1 31 1
-1 44 -1
-1 -1 28
23 -1 13
-1 -1 -1
16 -1 18
31 23 28
26 -1 -1
-1 17 41
5 -1 19
-1 8 -1
-1 -1 -1
14 44 -1
-1 45 43
-1 -1 27
-1 1 30
17 -1 42
-1 32 45
35 -1 23
37 -1 -1
2 -1 19
42 -1 -1
-1 21 11
-1 -1 -1
11 -1 7
-1 13 42
-1 15 21
-1 30 13
26 6 -1
-1 -1 6
-1 8 16
-1 -1 8
26 44 -1
28 3 7
-1 11 15
-1 2 -1
-1 -1 -1
9 15 -1
34 38 -1
17 39 25
27 -1 -1
28 20 -1
19 41 2
26 -1 13
-1 43 17
-1 3 -1
2 36 31
-1 37 5
25 -1 26
8 -1 43
-1 29 9
12 37 21
14 1 -1
7 -1 15
-1 -1 33
37 -1 26
-1 19 -1
41 -1 11
-1 8 13
-1 -1 -1
-1 -1 7
15 31 1
32 -1 3
-1 -1 20
-1 28 43
-1 41 1
-1 6 6
-1 -1 -1
4 -1 8
22 -1 19
-1 10 -1
-1 -1 33
-1 -1 26
-1 -1 21
30 -1 8
-1 -1 -1
44 -1 35
-1 -1 28
37 -1 9
-1 36 0
28 -1 24
-1 38 35
-1 -1 44
-1 25 -1
-1 -1 30
20 -1 -1
34 -1 10
32 -1 -1
45 26 27
22 -1 31
11 -1 15
31 -1 -1
-1 18 26
-1 -1 -1
10 32 23
-1 7 -1
31 -1 33
16 -1 -1
-1 -1 25
0 33 -1
-1 21 2
27 -1 26
21 -1 23
23 -1 36
-1 -1 -1
12 -1 42
-1 -1 -1
-1 14 44
29 45 -1
12 4 18
23 -1 38
-1 39 23
-1 17 -1
44 33 19
32 18 14
29 25 32
29 19 45
25 -1 33
8 -1 -1
40 -1 32
-1 -1 -1
-1 -1 17
-1 7 -1
-1 -1 15
42 1 41
34 25 15
5 -1 28
5 12 23
-1 -1 42
-1 -1 8
30 6 41
-1 -1 39
34 1 -1
-1 20 11
-1 41 -1
-1 -1 16
-1 -1 15
-1 0 38
-1 -1 40
-1 -1 18
15 18 40
4 29 -1
33 -1 1
2 13 37
34 -1 -1
23 -1 -1
24 5 43
28 27 5
-1 -1 33
-1 44 22
16 18 20
-1 -1 21
-1 45 -1
42 22 13
15 17 13
-1 25 1
-1 -1 -1
-1 -1 35
2 -1 32
-1 23 1
32 7 35
24 -1 44
12 -1 29
8 -1 9
44 17 19
-1 5 -1
-1 32 -1
15 12 22
-1 -1 17
4 21 37
4 10 -1
-1 -1 17
-1 -1 7
43 -1 -1
-1 -1 32
26 -1 -1
-1 -1 2
6 -1 33
-1 -1 22
-1 -1 -1
10 -1 -1
38 -1 7
0 -1 19
-1 -1 13
35 3 -1
38 -1 -1
44 -1 27
22 -1 31
20 41 20
22 -1 3
35 -1 -1
40 -1 23
-1 -1 13
7 39 19
-1 -1 -1
-1 11 5
34 3 9
37 -1 19
27 -1 19
39 -1 -1
-1 28 40
7 -1 40
20 -1 6
-1 5 39
19 -1 35
-1 -1 11
-1 -1 42
23 -1 42
3 38 18
9 -1 34
-1 -1 4
45 1 -1
0 2 30
10 -1 19
38 45 -1
5 -1 28
-1 -1 20
-1 -1 34
-1 42 3
-1 2 3
41 24 12
-1 16 4
37 -1 -1
11 -1 -1
40 9 -1
-1 14 13
-1 -1 28
28 9 37
34 -1 15
24 -1 0
32 -1 13
-1 -1 30
43 18 28
-1 33 -1
37 -1 -1
-1 -1 32
-1 -1 22
16 -1 -1
-1 -1 44
-1 -1 8
-1 -1 -1
-1 -1 2
12 22 23
38 -1 -1
35 23 -1
15 22 15
-1 -1 45
-1 29 14
45 37 6
-1 32 16
12 44 20
17 9 25
-1 -1 -1
21 -1 36
-1 -1 33
-1 -1 5
1 -1 35
19 34 -1
10 6 30
-1 15 -1
45 42 2
20 -1 13
37 -1 7
42 -1 -1
30 34 4
14 -1 9
-1 5 -1
-1 -1 -1
23 -1 -1
-1 43 -1
0 7 14
2 -1 -1
-1 38 6
20 -1 34
30 -1 -1
38 -1 28
-1 -1 9
-1 6 19
27 35 5
32 41 10
-1 38 -1
-1 -1 -1
-1 33 2
-1 43 -1
-1 18 1
-1 -1 20
15 -1 31
42 26 0
-1 -1 32
34 -1 22
31 -1 12
5 -1 28
28 -1 45
-1 -1 9
-1 -1 25
-1 -1 -1
-1 30 -1
5 -1 30
-1 42 -1
42 29 -1
17 42 -1
-1 -1 31
-1 -1 29
41 -1 6
-1 6 -1
-1 -1 5
24 -1 16
10 -1 31
42 -1 19
30 39 19
45 23 32
5 4 41
28 -1 -1
-1 40 23
-1 -1 -1
-1 40 34
5 -1 3
33 -1 -1
-1 17 -1
-1 -1 35
-1 -1 12
27 40 -1
-1 -1 11
11 -1 38
28 -1 25
7 -1 -1
35 -1 33
27 -1 -1
-1 -1 6
-1 44 9
-1 45 26
-1 24 23
-1 -1 37
42 -1 25
29 -1 -1
0 -1 -1
-1 -1 36
23 40 21
-1 13 40
-1 17 -1
42 -1 38
35 25 45
16 13 12
39 5 -1
-1 -1 -1
-1 34 5
-1 -1 24
-1 -1 -1
-1 5 21
5 43 30
-1 -1 -1
-1 -1 19
18 21 8
-1 37 2
-1 -1 -1
-1 -1 -1
-1 -1 -1
25 40 44
20 -1 -1
35 31 19
-1 -1 -1
1 19 4
-1 24 1
33 -1 -1
-1 41 -1
28 -1 3
14 -1 6
37 38 8
-1 5 18
19 22 41
-1 -1 19
23 2 16
-1 30 2
13 -1 13
-1 -1 -1
-1 -1 -1
-1 0 36
-1 38 24
44 -1 36
-1 -1 16
-1 -1 21
4 -1 -1
7 32 31
28 16 28
-1 -1 20
18 19 -1
6 -1 17
-1 -1 24
-1 -1 31
20 24 23
4 41 35
-1 35 -1
32 -1 32
-1 22 13
-1 -1 42
-1 -1 -1
-1 -1 17
22 -1 42
26 17 0
7 5 19
-1 -1 29
-1 -1 45
-1 -1 -1
-1 -1 8
22 -1 21
33 -1 18
-1 -1 34
40 -1 32
-1 0 -1
-1 27 30
-1 -1 10
-1 -1 -1
20 -1 -1
-1 20 7
-1 -1 10
6 45 -1
43 41 -1
-1 -1 1
-1 -1 -1
1 -1 40
-1 -1 -1
24 37 43
1 38 26
-1 7 20
-1 -1 -1
11 -1 31
-1 30 26
16 -1 22
13 9 -1
-1 -1 -1
32 -1 -1
6 -1 22
26 -1 -1
34 -1 33
43 -1 11
31 34 22
26 -1 5
-1 32 -1
4 -1 5
30 18 -1
-1 -1 19
-1 11 -1
-1 -1 1
26 -1 1
17 -1 36
-1 8 12
-1 -1 38
-1 1 28
6 -1 -1
28 -1 20
35 38 -1
-1 -1 16
40 37 -1
-1 -1 0
25 -1 43
38 -1 12
-1 5 41
-1 28 0
9 12 34
-1 -1 16
11 -1 21
30 -1 -1
-1 -1 -1
-1 7 -1
31 -1 -1
-1 -1 36
-1 28 -1
-1 32 7
-1 -1 29
5 -1 4
-1 -1 -1
-1 -1 -1
-1 -1 34
-1 -1 7
5 -1 -1
19 -1 28
41 -1 -1
37 -1 45
-1 18 33
-1 -1 -1
-1 -1 12
-1 40 2
19 -1 27
-1 -1 -1
31 18 13
4 27 -1
-1 -1 32
26 43 -1
2 24 6
-1 -1 -1
15 3 26
30 20 40
-1 -1 10
27 -1 19
-1 -1 29
8 37 12
10 -1 -1
-1 0 17
29 3 25
24 13 36
-1 39 12
-1 28 5
-1 -1 34
12 19 7
-1 -1 19
16 -1 29
-1 23 -1
32 -1 28
30 8 13
13 6 35
11 -1 10
-1 21 22
-1 -1 26
29 -1 29
26 -1 24
9 14 15
-1 -1 21
44 35 -1
25 -1 45
-1 -1 -1
-1 27 36
10 -1 42
43 -1 40
32 24 1
3 -1 27
-1 23 12
20 -1 41
-1 6 40
19 20 44
5 -1 16
-1 21 19
-1 -1 3
10 -1 -1
35 -1 -1
-1 31 42
12 -1 36
-1 -1 39
6 -1 -1
16 -1 4
-1 -1 43
-1 -1 -1
-1 17 22
14 30 -1
33 -1 11
-1 11 27
-1 31 10
7 -1 27
20 13 39
-1 -1 -1
-1 3 9
-1 -1 2
33 33 21
43 -1 33
27 -1 45
-1 -1 13
-1 41 -1
-1 -1 17
-1 16 -1
-1 -1 -1
39 25 -1
-1 36 -1
-1 -1 12
6 -1 2
-1 -1 31
33 -1 34
-1 40 40
42 45 36
20 -1 -1
28 37 11
17 11 -1
15 -1 40
20 -1 33
-1 -1 42
31 -1 13
40 -1 -1
42 -1 43
35 -1 22
-1 8 16
39 -1 9
-1 10 35
16 43 40
-1 -1 23
18 2 1
44 1 -1
25 -1 25
45 -1 12
-1 -1 37
-1 -1 7
-1 -1 10
20 33 4
-1 42 13
-1 11 2
13 -1 4
-1 -1 -1
-1 26 -1
31 10 4
5 -1 27
-1 -1 43
16 -1 -1
2 -1 26
-1 34 -1
-1 -1 12
5 -1 36
-1 -1 -1
11 -1 -1
28 -1 7
19 -1 44
-1 -1 34
-1 -1 -1
-1 -1 33
35 35 -1
45 -1 0
-1 25 -1
-1 10 -1
-1 -1 1
-1 -1 -1
25 -1 41
2 31 -1
42 -1 19
2 1 37
40 39 45
-1 -1 -1
20 -1 -1
8 -1 35
15 44 -1
-1 41 8
4 29 -1
-1 -1 -1
-1 41 23
6 45 40
-1 -1 19
-1 -1 -1
18 12 42
39 6 41
-1 24 -1
-1 -1 15
-1 39 18
25 -1 -1
-1 -1 -1
7 -1 26
-1 41 45
14 35 -1
43 12 13
24 2 -1
-1 -1 14
-1 22 -1
-1 15 -1
31 14 -1
-1 -1 6
-1 -1 24
29 -1 14
-1 -1 16
24 3 -1
30 42 14
16 -1 38
-1 -1 19
-1 -1 22
27 -1 35
14 -1 8
-1 -1 21
21 -1 -1
21 36 -1
0 -1 32
-1 -1 -1
43 -1 15
14 5 39
40 23 20
4 -1 38
38 -1 21
-1 -1 20
23 -1 26
2 0 -1
3 -1 -1
-1 -1 -1
-1 45 2
-1 38 16
-1 -1 -1
45 -1 7
21 44 37
14 -1 41
39 -1 35
-1 -1 -1
27 -1 6
-1 4 1
-1 -1 17
28 16 -1
-1 30 21
44 30 43
33 13 -1
6 25 -1
37 -1 -1
12 -1 -1
-1 -1 33
41 -1 13
15 -1 -1
10 -1 -1
19 2 17
35 0 29
39 27 1
15 27 38
-1 19 -1
24 24 38
-1 34 31
34 5 7
4 -1 -1
36 31 35
8 18 41
16 24 43
17 -1 39
-1 -1 38
-1 -1 33
31 -1 38
-1 8 13
28 -1 33
0 -1 44
43 1 3
-1 -1 22
-1 15 -1
31 -1 -1
-1 33 27
24 23 -1
-1 34 39
19 -1 26
2 41 25
-1 40 -1
-1 38 24
-1 -1 9
9 17 26
-1 -1 25
20 -1 15
39 -1 -1
23 2 17
15 25 4
-1 -1 31
-1 -1 39
31 24 18
-1 -1 41
10 -1 19
-1 -1 16
16 -1 8
-1 -1 -1
-1 41 34
-1 -1 4
37 -1 34
-1 -1 -1
1 26 37
32 -1 -1
-1 28 45
30 18 36
8 -1 -1
-1 -1 10
5 -1 25
7 -1 35
-1 44 7
-1 -1 -1
-1 -1 30
41 15 27
2 22 41
-1 -1 9
-1 -1 42
28 -1 22
22 34 27
42 6 13
16 -1 28
-1 5 17
21 -1 8
43 -1 26
11 -1 10
21 -1 40
43 30 12
33 30 45
14 -1 44
34 -1 -1
-1 10 40
-1 38 41
5 2 7
43 -1 26
-1 -1 13
4 -1 -1
-1 -1 15
-1 16 45
13 -1 2
-1 34 -1
31 -1 -1
29 13 22
36 43 5
25 -1 28
12 1 18
-1 -1 -1
-1 -1 -1
7 -1 -1
19 -1 43
-1 -1 16
40 -1 36
-1 -1 5
-1 -1 -1
-1 -1 30
-1 -1 5
13 37 37
8 43 -1
22 0 26
-1 -1 -1
6 -1 30
-1 -1 16
39 6 -1
-1 41 -1
-1 43 -1
-1 -1 31
-1 25 10
14 14 26
11 -1 -1
35 45 45
29 -1 10
17 -1 45
19 43 12
15 -1 -1
13 -1 -1
-1 -1 15
23 -1 45
-1 -1 42
-1 -1 19
9 -1 -1
16 -1 14
-1 -1 7
-1 -1 -1
-1 -1 -1
12 39 15
1 21 -1
-1 34 -1
-1 14 0
41 -1 12
-1 15 0
-1 34 14
7 12 -1
15 -1 38
31 40 -1
-1 -1 22
-1 -1 -1
40 -1 33
3 -1 40
-1 -1 41
17 19 23
-1 -1 24
-1 19 4
-1 0 -1
36 -1 42
42 11 18
20 -1 29
-1 35 -1
28 16 32
25 6 -1
16 -1 25
-1 -1 18
-1 -1 30
17 -1 13
41 18 22
35 36 8
-1 38 42
-1 -1 42
23 33 38
-1 -1 13
29 -1 10
-1 16 14
-1 14 41
17 26 9
-1 -1 16
-1 -1 23
-1 -1 28
35 -1 -1
32 -1 -1
43 13 37
-1 -1 11
-1 -1 17
25 33 44
-1 -1 29
36 -1 38
4 -1 0
29 -1 11
-1 -1 -1
9 -1 4
13 4 -1
35 5 -1
-1 11 -1
19 41 33
-1 27 -1
-1 21 39
11 21 32
-1 16 45
11 -1 34
22 -1 7
21 -1 27
-1 -1 40
6 14 11
20 0 1
44 -1 23
15 19 37
-1 -1 -1
-1 -1 32
-1 -1 42
17 17 24
42 -1 8
-1 -1 24
10 -1 35
9 36 39
37 -1 0
-1 20 -1
-1 14 35
34 41 4
33 -1 14
45 -1 14
-1 8 -1
5 25 5
10 -1 41
-1 -1 22
27 8 -1
-1 -1 7
41 -1 39
1 44 25
4 44 -1
-1 4 25
-1 -1 36
32 10 1
15 -1 -1
-1 -1 -1
-1 13 6
25 -1 -1
-1 -1 37
-1 -1 -1
-1 -1 16
7 -1 -1
3 -1 29
5 -1 7
43 -1 10
32 -1 29
-1 -1 30
-1 -1 26
-1 -1 25
7 5 18
25 -1 8
-1 -1 34
-1 -1 22
-1 13 -1
42 -1 4
1 -1 27
40 -1 44
-1 -1 -1
1 -1 -1
-1 2 13
-1 38 40
-1 21 -1
44 -1 24
35 -1 35
-1 28 29
26 -1 -1
41 31 18
-1 10 26
31 -1 42
4 -1 26
39 -1 31
22 4 42
-1 7 6
29 -1 8
37 -1 2
32 -1 -1
24 -1 10
41 16 7
-1 -1 19
-1 35 14
19 16 23
31 15 27
-1 13 45
-1 -1 35
-1 -1 9
13 -1 39
-1 19 -1
-1 -1 20
-1 -1 30
-1 -1 -1
-1 -1 -1
27 -1 -1
-1 -1 32
-1 -1 13
19 -1 -1
35 -1 9
9 27 18
34 -1 27
-1 26 20
3 -1 22
-1 23 -1
-1 19 40
-1 40 8
-1 -1 33
-1 23 14
40 -1 26
-1 -1 -1
-1 -1 41
36 28 -1
44 -1 25
-1 23 36
19 -1 -1
-1 -1 8
21 -1 17
20 30 3
-1 27 -1
28 44 16
45 16 11
12 29 37
41 14 9
-1 -1 18
33 5 38
-1 42 -1
-1 -1 -1
-1 -1 37
20 35 -1
-1 28 40
-1 1 15
1 33 33
-1 -1 40
-1 -1 16
-1 -1 44
36 -1 36
13 21 10
-1 5 29
-1 -1 -1
-1 42 -1
16 -1 -1
-1 -1 -1
20 -1 36
7 -1 29
11 -1 -1
1 4 39
22 8 24
25 22 -1
12 18 2
19 -1 11
-1 33 -1
36 -1 -1
-1 24 7
-1 37 33
5 -1 11
-1 -1 30
-1 -1 -1
-1 -1 28
-1 -1 -1
37 -1 33
-1 -1 12
34 39 -1
-1 27 18
43 -1 -1
-1 35 4
0 36 -1
31 -1 30
-1 -1 4
27 -1 -1
-1 20 1
2 39 17
-1 -1 -1
-1 36 12
44 -1 35
-1 32 22
20 -1 4
18 -1 45
43 -1 18
-1 31 9
26 -1 8
-1 30 4
-1 9 -1
-1 -1 37
-1 9 43
34 -1 35
29 -1 35
34 24 41
12 11 2
30 -1 41
-1 -1 42
-1 -1 12
-1 -1 -1
-1 45 -1
-1 30 -1
31 18 45
12 28 25
7 -1 -1
-1 -1 33
39 -1 3
30 1 6
16 -1 6
-1 44 34
-1 21 -1
36 -1 31
20 -1 26
26 -1 9
-1 -1 31
-1 8 8
25 -1 19
31 -1 -1
-1 9 -1
0 -1 34
22 -1 25
15 13 22
-1 31 3
15 0 5
32 -1 14
-1 -1 18
25 -1 25
22 -1 -1
32 -1 11
-1 16 18
-1 24 23
33 -1 11
25 -1 -1
31 -1 28
21 16 30
-1 -1 27
16 -1 27
22 -1 20
10 -1 -1
25 -1 2
-1 -1 -1
37 -1 38
25 2 -1
-1 -1 6
-1 -1 16
-1 19 22
-1 -1 -1
-1 29 14
-1 -1 -1
13 -1 -1
22 -1 -1
-1 -1 0
0 -1 4
31 40 -1
43 7 16
34 2 -1
-1 -1 30
13 11 -1
45 -1 20
-1 -1 30
13 -1 -1
44 23 27
-1 -1 10
-1 6 40
-1 -1 9
-1 15 11
-1 4 41
-1 16 23
26 -1 7
4 -1 21
22 33 23
4 -1 45
-1 -1 -1
19 36 -1
44 -1 41
-1 44 -1
-1 -1 26
-1 -1 25
31 -1 43
-1 -1 -1
-1 -1 32
22 9 -1
-1 -1 -1
6 -1 -1
38 36 -1
-1 -1 26
-1 5 -1
-1 -1 43
41 0 16
33 -1 -1
35 -1 -1
42 -1 5
-1 4 30
-1 -1 43
38 -1 -1
34 39 -1
2 -1 40
7 -1 10
-1 -1 21
27 27 43
32 -1 11
-1 29 21
-1 -1 13
-1 29 5
40 -1 9
15 14 30
9 -1 23
-1 -1 -1
26 -1 25
-1 -1 36
38 -1 -1
37 -1 37
32 44 -1
43 -1 -1
20 35 -1
31 -1 7
42 -1 42
10 -1 43
19 29 7
-1 -1 6
-1 26 -1
4 29 -1
0 35 -1
27 13 19
-1 -1 30
23 -1 -1
-1 -1 15
25 18 0
-1 5 9
-1 -1 -1
-1 34 -1
-1 -1 2
-1 -1 28
34 33 24
19 -1 42
-1 -1 39
38 -1 38
22 -1 -1
7 33 -1
-1 -1 27
9 -1 7
38 -1 -1
-1 -1 -1
-1 11 34
5 -1 19
19 -1 -1
33 35 19
-1 21 26
19 -1 -1
13 -1 15
32 9 7
18 24 -1
2 -1 38
-1 -1 21
4 -1 -1
-1 -1 45
15 31 41
-1 36 -1
40 39 25
42 -1 22
-1 0 -1
37 10 45
-1 -1 -1
32 40 9
3 39 21
14 -1 -1
30 6 37
-1 -1 8
28 21 27
10 -1 43
-1 -1 35
43 29 43
5 -1 -1
0 -1 22
-1 -1 29
9 -1 3
-1 8 11
-1 -1 42
13 25 -1
14 26 18
20 27 -1
-1 -1 44
-1 -1 12
11 24 23
1 -1 -1
-1 17 35
-1 -1 32
-1 1 30
-1 -1 -1
10 20 10
27 -1 26
13 -1 38
34 -1 3
25 22 0
40 -1 -1
25 -1 37
45 7 1
-1 -1 34
14 -1 -1
15 -1 7
10 45 37
12 -1 -1
-1 -1 -1
40 -1 -1
1 5 -1
-1 27 -1
32 -1 -1
21 24 10
7 21 -1
1 -1 7
-1 17 38
42 -1 5
-1 -1 -1
45 0 -1
-1 -1 34
-1 28 -1
21 -1 33
24 20 9
-1 -1 9
-1 39 -1
5 -1 -1
-1 40 12
25 -1 1
-1 -1 42
-1 2 -1
-1 -1 28
-1 -1 0
2 -1 38
-1 11 28
-1 2 2
33 42 0
32 -1 17
-1 -1 23
-1 -1 17
-1 -1 -1
20 -1 35
-1 -1 25
1 12 4
40 9 -1
-1 -1 36
-1 45 21
-1 16 16
-1 -1 34
5 35 31
10 -1 14
-1 -1 21
11 6 -1
-1 -1 4
-1 43 -1
15 -1 37
-1 -1 4
23 0 16
18 15 -1
12 -1 -1
15 -1 16
16 41 38
-1 11 -1
8 39 15
-1 45 21
-1 -1 -1
-1 0 -1
-1 -1 -1
-1 -1 -1
-1 -1 5
38 2 -1
-1 -1 10
20 -1 -1
-1 25 40
42 44 4
18 13 45
20 40 25
5 -1 38
36 -1 32
25 -1 -1
0 -1 -1
38 -1 -1
29 13 42
-1 -1 -1
13 23 39
-1 -1 -1
-1 -1 39
37 -1 15
-1 -1 -1
-1 7 -1
18 -1 4
-1 30 14
-1 42 35
11 32 -1
-1 26 3
-1 -1 24
-1 -1 23
10 42 31
8 19 20
-1 8 14
19 -1 -1
-1 12 24
-1 -1 2
17 22 3
1 9 27
22 -1 44
15 19 -1
-1 9 -1
-1 4 -1
-1 15 31
-1 -1 -1
10 -1 22
32 -1 -1
24 16 -1
30 -1 15
-1 -1 0
30 -1 34
10 -1 5
8 -1 41
6 -1 -1
-1 42 -1
29 12 -1
34 42 6
-1 -1 -1
7 45 -1
-1 -1 26
-1 -1 21
7 39 -1
17 -1 3
-1 -1 12
36 -1 -1
-1 42 22
-1 -1 18
12 -1 -1
-1 -1 26
-1 5 13
-1 -1 14
-1 -1 23
9 24 30
9 21 18
-1 -1 -1
-1 -1 20
14 -1 27
-1 17 -1
-1 -1 -1
35 26 19
-1 -1 -1
-1 8 -1
1 -1 22
-1 13 25
4 7 28
19 32 9
23 -1 0
31 17 28
-1 -1 3
-1 -1 9
12 41 11
35 -1 -1
9 1 -1
-1 32 22
30 31 3
-1 18 8
-1 -1 33
10 39 -1
30 31 11
12 -1 39
9 -1 -1
-1 -1 44
32 -1 36
-1 -1 8
-1 -1 32
43 27 14
-1 41 36
-1 -1 2
38 -1 -1
8 -1 42
25 -1 14
-1 -1 -1
8 3 -1
-1 21 -1
-1 -1 -1
40 26 38
-1 -1 -1
16 -1 -1
24 17 28
11 -1 3
-1 29 43
-1 -1 -1
-1 -1 -1
4 -1 -1
-1 43 7
-1 -1 -1
-1 44 30
29 -1 -1
1 -1 -1
17 34 -1
14 21 -1
-1 20 0
42 -1 43
43 6 19
-1 -1 -1
30 -1 -1
5 -1 13
-1 13 -1
25 -1 10
-1 9 -1
3 19 17
10 -1 -1
-1 -1 -1
3 -1 8
-1 -1 19
42 -1 39
-1 -1 -1
44 0 -1
1 -1 8
24 42 39
-1 -1 40
-1 -1 5
26 -1 -1
-1 44 28
-1 -1 21
34 31 18
21 -1 24
-1 -1 -1
-1 25 -1
4 22 -1
-1 -1 0
-1 -1 -1
37 -1 23
-1 -1 -1
23 -1 44
32 -1 32
-1 8 28
7 32 35
6 -1 5
-1 -1 -1
-1 -1 -1
10 7 25
43 11 -1
-1 8 1
18 -1 27
45 2 30
39 17 -1
27 -1 23
-1 -1 -1
-1 33 23
15 -1 -1
44 -1 4
-1 -1 13
-1 -1 -1
-1 7 -1
25 -1 19
9 -1 41
-1 12 19
-1 13 12
27 -1 -1
6 32 16
13 -1 38
25 -1 11
45 30 7
45 39 12
11 -1 24
19 6 -1
3 -1 33
22 21 2
-1 29 44
24 6 -1
-1 20 -1
-1 16 31
45 -1 -1
-1 -1 -1
-1 -1 2
-1 34 18
43 21 22
19 10 12
-1 29 39
9 -1 -1
-1 28 15
9 28 4
-1 -1 45
17 -1 33
9 -1 27
-1 12 10
-1 -1 -1
14 31 37
10 -1 9
-1 6 7
-1 -1 44
-1 -1 36
24 -1 44
-1 -1 -1
25 42 13
41 39 -1
-1 -1 -1
-1 7 5
1 -1 25
-1 -1 45
-1 -1 27
31 -1 -1
42 -1 34
15 -1 11
17 22 -1
-1 -1 4
20 -1 20
-1 1 -1
19 -1 -1
28 0 2
0 29 15
5 -1 27
-1 38 43
-1 -1 -1
39 7 25
43 -1 -1
3 25 23
-1 -1 1
2 2 24
41 -1 25
-1 -1 29
-1 -1 1
24 -1 32
-1 7 27
-1 31 -1
-1 -1 43
-1 -1 3
-1 14 35
-1 -1 -1
33 7 26
-1 -1 6
23 2 -1
13 21 45
38 -1 37
7 21 26
44 -1 32
-1 39 28
37 29 15
-1 -1 17
23 -1 44
-1 -1 36
11 -1 -1
42 -1 11
12 3 15
44 -1 17
41 2 25
36 16 0
6 -1 -1
23 -1 -1
30 18 -1
-1 -1 42
6 -1 32
-1 9 44
4 -1 32
1 27 -1
10 -1 27
11 17 14
-1 -1 40
44 -1 9
35 -1 12
39 -1 -1
18 -1 35
38 -1 23
20 26 37
15 33 34
-1 -1 8
38 -1 -1
44 11 -1
12 11 -1
40 38 41
20 11 -1
-1 28 -1
35 37 23
40 3 3
-1 41 31
-1 -1 -1
-1 1 2
-1 -1 -1
-1 -1 40
38 -1 -1
28 -1 -1
-1 -1 0
-1 -1 -1
-1 -1 -1
-1 15 11
16 -1 -1
-1 -1 4
17 -1 22
-1 -1 43
-1 -1 41
-1 1 34
7 -1 8
16 -1 21
-1 -1 16
6 -1 37
-1 -1 -1
-1 -1 36
-1 0 32
3 -1 31
22 0 -1
-1 -1 -1
34 41 -1
-1 21 41
40 -1 18
39 -1 -1
-1 -1 -1
-1 29 5
-1 34 6
21 -1 39
10 -1 23
-1 -1 -1
21 -1 26
-1 -1 23
29 11 12
-1 -1 42
-1 18 44
23 10 28
-1 -1 37
35 -1 9
-1 -1 7
-1 -1 -1
-1 -1 15
-1 20 -1
-1 22 -1
44 -1 13
17 -1 10
42 -1 15
15 -1 -1
-1 45 -1
-1 -1 24
-1 -1 -1
-1 -1 40
4 6 27
13 -1 24
-1 -1 13
16 -1 17
-1 21 12
-1 -1 -1
-1 -1 -1
-1 -1 -1
19 -1 -1
-1 26 7
42 39 -1
-1 -1 18
9 7 -1
44 18 31
30 -1 24
-1 -1 41
-1 -1 41
-1 2 13
20 -1 9
37 -1 -1
-1 13 -1
-1 -1 6
42 28 12
23 27 22
8 19 20
21 -1 20
13 43 13
38 -1 -1
31 -1 -1
1 -1 21
13 -1 38
-1 -1 20
15 -1 25
25 26 -1
0 -1 -1
-1 29 32
7 40 0
-1 -1 -1
-1 30 7
-1 2 23
29 -1 -1
31 -1 -1
25 7 -1
41 -1 15
-1 36 30
-1 -1 36
-1 24 12
-1 -1 30
-1 -1 -1
39 -1 33
19 -1 29
-1 2 16
11 -1 32
-1 29 25
-1 39 23
5 -1 32
-1 -1 -1
40 -1 -1
21 -1 -1
6 37 -1
22 39 12
-1 0 -1
-1 -1 35
-1 3 -1
10 -1 43
-1 35 24
11 -1 15
-1 -1 11
15 40 -1
-1 -1 10
-1 10 22
-1 -1 13
-1 29 4
-1 -1 8
-1 23 22
12 -1 -1
-1 -1 -1
34 18 6
22 -1 15
0 -1 10
28 -1 5
20 13 -1
17 -1 43
14 -1 28
41 -1 41
18 -1 37
14 37 36
16 10 -1
-1 -1 3
18 6 37
36 -1 20
9 13 45
2 45 2
-1 12 -1
-1 40 29
-1 -1 11
11 -1 26
10 -1 -1
-1 30 14
-1 23 45
36 31 -1
39 -1 -1
-1 10 -1
0 16 29
-1 -1 -1
5 -1 7
29 -1 -1
22 -1 13
-1 39 -1
25 -1 39
1 -1 4
2 -1 38
-1 -1 8
6 38 38
17 33 -1
-1 -1 -1
-1 -1 -1
7 -1 43
34 14 -1
42 5 5
-1 8 -1
10 18 -1
-1 34 -1
19 43 35
-1 16 -1
13 -1 34
9 -1 22
-1 3 -1
-1 -1 11
-1 42 15
-1 -1 -1
23 -1 42
-1 42 -1
-1 25 -1
19 -1 16
-1 -1 -1
-1 -1 21
-1 -1 30
15 22 13
31 10 25
-1 38 41
2 -1 6
41 3 -1
-1 35 19
-1 -1 27
-1 -1 12
-1 33 12
-1 -1 30
20 -1 32
39 40 23
-1 -1 27
-1 -1 -1
-1 -1 -1
25 -1 35
-1 -1 15
26 17 30
45 27 15
-1 -1 26
28 -1 36
2 -1 -1
21 -1 -1
23 28 16
5 -1 -1
-1 -1 -1
-1 -1 -1
-1 15 19
22 26 1
27 -1 6
-1 35 27