BEGIN SIMULATION: Basic Pipeline simulation
Operands Cycle: 1, Results Cycle: 4, Starting Instruction: 1, Ending Instruction: 10, Trace File: traceFiles/random-regs-10K.trace
Trace file opened successfully
IF 
ID IF 
EX ID IF 
ME EX ID IF 
WB ME EX ID IF 
   WB ME EX ID IF 
      WB ME EX ID IF 
         WB ME EX ID IF 
            WB ME EX ID IF 
               WB ME EX ID IF 
                  WB ME EX ID 
                     WB ME EX 
                        WB ME 
                           WB 
                              
Analysis of the simulation: 
Number of instructions executed: 10000
Expected Number of cycles when unpipelined: 50000
Number of stall cycles: 426
Number of cycles in the pipeline simulation: 10430
Average number of stalls per instruction: 0.0426
Speedup: 479.386%
End SIMULATION
