BEGIN SIMULATION: Basic Pipeline simulation
Operands Cycle: 1, Results Cycle: 4, Starting Instruction: 1, Ending Instruction: 10, Trace File: traceFiles/gcc-10k-regs-b.trace
Trace file opened successfully
IF 
ID IF 
EX ** 
ME ** 
WB ID IF 
   EX ID IF 
   ME EX ID IF 
   WB ME EX ** 
      WB ME ** 
         WB ID IF 
            EX ID IF 
            ME EX ID IF 
            WB ME EX ** 
               WB ME ** 
                  WB ID IF 
                     EX ** 
                     ME ** 
                     WB ID IF 
                        EX ID 
                        ME EX 
                        WB ME 
                           WB 
                              
Analysis of the simulation: 
Number of instructions executed: 10000
Expected Number of cycles when unpipelined: 50000
Number of stall cycles: 7446
Number of cycles in the pipeline simulation: 17450
Average number of stalls per instruction: 0.7446
Speedup: 286.533%
End SIMULATION
